TpTrace Verbose: 0 : 22684, 1, 2024/02/25, 19:16:33.233, 2456711093484, testhost.dll, Version: 17.7.1 Current process architecture: X64
TpTrace Verbose: 0 : 22684, 1, 2024/02/25, 19:16:33.236, 2456711129160, testhost.dll, Runtime location: C:\Program Files\dotnet\shared\Microsoft.NETCore.App\7.0.11
TpTrace Information: 0 : 22684, 1, 2024/02/25, 19:16:33.240, 2456711165212, testhost.dll, DefaultEngineInvoker.Invoke: Testhost process started with args :[--port, 60502],[--endpoint, 127.0.0.1:060502],[--role, client],[--parentprocessid, 28952],[--diag, C:\Users\79024\Documents\ВШЭ\Программирование\Lab10\TestCarLibrary\bin\Debug\net7.0\fine-code-coverage\coverage-tool-output\diagnostics.host.24-02-25_19-16-32_82273_5.log],[--tracelevel, 4],[--datacollectionport, 60501],[--telemetryoptedin, false]
TpTrace Information: 0 : 22684, 1, 2024/02/25, 19:16:33.241, 2456711174926, testhost.dll, Setting up debug trace listener.
TpTrace Verbose: 0 : 22684, 1, 2024/02/25, 19:16:33.241, 2456711177604, testhost.dll, TestPlatformTraceListener.Setup: Replacing listener System.Diagnostics.DefaultTraceListener with TestHostTraceListener.
TpTrace Verbose: 0 : 22684, 1, 2024/02/25, 19:16:33.241, 2456711179353, testhost.dll, TestPlatformTraceListener.Setup: Added test platform trace listener.
TpTrace Information: 0 : 22684, 1, 2024/02/25, 19:16:33.242, 2456711183618, testhost.dll, DefaultEngineInvoker.SetParentProcessExitCallback: Monitoring parent process with id: '28952'
TpTrace Information: 0 : 22684, 1, 2024/02/25, 19:16:33.247, 2456711234800, testhost.dll, DefaultEngineInvoker.GetConnectionInfo: Initialize communication on endpoint address: '127.0.0.1:060502'
TpTrace Information: 0 : 22684, 1, 2024/02/25, 19:16:33.261, 2456711380044, testhost.dll, SocketClient.Start: connecting to server endpoint: 127.0.0.1:060502
TpTrace Information: 0 : 22684, 1, 2024/02/25, 19:16:33.272, 2456711485190, testhost.dll, DefaultEngineInvoker.ConnectToDatacollector: Connecting to datacollector, port: 60501
TpTrace Information: 0 : 22684, 9, 2024/02/25, 19:16:33.273, 2456711499412, testhost.dll, SocketClient.OnServerConnected: connected to server endpoint: 127.0.0.1:060502
TpTrace Information: 0 : 22684, 1, 2024/02/25, 19:16:33.274, 2456711502395, testhost.dll, Trying to connect to server on socket : 127.0.0.1:60501 
TpTrace Verbose: 0 : 22684, 1, 2024/02/25, 19:16:33.274, 2456711506720, testhost.dll, SocketCommunicationManager : SetupClientAsync : Attempting to connect to the server.
TpTrace Information: 0 : 22684, 10, 2024/02/25, 19:16:33.277, 2456711537945, testhost.dll, Connected to the server successfully 
TpTrace Information: 0 : 22684, 10, 2024/02/25, 19:16:33.277, 2456711539825, testhost.dll, Using the buffer size of 16384 bytes
TpTrace Verbose: 0 : 22684, 9, 2024/02/25, 19:16:33.277, 2456711538886, testhost.dll, MulticastDelegateUtilities.SafeInvoke: SocketClient: ServerConnected: Invoking callback 1/1 for Microsoft.VisualStudio.TestPlatform.CommunicationUtilities.TestRequestHandler., took 1 ms.
TpTrace Verbose: 0 : 22684, 1, 2024/02/25, 19:16:33.277, 2456711541803, testhost.dll, SocketCommunicationManager.WaitForServerConnection took: 0 ms, with 90000 ms timeout, and finished with True.
TpTrace Verbose: 0 : 22684, 9, 2024/02/25, 19:16:33.277, 2456711541873, testhost.dll, Connected to server, and starting MessageLoopAsync
TpTrace Information: 0 : 22684, 1, 2024/02/25, 19:16:33.278, 2456711544254, testhost.dll, DefaultEngineInvoker.Invoke: Start Request Processing.
TpTrace Information: 0 : 22684, 12, 2024/02/25, 19:16:33.279, 2456711560352, testhost.dll, DefaultEngineInvoker.StartProcessingAsync: Connected to vstest.console, Starting process requests.
TpTrace Verbose: 0 : 22684, 10, 2024/02/25, 19:16:33.280, 2456711567202, testhost.dll, TcpClientExtensions.MessageLoopAsync: Polling on remoteEndPoint: [::ffff:127.0.0.1]:60502 localEndPoint: [::ffff:127.0.0.1]:60503
TpTrace Verbose: 0 : 22684, 10, 2024/02/25, 19:16:33.280, 2456711569002, testhost.dll, TcpClientExtensions.MessageLoopAsync: NotifyDataAvailable remoteEndPoint: [::ffff:127.0.0.1]:60502 localEndPoint: [::ffff:127.0.0.1]:60503
TpTrace Information: 0 : 22684, 10, 2024/02/25, 19:16:33.286, 2456711625064, testhost.dll, TestRequestHandler.OnMessageReceived: received message: (ProtocolVersion) -> {"MessageType":"ProtocolVersion","Payload":7}
TpTrace Verbose: 0 : 22684, 10, 2024/02/25, 19:16:33.568, 2456714451281, testhost.dll, TestRequestHandler.SendData: sending data from testhost: {"Version":7,"MessageType":"TestSession.Message","Payload":{"MessageLevel":0,"Message":"Ведение журналов диагностики TestHost в файле: C:\\Users\\79024\\Documents\\ВШЭ\\Программирование\\Lab10\\TestCarLibrary\\bin\\Debug\\net7.0\\fine-code-coverage\\coverage-tool-output\\diagnostics.host.24-02-25_19-16-32_82273_5.log"}}
TpTrace Verbose: 0 : 22684, 10, 2024/02/25, 19:16:33.569, 2456714457774, testhost.dll, MulticastDelegateUtilities.SafeInvoke: LengthPrefixCommunicationChannel: MessageReceived: Invoking callback 1/1 for Microsoft.VisualStudio.TestPlatform.CommunicationUtilities.TestRequestHandler., took 287 ms.
TpTrace Verbose: 0 : 22684, 10, 2024/02/25, 19:16:33.570, 2456714462484, testhost.dll, TcpClientExtensions.MessageLoopAsync: Polling on remoteEndPoint: [::ffff:127.0.0.1]:60502 localEndPoint: [::ffff:127.0.0.1]:60503
TpTrace Verbose: 0 : 22684, 10, 2024/02/25, 19:16:33.570, 2456714465049, testhost.dll, TcpClientExtensions.MessageLoopAsync: NotifyDataAvailable remoteEndPoint: [::ffff:127.0.0.1]:60502 localEndPoint: [::ffff:127.0.0.1]:60503
TpTrace Information: 0 : 22684, 10, 2024/02/25, 19:16:33.571, 2456714475386, testhost.dll, TestRequestHandler.OnMessageReceived: received message: (TestExecution.Initialize) -> {"Version":7,"MessageType":"TestExecution.Initialize","Payload":["C:\\Users\\79024\\Documents\\ВШЭ\\Программирование\\Lab10\\TestCarLibrary\\bin\\Debug\\net7.0\\fine-code-coverage\\build-output\\Microsoft.VisualStudio.TestPlatform.MSTest.TestAdapter.dll"]}
TpTrace Verbose: 0 : 22684, 10, 2024/02/25, 19:16:33.598, 2456714751869, testhost.dll, MulticastDelegateUtilities.SafeInvoke: LengthPrefixCommunicationChannel: MessageReceived: Invoking callback 1/1 for Microsoft.VisualStudio.TestPlatform.CommunicationUtilities.TestRequestHandler., took 28 ms.
TpTrace Verbose: 0 : 22684, 10, 2024/02/25, 19:16:33.599, 2456714754115, testhost.dll, TcpClientExtensions.MessageLoopAsync: Polling on remoteEndPoint: [::ffff:127.0.0.1]:60502 localEndPoint: [::ffff:127.0.0.1]:60503
TpTrace Verbose: 0 : 22684, 10, 2024/02/25, 19:16:33.599, 2456714755275, testhost.dll, TcpClientExtensions.MessageLoopAsync: NotifyDataAvailable remoteEndPoint: [::ffff:127.0.0.1]:60502 localEndPoint: [::ffff:127.0.0.1]:60503
TpTrace Information: 0 : 22684, 10, 2024/02/25, 19:16:33.599, 2456714757704, testhost.dll, TestRequestHandler.OnMessageReceived: received message: (TestExecution.StartWithSources) -> {"Version":7,"MessageType":"TestExecution.StartWithSources","Payload":{"AdapterSourceMap":{"_none_":["C:\\Users\\79024\\Documents\\ВШЭ\\Программирование\\Lab10\\TestCarLibrary\\bin\\Debug\\net7.0\\fine-code-coverage\\build-output\\TestCarLibrary.dll"]},"RunSettings":"<RunSettings>\r\n  <RunConfiguration>\r\n    <ResultsDirectory>C:\\Users\\79024\\Documents\\ВШЭ\\Программирование\\Lab10\\TestCarLibrary\\bin\\Debug\\net7.0\\fine-code-coverage\\coverage-tool-output</ResultsDirectory>\r\n    <TargetFrameworkVersion>.NETCoreApp,Version=v7.0</TargetFrameworkVersion>\r\n    <DesignMode>False</DesignMode>\r\n    <CollectSourceInformation>False</CollectSourceInformation>\r\n  </RunConfiguration>\r\n  <LoggerRunSettings>\r\n    <Loggers>\r\n      <Logger friendlyName=\"blame\" enabled=\"True\" />\r\n      <Logger friendlyName=\"Console\" uri=\"logger://microsoft/TestPlatform/ConsoleLogger/v1\" assemblyQualifiedName=\"Microsoft.VisualStudio.TestPlatform.CommandLine.Internal.ConsoleLogger, vstest.console, Version=15.0.0.0, Culture=neutral, PublicKeyToken=b03f5f7f11d50a3a\" codeBase=\"C:\\Program Files\\dotnet\\sdk\\7.0.401\\vstest.console.dll\" enabled=\"True\" />\r\n    </Loggers>\r\n  </LoggerRunSettings>\r\n  <DataCollectionRunSettings>\r\n    <DataCollectors>\r\n      <DataCollector friendlyName=\"blame\" enabled=\"True\">\r\n        <Configuration>\r\n          <ResultsDirectory>C:\\Users\\79024\\Documents\\ВШЭ\\Программирование\\Lab10\\TestCarLibrary\\bin\\Debug\\net7.0\\fine-code-coverage\\coverage-tool-output</ResultsDirectory>\r\n        </Configuration>\r\n      </DataCollector>\r\n    </DataCollectors>\r\n  </DataCollectionRunSettings>\r\n</RunSettings>","TestExecutionContext":{"FrequencyOfRunStatsChangeEvent":10,"RunStatsChangeEventTimeout":"00:00:01.5000000","InIsolation":false,"KeepAlive":false,"AreTestCaseLevelEventsRequired":false,"IsDebug":false,"TestCaseFilter":null,"FilterOptions":null},"Package":null}}
TpTrace Information: 0 : 22684, 4, 2024/02/25, 19:16:33.600, 2456714764697, testhost.dll, TestRequestHandler.OnMessageReceived: Running job 'TestExecution.Initialize'.
TpTrace Verbose: 0 : 22684, 4, 2024/02/25, 19:16:33.607, 2456714833697, testhost.dll, TestExecutorService: Loading the extensions
TpTrace Verbose: 0 : 22684, 4, 2024/02/25, 19:16:33.609, 2456714858845, testhost.dll, TestPluginCache.DiscoverTestExtensions: finding test extensions in assemblies ends with: TestAdapter.dll TPluginInfo: Microsoft.VisualStudio.TestPlatform.Common.ExtensionFramework.Utilities.TestExecutorPluginInformation TExtension: Microsoft.VisualStudio.TestPlatform.ObjectModel.Adapter.ITestExecutor
TpTrace Verbose: 0 : 22684, 4, 2024/02/25, 19:16:33.612, 2456714891402, testhost.dll, TestPluginCache.GetExtensionPaths: Filtered extension paths: 
TpTrace Verbose: 0 : 22684, 4, 2024/02/25, 19:16:33.613, 2456714897204, testhost.dll, TestPluginCache.GetExtensionPaths: Added default extension paths: C:\Users\79024\Documents\ВШЭ\Программирование\Lab10\TestCarLibrary\bin\Debug\net7.0\fine-code-coverage\build-output\Microsoft.VisualStudio.TestPlatform.MSTest.TestAdapter.dll
TpTrace Verbose: 0 : 22684, 4, 2024/02/25, 19:16:33.613, 2456714897943, testhost.dll, TestPluginCache.GetExtensionPaths: Added unfilterableExtensionPaths: 
TpTrace Information: 0 : 22684, 4, 2024/02/25, 19:16:33.618, 2456714943822, testhost.dll, AssemblyResolver.ctor: Creating AssemblyResolver with searchDirectories C:\Users\79024\Documents\ВШЭ\Программирование\Lab10\TestCarLibrary\bin\Debug\net7.0\fine-code-coverage\build-output
TpTrace Verbose: 0 : 22684, 4, 2024/02/25, 19:16:33.620, 2456714969175, testhost.dll, TestPluginCache.DiscoverTestExtensions: Discovering the extensions using extension path.
TpTrace Verbose: 0 : 22684, 4, 2024/02/25, 19:16:33.620, 2456714971612, testhost.dll, TestPluginCache.GetExtensionPaths: Filtered extension paths: 
TpTrace Verbose: 0 : 22684, 4, 2024/02/25, 19:16:33.620, 2456714972247, testhost.dll, TestPluginCache.GetExtensionPaths: Added default extension paths: C:\Users\79024\Documents\ВШЭ\Программирование\Lab10\TestCarLibrary\bin\Debug\net7.0\fine-code-coverage\build-output\Microsoft.VisualStudio.TestPlatform.MSTest.TestAdapter.dll
TpTrace Verbose: 0 : 22684, 4, 2024/02/25, 19:16:33.621, 2456714972715, testhost.dll, TestPluginCache.GetExtensionPaths: Added unfilterableExtensionPaths: 
TpTrace Verbose: 0 : 22684, 4, 2024/02/25, 19:16:33.621, 2456714973987, testhost.dll, TestPluginCache.DiscoverTestExtensions: Discovering the extensions using allExtensionPaths: C:\Users\79024\Documents\ВШЭ\Программирование\Lab10\TestCarLibrary\bin\Debug\net7.0\fine-code-coverage\build-output\Microsoft.VisualStudio.TestPlatform.MSTest.TestAdapter.dll
TpTrace Information: 0 : 22684, 4, 2024/02/25, 19:16:33.621, 2456714981417, testhost.dll, AssemblyResolver.AddSearchDirectories: Adding more searchDirectories C:\Users\79024\Documents\ВШЭ\Программирование\Lab10\TestCarLibrary\bin\Debug\net7.0\fine-code-coverage\build-output
TpTrace Information: 0 : 22684, 4, 2024/02/25, 19:16:33.625, 2456715014412, testhost.dll, AssemblyResolver.OnResolve: Microsoft.VisualStudio.TestPlatform.MSTest.TestAdapter: Resolving assembly.
TpTrace Information: 0 : 22684, 4, 2024/02/25, 19:16:33.625, 2456715016619, testhost.dll, AssemblyResolver.OnResolve: Microsoft.VisualStudio.TestPlatform.MSTest.TestAdapter: Searching in: 'C:\Users\79024\Documents\ВШЭ\Программирование\Lab10\TestCarLibrary\bin\Debug\net7.0\fine-code-coverage\build-output'.
TpTrace Information: 0 : 22684, 4, 2024/02/25, 19:16:33.648, 2456715250186, testhost.dll, AssemblyResolver.OnResolve: Microsoft.VisualStudio.TestPlatform.MSTest.TestAdapter: Loading assembly 'C:\Users\79024\Documents\ВШЭ\Программирование\Lab10\TestCarLibrary\bin\Debug\net7.0\fine-code-coverage\build-output\Microsoft.VisualStudio.TestPlatform.MSTest.TestAdapter.dll'.
TpTrace Verbose: 0 : 22684, 10, 2024/02/25, 19:16:33.649, 2456715253647, testhost.dll, MulticastDelegateUtilities.SafeInvoke: LengthPrefixCommunicationChannel: MessageReceived: Invoking callback 1/1 for Microsoft.VisualStudio.TestPlatform.CommunicationUtilities.TestRequestHandler., took 49 ms.
TpTrace Verbose: 0 : 22684, 10, 2024/02/25, 19:16:33.649, 2456715255338, testhost.dll, TcpClientExtensions.MessageLoopAsync: Polling on remoteEndPoint: [::ffff:127.0.0.1]:60502 localEndPoint: [::ffff:127.0.0.1]:60503
TpTrace Information: 0 : 22684, 4, 2024/02/25, 19:16:33.651, 2456715272502, testhost.dll, AssemblyResolver.OnResolve: Resolved assembly: Microsoft.VisualStudio.TestPlatform.MSTest.TestAdapter, from path: C:\Users\79024\Documents\ВШЭ\Программирование\Lab10\TestCarLibrary\bin\Debug\net7.0\fine-code-coverage\build-output\Microsoft.VisualStudio.TestPlatform.MSTest.TestAdapter.dll
TpTrace Verbose: 0 : 22684, 4, 2024/02/25, 19:16:33.689, 2456715658282, testhost.dll, MetadataReaderExtensionsHelper: Discovering extensions inside assembly 'Microsoft.VisualStudio.TestPlatform.MSTest.TestAdapter, Version=14.0.0.0, Culture=neutral, PublicKeyToken=b03f5f7f11d50a3a' file path 'C:\Users\79024\Documents\ВШЭ\Программирование\Lab10\TestCarLibrary\bin\Debug\net7.0\fine-code-coverage\build-output\Microsoft.VisualStudio.TestPlatform.MSTest.TestAdapter.dll'
TpTrace Information: 0 : 22684, 4, 2024/02/25, 19:16:33.697, 2456715741196, testhost.dll, GetTestExtensionFromType: Register extension with identifier data 'executor://MSTestAdapter/v2' and type 'Microsoft.VisualStudio.TestPlatform.MSTest.TestAdapter.MSTestExecutor, Microsoft.VisualStudio.TestPlatform.MSTest.TestAdapter, Version=14.0.0.0, Culture=neutral, PublicKeyToken=b03f5f7f11d50a3a' inside file 'C:\Users\79024\Documents\ВШЭ\Программирование\Lab10\TestCarLibrary\bin\Debug\net7.0\fine-code-coverage\build-output\Microsoft.VisualStudio.TestPlatform.MSTest.TestAdapter.dll'
TpTrace Verbose: 0 : 22684, 4, 2024/02/25, 19:16:33.701, 2456715781783, testhost.dll, TestPluginCache: Discovered the extensions using extension path ''.
TpTrace Verbose: 0 : 22684, 4, 2024/02/25, 19:16:33.703, 2456715795387, testhost.dll, TestPluginCache: Discoverers are ''.
TpTrace Verbose: 0 : 22684, 4, 2024/02/25, 19:16:33.703, 2456715797487, testhost.dll, TestPluginCache: Executors are 'executor://MSTestAdapter/v2'.
TpTrace Verbose: 0 : 22684, 4, 2024/02/25, 19:16:33.703, 2456715798796, testhost.dll, TestPluginCache: Executors2 are ''.
TpTrace Verbose: 0 : 22684, 4, 2024/02/25, 19:16:33.703, 2456715800068, testhost.dll, TestPluginCache: Setting providers are ''.
TpTrace Verbose: 0 : 22684, 4, 2024/02/25, 19:16:33.703, 2456715802259, testhost.dll, TestPluginCache: Loggers are ''.
TpTrace Verbose: 0 : 22684, 4, 2024/02/25, 19:16:33.704, 2456715803848, testhost.dll, TestPluginCache: TestHosts are ''.
TpTrace Verbose: 0 : 22684, 4, 2024/02/25, 19:16:33.704, 2456715804964, testhost.dll, TestPluginCache: DataCollectors are ''.
TpTrace Verbose: 0 : 22684, 4, 2024/02/25, 19:16:33.708, 2456715842598, testhost.dll, TestPluginCache.DiscoverTestExtensions: finding test extensions in assemblies ends with: TestAdapter.dll TPluginInfo: Microsoft.VisualStudio.TestPlatform.Common.ExtensionFramework.Utilities.TestExecutorPluginInformation2 TExtension: Microsoft.VisualStudio.TestPlatform.ObjectModel.Adapter.ITestExecutor2
TpTrace Verbose: 0 : 22684, 4, 2024/02/25, 19:16:33.708, 2456715850272, testhost.dll, TestPluginCache.GetExtensionPaths: Filtered extension paths: 
TpTrace Verbose: 0 : 22684, 4, 2024/02/25, 19:16:33.708, 2456715851504, testhost.dll, TestPluginCache.GetExtensionPaths: Added default extension paths: C:\Users\79024\Documents\ВШЭ\Программирование\Lab10\TestCarLibrary\bin\Debug\net7.0\fine-code-coverage\build-output\Microsoft.VisualStudio.TestPlatform.MSTest.TestAdapter.dll
TpTrace Verbose: 0 : 22684, 4, 2024/02/25, 19:16:33.708, 2456715852051, testhost.dll, TestPluginCache.GetExtensionPaths: Added unfilterableExtensionPaths: 
TpTrace Information: 0 : 22684, 4, 2024/02/25, 19:16:33.709, 2456715856265, testhost.dll, AssemblyResolver.AddSearchDirectories: Adding more searchDirectories C:\Users\79024\Documents\ВШЭ\Программирование\Lab10\TestCarLibrary\bin\Debug\net7.0\fine-code-coverage\build-output
TpTrace Verbose: 0 : 22684, 4, 2024/02/25, 19:16:33.709, 2456715857177, testhost.dll, TestPluginCache.DiscoverTestExtensions: Discovering the extensions using extension path.
TpTrace Verbose: 0 : 22684, 4, 2024/02/25, 19:16:33.709, 2456715857717, testhost.dll, TestPluginCache.GetExtensionPaths: Filtered extension paths: 
TpTrace Verbose: 0 : 22684, 4, 2024/02/25, 19:16:33.709, 2456715858221, testhost.dll, TestPluginCache.GetExtensionPaths: Added default extension paths: C:\Users\79024\Documents\ВШЭ\Программирование\Lab10\TestCarLibrary\bin\Debug\net7.0\fine-code-coverage\build-output\Microsoft.VisualStudio.TestPlatform.MSTest.TestAdapter.dll
TpTrace Verbose: 0 : 22684, 4, 2024/02/25, 19:16:33.709, 2456715858699, testhost.dll, TestPluginCache.GetExtensionPaths: Added unfilterableExtensionPaths: 
TpTrace Verbose: 0 : 22684, 4, 2024/02/25, 19:16:33.709, 2456715859217, testhost.dll, TestPluginCache.DiscoverTestExtensions: Discovering the extensions using allExtensionPaths: C:\Users\79024\Documents\ВШЭ\Программирование\Lab10\TestCarLibrary\bin\Debug\net7.0\fine-code-coverage\build-output\Microsoft.VisualStudio.TestPlatform.MSTest.TestAdapter.dll
TpTrace Information: 0 : 22684, 4, 2024/02/25, 19:16:33.709, 2456715860053, testhost.dll, AssemblyResolver.AddSearchDirectories: Adding more searchDirectories C:\Users\79024\Documents\ВШЭ\Программирование\Lab10\TestCarLibrary\bin\Debug\net7.0\fine-code-coverage\build-output
TpTrace Verbose: 0 : 22684, 4, 2024/02/25, 19:16:33.709, 2456715861101, testhost.dll, MetadataReaderExtensionsHelper: Discovering extensions inside assembly 'Microsoft.VisualStudio.TestPlatform.MSTest.TestAdapter, Version=14.0.0.0, Culture=neutral, PublicKeyToken=b03f5f7f11d50a3a' file path 'C:\Users\79024\Documents\ВШЭ\Программирование\Lab10\TestCarLibrary\bin\Debug\net7.0\fine-code-coverage\build-output\Microsoft.VisualStudio.TestPlatform.MSTest.TestAdapter.dll'
TpTrace Verbose: 0 : 22684, 4, 2024/02/25, 19:16:33.711, 2456715875938, testhost.dll, TestPluginCache: Discovered the extensions using extension path ''.
TpTrace Verbose: 0 : 22684, 4, 2024/02/25, 19:16:33.711, 2456715877300, testhost.dll, TestPluginCache: Discoverers are ''.
TpTrace Verbose: 0 : 22684, 4, 2024/02/25, 19:16:33.711, 2456715877936, testhost.dll, TestPluginCache: Executors are 'executor://MSTestAdapter/v2'.
TpTrace Verbose: 0 : 22684, 4, 2024/02/25, 19:16:33.711, 2456715879037, testhost.dll, TestPluginCache: Executors2 are ''.
TpTrace Verbose: 0 : 22684, 4, 2024/02/25, 19:16:33.711, 2456715879761, testhost.dll, TestPluginCache: Setting providers are ''.
TpTrace Verbose: 0 : 22684, 4, 2024/02/25, 19:16:33.711, 2456715880289, testhost.dll, TestPluginCache: Loggers are ''.
TpTrace Verbose: 0 : 22684, 4, 2024/02/25, 19:16:33.711, 2456715880737, testhost.dll, TestPluginCache: TestHosts are ''.
TpTrace Verbose: 0 : 22684, 4, 2024/02/25, 19:16:33.711, 2456715881338, testhost.dll, TestPluginCache: DataCollectors are ''.
TpTrace Information: 0 : 22684, 4, 2024/02/25, 19:16:33.718, 2456715948334, testhost.dll, TestPluginManager.CreateTestExtension: Attempting to load test extension: Microsoft.VisualStudio.TestPlatform.MSTest.TestAdapter.MSTestExecutor
TpTrace Verbose: 0 : 22684, 4, 2024/02/25, 19:16:33.733, 2456716100081, testhost.dll, TestExecutorExtensionManager: Loading executor Microsoft.VisualStudio.TestPlatform.Common.ExtensionDecorators.SerialTestRunDecorator
TpTrace Verbose: 0 : 22684, 4, 2024/02/25, 19:16:33.734, 2456716103744, testhost.dll, TestExecutorService: Loaded the executors
TpTrace Verbose: 0 : 22684, 4, 2024/02/25, 19:16:33.735, 2456716114008, testhost.dll, TestPluginCache.DiscoverTestExtensions: finding test extensions in assemblies ends with: TestAdapter.dll TPluginInfo: Microsoft.VisualStudio.TestPlatform.Common.ExtensionFramework.Utilities.TestSettingsProviderPluginInformation TExtension: Microsoft.VisualStudio.TestPlatform.ObjectModel.Adapter.ISettingsProvider
TpTrace Verbose: 0 : 22684, 4, 2024/02/25, 19:16:33.735, 2456716115809, testhost.dll, TestPluginCache.GetExtensionPaths: Filtered extension paths: 
TpTrace Verbose: 0 : 22684, 4, 2024/02/25, 19:16:33.735, 2456716116443, testhost.dll, TestPluginCache.GetExtensionPaths: Added default extension paths: C:\Users\79024\Documents\ВШЭ\Программирование\Lab10\TestCarLibrary\bin\Debug\net7.0\fine-code-coverage\build-output\Microsoft.VisualStudio.TestPlatform.MSTest.TestAdapter.dll
TpTrace Verbose: 0 : 22684, 4, 2024/02/25, 19:16:33.735, 2456716116886, testhost.dll, TestPluginCache.GetExtensionPaths: Added unfilterableExtensionPaths: 
TpTrace Information: 0 : 22684, 4, 2024/02/25, 19:16:33.735, 2456716119122, testhost.dll, AssemblyResolver.AddSearchDirectories: Adding more searchDirectories C:\Users\79024\Documents\ВШЭ\Программирование\Lab10\TestCarLibrary\bin\Debug\net7.0\fine-code-coverage\build-output
TpTrace Verbose: 0 : 22684, 4, 2024/02/25, 19:16:33.735, 2456716119783, testhost.dll, TestPluginCache.DiscoverTestExtensions: Discovering the extensions using extension path.
TpTrace Verbose: 0 : 22684, 4, 2024/02/25, 19:16:33.735, 2456716120694, testhost.dll, TestPluginCache.GetExtensionPaths: Filtered extension paths: 
TpTrace Verbose: 0 : 22684, 4, 2024/02/25, 19:16:33.735, 2456716121418, testhost.dll, TestPluginCache.GetExtensionPaths: Added default extension paths: C:\Users\79024\Documents\ВШЭ\Программирование\Lab10\TestCarLibrary\bin\Debug\net7.0\fine-code-coverage\build-output\Microsoft.VisualStudio.TestPlatform.MSTest.TestAdapter.dll
TpTrace Verbose: 0 : 22684, 4, 2024/02/25, 19:16:33.735, 2456716122115, testhost.dll, TestPluginCache.GetExtensionPaths: Added unfilterableExtensionPaths: 
TpTrace Verbose: 0 : 22684, 4, 2024/02/25, 19:16:33.736, 2456716122874, testhost.dll, TestPluginCache.DiscoverTestExtensions: Discovering the extensions using allExtensionPaths: C:\Users\79024\Documents\ВШЭ\Программирование\Lab10\TestCarLibrary\bin\Debug\net7.0\fine-code-coverage\build-output\Microsoft.VisualStudio.TestPlatform.MSTest.TestAdapter.dll
TpTrace Information: 0 : 22684, 4, 2024/02/25, 19:16:33.736, 2456716125102, testhost.dll, AssemblyResolver.AddSearchDirectories: Adding more searchDirectories C:\Users\79024\Documents\ВШЭ\Программирование\Lab10\TestCarLibrary\bin\Debug\net7.0\fine-code-coverage\build-output
TpTrace Verbose: 0 : 22684, 4, 2024/02/25, 19:16:33.736, 2456716126849, testhost.dll, MetadataReaderExtensionsHelper: Discovering extensions inside assembly 'Microsoft.VisualStudio.TestPlatform.MSTest.TestAdapter, Version=14.0.0.0, Culture=neutral, PublicKeyToken=b03f5f7f11d50a3a' file path 'C:\Users\79024\Documents\ВШЭ\Программирование\Lab10\TestCarLibrary\bin\Debug\net7.0\fine-code-coverage\build-output\Microsoft.VisualStudio.TestPlatform.MSTest.TestAdapter.dll'
TpTrace Verbose: 0 : 22684, 4, 2024/02/25, 19:16:33.737, 2456716139382, testhost.dll, TestPluginCache: Discovered the extensions using extension path ''.
TpTrace Verbose: 0 : 22684, 4, 2024/02/25, 19:16:33.737, 2456716140710, testhost.dll, TestPluginCache: Discoverers are ''.
TpTrace Verbose: 0 : 22684, 4, 2024/02/25, 19:16:33.737, 2456716142232, testhost.dll, TestPluginCache: Executors are 'executor://MSTestAdapter/v2'.
TpTrace Verbose: 0 : 22684, 4, 2024/02/25, 19:16:33.738, 2456716142851, testhost.dll, TestPluginCache: Executors2 are ''.
TpTrace Verbose: 0 : 22684, 4, 2024/02/25, 19:16:33.738, 2456716143508, testhost.dll, TestPluginCache: Setting providers are ''.
TpTrace Verbose: 0 : 22684, 4, 2024/02/25, 19:16:33.738, 2456716143936, testhost.dll, TestPluginCache: Loggers are ''.
TpTrace Verbose: 0 : 22684, 4, 2024/02/25, 19:16:33.738, 2456716144313, testhost.dll, TestPluginCache: TestHosts are ''.
TpTrace Verbose: 0 : 22684, 4, 2024/02/25, 19:16:33.738, 2456716144685, testhost.dll, TestPluginCache: DataCollectors are ''.
TpTrace Verbose: 0 : 22684, 4, 2024/02/25, 19:16:33.739, 2456716157343, testhost.dll, TestExecutorService: Loaded the settings providers
TpTrace Information: 0 : 22684, 4, 2024/02/25, 19:16:33.739, 2456716158726, testhost.dll, TestExecutorService: Loaded the extensions
TpTrace Information: 0 : 22684, 4, 2024/02/25, 19:16:33.740, 2456716165630, testhost.dll, TestRequestHandler.OnMessageReceived: Running job 'TestExecution.StartWithSources'.
TpTrace Verbose: 0 : 22684, 4, 2024/02/25, 19:16:33.858, 2456717351644, testhost.dll, MulticastDelegateUtilities.SafeInvoke: TestCaseEventsHandler.RaiseSessionStart: Invoking callbacks was skipped because there are no subscribers.
TpTrace Information: 0 : 22684, 4, 2024/02/25, 19:16:33.863, 2456717392757, testhost.dll, TestDiscoveryManager: Discovering tests from sources C:\Users\79024\Documents\ВШЭ\Программирование\Lab10\TestCarLibrary\bin\Debug\net7.0\fine-code-coverage\build-output\TestCarLibrary.dll
TpTrace Verbose: 0 : 22684, 4, 2024/02/25, 19:16:33.866, 2456717431634, testhost.dll, TestPluginCache.DiscoverTestExtensions: finding test extensions in assemblies ends with: TestAdapter.dll TPluginInfo: Microsoft.VisualStudio.TestPlatform.Common.ExtensionFramework.Utilities.TestDiscovererPluginInformation TExtension: Microsoft.VisualStudio.TestPlatform.ObjectModel.Adapter.ITestDiscoverer
TpTrace Verbose: 0 : 22684, 4, 2024/02/25, 19:16:33.867, 2456717437277, testhost.dll, TestPluginCache.GetExtensionPaths: Filtered extension paths: 
TpTrace Verbose: 0 : 22684, 4, 2024/02/25, 19:16:33.867, 2456717438609, testhost.dll, TestPluginCache.GetExtensionPaths: Added default extension paths: C:\Users\79024\Documents\ВШЭ\Программирование\Lab10\TestCarLibrary\bin\Debug\net7.0\fine-code-coverage\build-output\Microsoft.VisualStudio.TestPlatform.MSTest.TestAdapter.dll
TpTrace Verbose: 0 : 22684, 4, 2024/02/25, 19:16:33.867, 2456717439089, testhost.dll, TestPluginCache.GetExtensionPaths: Added unfilterableExtensionPaths: 
TpTrace Information: 0 : 22684, 4, 2024/02/25, 19:16:33.867, 2456717441454, testhost.dll, AssemblyResolver.AddSearchDirectories: Adding more searchDirectories C:\Users\79024\Documents\ВШЭ\Программирование\Lab10\TestCarLibrary\bin\Debug\net7.0\fine-code-coverage\build-output
TpTrace Verbose: 0 : 22684, 4, 2024/02/25, 19:16:33.867, 2456717442128, testhost.dll, TestPluginCache.DiscoverTestExtensions: Discovering the extensions using extension path.
TpTrace Verbose: 0 : 22684, 4, 2024/02/25, 19:16:33.868, 2456717442575, testhost.dll, TestPluginCache.GetExtensionPaths: Filtered extension paths: 
TpTrace Verbose: 0 : 22684, 4, 2024/02/25, 19:16:33.868, 2456717442968, testhost.dll, TestPluginCache.GetExtensionPaths: Added default extension paths: C:\Users\79024\Documents\ВШЭ\Программирование\Lab10\TestCarLibrary\bin\Debug\net7.0\fine-code-coverage\build-output\Microsoft.VisualStudio.TestPlatform.MSTest.TestAdapter.dll
TpTrace Verbose: 0 : 22684, 4, 2024/02/25, 19:16:33.868, 2456717443384, testhost.dll, TestPluginCache.GetExtensionPaths: Added unfilterableExtensionPaths: 
TpTrace Verbose: 0 : 22684, 4, 2024/02/25, 19:16:33.868, 2456717443807, testhost.dll, TestPluginCache.DiscoverTestExtensions: Discovering the extensions using allExtensionPaths: C:\Users\79024\Documents\ВШЭ\Программирование\Lab10\TestCarLibrary\bin\Debug\net7.0\fine-code-coverage\build-output\Microsoft.VisualStudio.TestPlatform.MSTest.TestAdapter.dll
TpTrace Information: 0 : 22684, 4, 2024/02/25, 19:16:33.868, 2456717444582, testhost.dll, AssemblyResolver.AddSearchDirectories: Adding more searchDirectories C:\Users\79024\Documents\ВШЭ\Программирование\Lab10\TestCarLibrary\bin\Debug\net7.0\fine-code-coverage\build-output
TpTrace Verbose: 0 : 22684, 4, 2024/02/25, 19:16:33.868, 2456717445848, testhost.dll, MetadataReaderExtensionsHelper: Discovering extensions inside assembly 'Microsoft.VisualStudio.TestPlatform.MSTest.TestAdapter, Version=14.0.0.0, Culture=neutral, PublicKeyToken=b03f5f7f11d50a3a' file path 'C:\Users\79024\Documents\ВШЭ\Программирование\Lab10\TestCarLibrary\bin\Debug\net7.0\fine-code-coverage\build-output\Microsoft.VisualStudio.TestPlatform.MSTest.TestAdapter.dll'
TpTrace Information: 0 : 22684, 4, 2024/02/25, 19:16:33.870, 2456717471376, testhost.dll, GetTestExtensionFromType: Register extension with identifier data 'Microsoft.VisualStudio.TestPlatform.MSTest.TestAdapter.MSTestDiscoverer, Microsoft.VisualStudio.TestPlatform.MSTest.TestAdapter, Version=14.0.0.0, Culture=neutral, PublicKeyToken=b03f5f7f11d50a3a' and type 'Microsoft.VisualStudio.TestPlatform.MSTest.TestAdapter.MSTestDiscoverer, Microsoft.VisualStudio.TestPlatform.MSTest.TestAdapter, Version=14.0.0.0, Culture=neutral, PublicKeyToken=b03f5f7f11d50a3a' inside file 'C:\Users\79024\Documents\ВШЭ\Программирование\Lab10\TestCarLibrary\bin\Debug\net7.0\fine-code-coverage\build-output\Microsoft.VisualStudio.TestPlatform.MSTest.TestAdapter.dll'
TpTrace Verbose: 0 : 22684, 4, 2024/02/25, 19:16:33.871, 2456717473889, testhost.dll, TestPluginCache: Discovered the extensions using extension path ''.
TpTrace Verbose: 0 : 22684, 4, 2024/02/25, 19:16:33.871, 2456717474786, testhost.dll, TestPluginCache: Discoverers are 'Microsoft.VisualStudio.TestPlatform.MSTest.TestAdapter.MSTestDiscoverer, Microsoft.VisualStudio.TestPlatform.MSTest.TestAdapter, Version=14.0.0.0, Culture=neutral, PublicKeyToken=b03f5f7f11d50a3a'.
TpTrace Verbose: 0 : 22684, 4, 2024/02/25, 19:16:33.871, 2456717475312, testhost.dll, TestPluginCache: Executors are 'executor://MSTestAdapter/v2'.
TpTrace Verbose: 0 : 22684, 4, 2024/02/25, 19:16:33.871, 2456717475728, testhost.dll, TestPluginCache: Executors2 are ''.
TpTrace Verbose: 0 : 22684, 4, 2024/02/25, 19:16:33.871, 2456717476126, testhost.dll, TestPluginCache: Setting providers are ''.
TpTrace Verbose: 0 : 22684, 4, 2024/02/25, 19:16:33.871, 2456717476504, testhost.dll, TestPluginCache: Loggers are ''.
TpTrace Verbose: 0 : 22684, 4, 2024/02/25, 19:16:33.871, 2456717476876, testhost.dll, TestPluginCache: TestHosts are ''.
TpTrace Verbose: 0 : 22684, 4, 2024/02/25, 19:16:33.871, 2456717477243, testhost.dll, TestPluginCache: DataCollectors are ''.
TpTrace Verbose: 0 : 22684, 4, 2024/02/25, 19:16:33.879, 2456717559437, testhost.dll, BaseRunTests.RunTestInternalWithExecutors: Running tests for executor://MSTestAdapter/v2
TpTrace Information: 0 : 22684, 4, 2024/02/25, 19:16:33.888, 2456717650652, testhost.dll, AssemblyResolver.OnResolve: Microsoft.VisualStudio.TestPlatform.MSTestAdapter.PlatformServices.Interface: Resolving assembly.
TpTrace Information: 0 : 22684, 4, 2024/02/25, 19:16:33.889, 2456717652527, testhost.dll, AssemblyResolver.OnResolve: Microsoft.VisualStudio.TestPlatform.MSTestAdapter.PlatformServices.Interface: Searching in: 'C:\Users\79024\Documents\ВШЭ\Программирование\Lab10\TestCarLibrary\bin\Debug\net7.0\fine-code-coverage\build-output'.
TpTrace Information: 0 : 22684, 4, 2024/02/25, 19:16:33.889, 2456717660762, testhost.dll, AssemblyResolver.OnResolve: Microsoft.VisualStudio.TestPlatform.MSTestAdapter.PlatformServices.Interface: Loading assembly 'C:\Users\79024\Documents\ВШЭ\Программирование\Lab10\TestCarLibrary\bin\Debug\net7.0\fine-code-coverage\build-output\Microsoft.VisualStudio.TestPlatform.MSTestAdapter.PlatformServices.Interface.dll'.
TpTrace Information: 0 : 22684, 4, 2024/02/25, 19:16:33.890, 2456717669290, testhost.dll, AssemblyResolver.OnResolve: Resolved assembly: Microsoft.VisualStudio.TestPlatform.MSTestAdapter.PlatformServices.Interface, from path: C:\Users\79024\Documents\ВШЭ\Программирование\Lab10\TestCarLibrary\bin\Debug\net7.0\fine-code-coverage\build-output\Microsoft.VisualStudio.TestPlatform.MSTestAdapter.PlatformServices.Interface.dll
TpTrace Information: 0 : 22684, 4, 2024/02/25, 19:16:33.892, 2456717688590, testhost.dll, AssemblyResolver.OnResolve: Microsoft.VisualStudio.TestPlatform.MSTestAdapter.PlatformServices: Resolving assembly.
TpTrace Information: 0 : 22684, 4, 2024/02/25, 19:16:33.892, 2456717690305, testhost.dll, AssemblyResolver.OnResolve: Microsoft.VisualStudio.TestPlatform.MSTestAdapter.PlatformServices: Searching in: 'C:\Users\79024\Documents\ВШЭ\Программирование\Lab10\TestCarLibrary\bin\Debug\net7.0\fine-code-coverage\build-output'.
TpTrace Information: 0 : 22684, 4, 2024/02/25, 19:16:33.893, 2456717699531, testhost.dll, AssemblyResolver.OnResolve: Microsoft.VisualStudio.TestPlatform.MSTestAdapter.PlatformServices: Loading assembly 'C:\Users\79024\Documents\ВШЭ\Программирование\Lab10\TestCarLibrary\bin\Debug\net7.0\fine-code-coverage\build-output\Microsoft.VisualStudio.TestPlatform.MSTestAdapter.PlatformServices.dll'.
TpTrace Information: 0 : 22684, 4, 2024/02/25, 19:16:33.895, 2456717717271, testhost.dll, AssemblyResolver.OnResolve: Resolved assembly: Microsoft.VisualStudio.TestPlatform.MSTestAdapter.PlatformServices, from path: C:\Users\79024\Documents\ВШЭ\Программирование\Lab10\TestCarLibrary\bin\Debug\net7.0\fine-code-coverage\build-output\Microsoft.VisualStudio.TestPlatform.MSTestAdapter.PlatformServices.dll
TpTrace Information: 0 : 22684, 4, 2024/02/25, 19:16:33.896, 2456717725636, testhost.dll, MSTest - MSTestExecutor.RunTests: Running tests from sources.
TpTrace Information: 0 : 22684, 4, 2024/02/25, 19:16:33.902, 2456717790662, testhost.dll, MSTest - CollectSourceInformation value Found : False 
TpTrace Information: 0 : 22684, 4, 2024/02/25, 19:16:33.930, 2456718063342, testhost.dll, MSTest - DictionaryHelper.ConcatWithOverwrites: The source is null or empty, returning the overwrite dictionary.
TpTrace Information: 0 : 22684, 4, 2024/02/25, 19:16:33.938, 2456718143902, testhost.dll, MSTest - DictionaryHelper.ConcatWithOverwrites: The source is null or empty, returning the overwrite dictionary.
TpTrace Information: 0 : 22684, 4, 2024/02/25, 19:16:33.938, 2456718149596, testhost.dll, MSTest - DictionaryHelper.ConcatWithOverwrites: The source is null or empty, returning the overwrite dictionary.
TpTrace Information: 0 : 22684, 4, 2024/02/25, 19:16:33.939, 2456718154065, testhost.dll, MSTest - DictionaryHelper.ConcatWithOverwrites: The source is null or empty, returning the overwrite dictionary.
TpTrace Information: 0 : 22684, 4, 2024/02/25, 19:16:33.946, 2456718229157, testhost.dll, AssemblyResolver.OnResolve: Microsoft.TestPlatform.AdapterUtilities: Resolving assembly.
TpTrace Information: 0 : 22684, 4, 2024/02/25, 19:16:33.946, 2456718231133, testhost.dll, AssemblyResolver.OnResolve: Microsoft.TestPlatform.AdapterUtilities: Searching in: 'C:\Users\79024\Documents\ВШЭ\Программирование\Lab10\TestCarLibrary\bin\Debug\net7.0\fine-code-coverage\build-output'.
TpTrace Information: 0 : 22684, 4, 2024/02/25, 19:16:33.947, 2456718238351, testhost.dll, AssemblyResolver.OnResolve: Microsoft.TestPlatform.AdapterUtilities: Loading assembly 'C:\Users\79024\Documents\ВШЭ\Программирование\Lab10\TestCarLibrary\bin\Debug\net7.0\fine-code-coverage\build-output\Microsoft.TestPlatform.AdapterUtilities.dll'.
TpTrace Information: 0 : 22684, 4, 2024/02/25, 19:16:33.948, 2456718247963, testhost.dll, AssemblyResolver.OnResolve: Resolved assembly: Microsoft.TestPlatform.AdapterUtilities, from path: C:\Users\79024\Documents\ВШЭ\Программирование\Lab10\TestCarLibrary\bin\Debug\net7.0\fine-code-coverage\build-output\Microsoft.TestPlatform.AdapterUtilities.dll
TpTrace Information: 0 : 22684, 4, 2024/02/25, 19:16:33.985, 2456718613590, testhost.dll, MSTest - DictionaryHelper.ConcatWithOverwrites: The source is null or empty, returning the overwrite dictionary.
TpTrace Information: 0 : 22684, 4, 2024/02/25, 19:16:33.986, 2456718624041, testhost.dll, MSTest - DictionaryHelper.ConcatWithOverwrites: The source is null or empty, returning the overwrite dictionary.
TpTrace Information: 0 : 22684, 4, 2024/02/25, 19:16:33.987, 2456718635342, testhost.dll, MSTest - DictionaryHelper.ConcatWithOverwrites: The source is null or empty, returning the overwrite dictionary.
TpTrace Information: 0 : 22684, 4, 2024/02/25, 19:16:33.988, 2456718643391, testhost.dll, MSTest - DictionaryHelper.ConcatWithOverwrites: The source is null or empty, returning the overwrite dictionary.
TpTrace Information: 0 : 22684, 4, 2024/02/25, 19:16:33.988, 2456718650689, testhost.dll, MSTest - DictionaryHelper.ConcatWithOverwrites: The source is null or empty, returning the overwrite dictionary.
TpTrace Information: 0 : 22684, 4, 2024/02/25, 19:16:33.989, 2456718657626, testhost.dll, MSTest - DictionaryHelper.ConcatWithOverwrites: The source is null or empty, returning the overwrite dictionary.
TpTrace Information: 0 : 22684, 4, 2024/02/25, 19:16:33.991, 2456718676958, testhost.dll, MSTest - DictionaryHelper.ConcatWithOverwrites: The source is null or empty, returning the overwrite dictionary.
TpTrace Information: 0 : 22684, 4, 2024/02/25, 19:16:33.991, 2456718681283, testhost.dll, MSTest - MSTestDiscoverer: Found 36 tests from source C:\Users\79024\Documents\ВШЭ\Программирование\Lab10\TestCarLibrary\bin\Debug\net7.0\fine-code-coverage\build-output\TestCarLibrary.dll
TpTrace Information: 0 : 22684, 4, 2024/02/25, 19:16:34.012, 2456718883434, testhost.dll, AssemblyResolver.OnResolve: Microsoft.VisualStudio.TestPlatform.ObjectModel.resources: Resolving assembly.
TpTrace Information: 0 : 22684, 4, 2024/02/25, 19:16:34.012, 2456718885379, testhost.dll, AssemblyResolver.OnResolve: Microsoft.VisualStudio.TestPlatform.ObjectModel.resources: Searching in: 'C:\Users\79024\Documents\ВШЭ\Программирование\Lab10\TestCarLibrary\bin\Debug\net7.0\fine-code-coverage\build-output'.
TpTrace Information: 0 : 22684, 4, 2024/02/25, 19:16:34.012, 2456718888062, testhost.dll, AssemblyResolver.OnResolve: Microsoft.VisualStudio.TestPlatform.ObjectModel.resources: Assembly path does not exist: 'C:\Users\79024\Documents\ВШЭ\Программирование\Lab10\TestCarLibrary\bin\Debug\net7.0\fine-code-coverage\build-output\Microsoft.VisualStudio.TestPlatform.ObjectModel.resources.dll', returning.
TpTrace Information: 0 : 22684, 4, 2024/02/25, 19:16:34.012, 2456718890435, testhost.dll, AssemblyResolver.OnResolve: Microsoft.VisualStudio.TestPlatform.ObjectModel.resources: Assembly path does not exist: 'C:\Users\79024\Documents\ВШЭ\Программирование\Lab10\TestCarLibrary\bin\Debug\net7.0\fine-code-coverage\build-output\Microsoft.VisualStudio.TestPlatform.ObjectModel.resources.exe', returning.
TpTrace Information: 0 : 22684, 4, 2024/02/25, 19:16:34.012, 2456718891297, testhost.dll, AssemblyResolver.OnResolve: Microsoft.VisualStudio.TestPlatform.ObjectModel.resources: Failed to load assembly.
TpTrace Information: 0 : 22684, 4, 2024/02/25, 19:16:34.025, 2456719014657, testhost.dll, AssemblyResolver.OnResolve: Microsoft.VisualStudio.TestPlatform.MSTestAdapter.PlatformServices.resources: Resolving assembly.
TpTrace Information: 0 : 22684, 4, 2024/02/25, 19:16:34.025, 2456719016365, testhost.dll, AssemblyResolver.OnResolve: Microsoft.VisualStudio.TestPlatform.MSTestAdapter.PlatformServices.resources: Searching in: 'C:\Users\79024\Documents\ВШЭ\Программирование\Lab10\TestCarLibrary\bin\Debug\net7.0\fine-code-coverage\build-output'.
TpTrace Information: 0 : 22684, 4, 2024/02/25, 19:16:34.025, 2456719018150, testhost.dll, AssemblyResolver.OnResolve: Microsoft.VisualStudio.TestPlatform.MSTestAdapter.PlatformServices.resources: Assembly path does not exist: 'C:\Users\79024\Documents\ВШЭ\Программирование\Lab10\TestCarLibrary\bin\Debug\net7.0\fine-code-coverage\build-output\Microsoft.VisualStudio.TestPlatform.MSTestAdapter.PlatformServices.resources.dll', returning.
TpTrace Information: 0 : 22684, 4, 2024/02/25, 19:16:34.025, 2456719019770, testhost.dll, AssemblyResolver.OnResolve: Microsoft.VisualStudio.TestPlatform.MSTestAdapter.PlatformServices.resources: Assembly path does not exist: 'C:\Users\79024\Documents\ВШЭ\Программирование\Lab10\TestCarLibrary\bin\Debug\net7.0\fine-code-coverage\build-output\Microsoft.VisualStudio.TestPlatform.MSTestAdapter.PlatformServices.resources.exe', returning.
TpTrace Information: 0 : 22684, 4, 2024/02/25, 19:16:34.025, 2456719020482, testhost.dll, AssemblyResolver.OnResolve: Microsoft.VisualStudio.TestPlatform.MSTestAdapter.PlatformServices.resources: Failed to load assembly.
TpTrace Information: 0 : 22684, 4, 2024/02/25, 19:16:34.039, 2456719157664, testhost.dll, MSTest - Created unit-test runner C:\Users\79024\Documents\ВШЭ\Программирование\Lab10\TestCarLibrary\bin\Debug\net7.0\fine-code-coverage\build-output\TestCarLibrary.dll
TpTrace Verbose: 0 : 22684, 4, 2024/02/25, 19:16:34.051, 2456719280111, testhost.dll, TestExecutionRecorder.RecordStart: Starting test: TestCarLibrary.CarTests.TestMethod1.
TpTrace Verbose: 0 : 22684, 4, 2024/02/25, 19:16:34.193, 2456720694601, testhost.dll, MulticastDelegateUtilities.SafeInvoke: TestCaseEventsHandler.RaiseTestCaseStart: Invoking callback 1/1 for Microsoft.VisualStudio.TestPlatform.CrossPlatEngine.DataCollection.ProxyOutOfProcDataCollectionManager., took 138 ms.
TpTrace Information: 0 : 22684, 4, 2024/02/25, 19:16:34.197, 2456720734709, testhost.dll, MSTest - Executing test TestMethod1
TpTrace Information: 0 : 22684, 4, 2024/02/25, 19:16:34.228, 2456721042387, testhost.dll, MSTest - Executed test TestMethod1
TpTrace Verbose: 0 : 22684, 4, 2024/02/25, 19:16:34.232, 2456721085379, testhost.dll, TestExecutionRecorder.RecordEnd: test: TestCarLibrary.CarTests.TestMethod1 execution completed.
TpTrace Verbose: 0 : 22684, 4, 2024/02/25, 19:16:34.251, 2456721277699, testhost.dll, MulticastDelegateUtilities.SafeInvoke: TestCaseEventsHandler.RaiseTestCaseEnd: Invoking callback 1/1 for Microsoft.VisualStudio.TestPlatform.CrossPlatEngine.DataCollection.ProxyOutOfProcDataCollectionManager., took 17 ms.
TpTrace Verbose: 0 : 22684, 4, 2024/02/25, 19:16:34.252, 2456721286563, testhost.dll, TestExecutionRecorder.RecordResult: Received result for test: TestCarLibrary.CarTests.TestMethod1.
TpTrace Verbose: 0 : 22684, 4, 2024/02/25, 19:16:34.255, 2456721312800, testhost.dll, MulticastDelegateUtilities.SafeInvoke: TestCaseEventsHandler.RaiseTestCaseEnd: Invoking callback 1/1 for Microsoft.VisualStudio.TestPlatform.CrossPlatEngine.DataCollection.ProxyOutOfProcDataCollectionManager., took 2 ms.
TpTrace Warning: 0 : 22684, 4, 2024/02/25, 19:16:34.258, 2456721345184, testhost.dll, TestRunCache: InProgressTests is null
TpTrace Warning: 0 : 22684, 4, 2024/02/25, 19:16:34.258, 2456721348005, testhost.dll, TestRunCache: No test found corresponding to testResult 'TestMethod1' in inProgress list.
TpTrace Verbose: 0 : 22684, 4, 2024/02/25, 19:16:34.258, 2456721350245, testhost.dll, TestExecutionRecorder.RecordStart: Starting test: TestCarLibrary.CarTests.Car_Initialization.
TpTrace Verbose: 0 : 22684, 4, 2024/02/25, 19:16:34.261, 2456721381136, testhost.dll, MulticastDelegateUtilities.SafeInvoke: TestCaseEventsHandler.RaiseTestCaseStart: Invoking callback 1/1 for Microsoft.VisualStudio.TestPlatform.CrossPlatEngine.DataCollection.ProxyOutOfProcDataCollectionManager., took 2 ms.
TpTrace Information: 0 : 22684, 4, 2024/02/25, 19:16:34.262, 2456721382340, testhost.dll, MSTest - Executing test Car_Initialization
TpTrace Information: 0 : 22684, 4, 2024/02/25, 19:16:34.264, 2456721407286, testhost.dll, MSTest - Executed test Car_Initialization
TpTrace Verbose: 0 : 22684, 4, 2024/02/25, 19:16:34.264, 2456721409311, testhost.dll, TestExecutionRecorder.RecordEnd: test: TestCarLibrary.CarTests.Car_Initialization execution completed.
TpTrace Verbose: 0 : 22684, 4, 2024/02/25, 19:16:34.274, 2456721503357, testhost.dll, MulticastDelegateUtilities.SafeInvoke: TestCaseEventsHandler.RaiseTestCaseEnd: Invoking callback 1/1 for Microsoft.VisualStudio.TestPlatform.CrossPlatEngine.DataCollection.ProxyOutOfProcDataCollectionManager., took 9 ms.
TpTrace Verbose: 0 : 22684, 4, 2024/02/25, 19:16:34.274, 2456721505590, testhost.dll, TestExecutionRecorder.RecordResult: Received result for test: TestCarLibrary.CarTests.Car_Initialization.
TpTrace Verbose: 0 : 22684, 4, 2024/02/25, 19:16:34.274, 2456721509516, testhost.dll, MulticastDelegateUtilities.SafeInvoke: TestCaseEventsHandler.RaiseTestCaseEnd: Invoking callback 1/1 for Microsoft.VisualStudio.TestPlatform.CrossPlatEngine.DataCollection.ProxyOutOfProcDataCollectionManager., took 0 ms.
TpTrace Warning: 0 : 22684, 4, 2024/02/25, 19:16:34.275, 2456721514798, testhost.dll, TestRunCache: InProgressTests is null
TpTrace Warning: 0 : 22684, 4, 2024/02/25, 19:16:34.275, 2456721515581, testhost.dll, TestRunCache: No test found corresponding to testResult 'Car_Initialization' in inProgress list.
TpTrace Verbose: 0 : 22684, 4, 2024/02/25, 19:16:34.275, 2456721516657, testhost.dll, TestExecutionRecorder.RecordStart: Starting test: TestCarLibrary.CarTests.TestDefaultConstructor.
TpTrace Verbose: 0 : 22684, 4, 2024/02/25, 19:16:34.277, 2456721537718, testhost.dll, MulticastDelegateUtilities.SafeInvoke: TestCaseEventsHandler.RaiseTestCaseStart: Invoking callback 1/1 for Microsoft.VisualStudio.TestPlatform.CrossPlatEngine.DataCollection.ProxyOutOfProcDataCollectionManager., took 2 ms.
TpTrace Information: 0 : 22684, 4, 2024/02/25, 19:16:34.277, 2456721538962, testhost.dll, MSTest - Executing test TestDefaultConstructor
TpTrace Information: 0 : 22684, 4, 2024/02/25, 19:16:34.278, 2456721544147, testhost.dll, MSTest - Executed test TestDefaultConstructor
TpTrace Verbose: 0 : 22684, 4, 2024/02/25, 19:16:34.278, 2456721545060, testhost.dll, TestExecutionRecorder.RecordEnd: test: TestCarLibrary.CarTests.TestDefaultConstructor execution completed.
TpTrace Verbose: 0 : 22684, 4, 2024/02/25, 19:16:34.280, 2456721570398, testhost.dll, MulticastDelegateUtilities.SafeInvoke: TestCaseEventsHandler.RaiseTestCaseEnd: Invoking callback 1/1 for Microsoft.VisualStudio.TestPlatform.CrossPlatEngine.DataCollection.ProxyOutOfProcDataCollectionManager., took 2 ms.
TpTrace Verbose: 0 : 22684, 4, 2024/02/25, 19:16:34.280, 2456721571501, testhost.dll, TestExecutionRecorder.RecordResult: Received result for test: TestCarLibrary.CarTests.TestDefaultConstructor.
TpTrace Verbose: 0 : 22684, 4, 2024/02/25, 19:16:34.280, 2456721572179, testhost.dll, MulticastDelegateUtilities.SafeInvoke: TestCaseEventsHandler.RaiseTestCaseEnd: Invoking callback 1/1 for Microsoft.VisualStudio.TestPlatform.CrossPlatEngine.DataCollection.ProxyOutOfProcDataCollectionManager., took 0 ms.
TpTrace Warning: 0 : 22684, 4, 2024/02/25, 19:16:34.281, 2456721572730, testhost.dll, TestRunCache: InProgressTests is null
TpTrace Warning: 0 : 22684, 4, 2024/02/25, 19:16:34.281, 2456721573132, testhost.dll, TestRunCache: No test found corresponding to testResult 'TestDefaultConstructor' in inProgress list.
TpTrace Verbose: 0 : 22684, 4, 2024/02/25, 19:16:34.281, 2456721574468, testhost.dll, TestExecutionRecorder.RecordStart: Starting test: TestCarLibrary.CarTests.CompareToCompareWithOtherCar.
TpTrace Verbose: 0 : 22684, 4, 2024/02/25, 19:16:34.283, 2456721596061, testhost.dll, MulticastDelegateUtilities.SafeInvoke: TestCaseEventsHandler.RaiseTestCaseStart: Invoking callback 1/1 for Microsoft.VisualStudio.TestPlatform.CrossPlatEngine.DataCollection.ProxyOutOfProcDataCollectionManager., took 2 ms.
TpTrace Information: 0 : 22684, 4, 2024/02/25, 19:16:34.283, 2456721597334, testhost.dll, MSTest - Executing test CompareToCompareWithOtherCar
TpTrace Information: 0 : 22684, 4, 2024/02/25, 19:16:34.285, 2456721613491, testhost.dll, MSTest - Executed test CompareToCompareWithOtherCar
TpTrace Verbose: 0 : 22684, 4, 2024/02/25, 19:16:34.285, 2456721616785, testhost.dll, TestExecutionRecorder.RecordEnd: test: TestCarLibrary.CarTests.CompareToCompareWithOtherCar execution completed.
TpTrace Verbose: 0 : 22684, 4, 2024/02/25, 19:16:34.289, 2456721654109, testhost.dll, MulticastDelegateUtilities.SafeInvoke: TestCaseEventsHandler.RaiseTestCaseEnd: Invoking callback 1/1 for Microsoft.VisualStudio.TestPlatform.CrossPlatEngine.DataCollection.ProxyOutOfProcDataCollectionManager., took 3 ms.
TpTrace Verbose: 0 : 22684, 4, 2024/02/25, 19:16:34.289, 2456721655597, testhost.dll, TestExecutionRecorder.RecordResult: Received result for test: TestCarLibrary.CarTests.CompareToCompareWithOtherCar.
TpTrace Verbose: 0 : 22684, 4, 2024/02/25, 19:16:34.289, 2456721657035, testhost.dll, MulticastDelegateUtilities.SafeInvoke: TestCaseEventsHandler.RaiseTestCaseEnd: Invoking callback 1/1 for Microsoft.VisualStudio.TestPlatform.CrossPlatEngine.DataCollection.ProxyOutOfProcDataCollectionManager., took 0 ms.
TpTrace Warning: 0 : 22684, 4, 2024/02/25, 19:16:34.289, 2456721657851, testhost.dll, TestRunCache: InProgressTests is null
TpTrace Warning: 0 : 22684, 4, 2024/02/25, 19:16:34.289, 2456721658794, testhost.dll, TestRunCache: No test found corresponding to testResult 'CompareToCompareWithOtherCar' in inProgress list.
TpTrace Verbose: 0 : 22684, 4, 2024/02/25, 19:16:34.289, 2456721660725, testhost.dll, TestExecutionRecorder.RecordStart: Starting test: TestCarLibrary.CarTests.CompareToCompareWithSameCar.
TpTrace Verbose: 0 : 22684, 4, 2024/02/25, 19:16:34.291, 2456721681836, testhost.dll, MulticastDelegateUtilities.SafeInvoke: TestCaseEventsHandler.RaiseTestCaseStart: Invoking callback 1/1 for Microsoft.VisualStudio.TestPlatform.CrossPlatEngine.DataCollection.ProxyOutOfProcDataCollectionManager., took 2 ms.
TpTrace Information: 0 : 22684, 4, 2024/02/25, 19:16:34.292, 2456721683121, testhost.dll, MSTest - Executing test CompareToCompareWithSameCar
TpTrace Information: 0 : 22684, 4, 2024/02/25, 19:16:34.292, 2456721691493, testhost.dll, MSTest - Executed test CompareToCompareWithSameCar
TpTrace Verbose: 0 : 22684, 4, 2024/02/25, 19:16:34.293, 2456721692635, testhost.dll, TestExecutionRecorder.RecordEnd: test: TestCarLibrary.CarTests.CompareToCompareWithSameCar execution completed.
TpTrace Verbose: 0 : 22684, 4, 2024/02/25, 19:16:34.295, 2456721714541, testhost.dll, MulticastDelegateUtilities.SafeInvoke: TestCaseEventsHandler.RaiseTestCaseEnd: Invoking callback 1/1 for Microsoft.VisualStudio.TestPlatform.CrossPlatEngine.DataCollection.ProxyOutOfProcDataCollectionManager., took 2 ms.
TpTrace Verbose: 0 : 22684, 4, 2024/02/25, 19:16:34.295, 2456721715840, testhost.dll, TestExecutionRecorder.RecordResult: Received result for test: TestCarLibrary.CarTests.CompareToCompareWithSameCar.
TpTrace Verbose: 0 : 22684, 4, 2024/02/25, 19:16:34.295, 2456721716596, testhost.dll, MulticastDelegateUtilities.SafeInvoke: TestCaseEventsHandler.RaiseTestCaseEnd: Invoking callback 1/1 for Microsoft.VisualStudio.TestPlatform.CrossPlatEngine.DataCollection.ProxyOutOfProcDataCollectionManager., took 0 ms.
TpTrace Warning: 0 : 22684, 4, 2024/02/25, 19:16:34.295, 2456721717179, testhost.dll, TestRunCache: InProgressTests is null
TpTrace Warning: 0 : 22684, 4, 2024/02/25, 19:16:34.295, 2456721717590, testhost.dll, TestRunCache: No test found corresponding to testResult 'CompareToCompareWithSameCar' in inProgress list.
TpTrace Verbose: 0 : 22684, 4, 2024/02/25, 19:16:34.295, 2456721718621, testhost.dll, TestExecutionRecorder.RecordStart: Starting test: TestCarLibrary.ComaratorCostTests.Compare_FirstCarCostIsHigher.
TpTrace Verbose: 0 : 22684, 4, 2024/02/25, 19:16:34.297, 2456721739010, testhost.dll, MulticastDelegateUtilities.SafeInvoke: TestCaseEventsHandler.RaiseTestCaseStart: Invoking callback 1/1 for Microsoft.VisualStudio.TestPlatform.CrossPlatEngine.DataCollection.ProxyOutOfProcDataCollectionManager., took 1 ms.
TpTrace Information: 0 : 22684, 4, 2024/02/25, 19:16:34.297, 2456721740379, testhost.dll, MSTest - Executing test Compare_FirstCarCostIsHigher
TpTrace Information: 0 : 22684, 4, 2024/02/25, 19:16:34.298, 2456721749796, testhost.dll, MSTest - Executed test Compare_FirstCarCostIsHigher
TpTrace Verbose: 0 : 22684, 4, 2024/02/25, 19:16:34.298, 2456721750855, testhost.dll, TestExecutionRecorder.RecordEnd: test: TestCarLibrary.ComaratorCostTests.Compare_FirstCarCostIsHigher execution completed.
TpTrace Verbose: 0 : 22684, 4, 2024/02/25, 19:16:34.301, 2456721779740, testhost.dll, MulticastDelegateUtilities.SafeInvoke: TestCaseEventsHandler.RaiseTestCaseEnd: Invoking callback 1/1 for Microsoft.VisualStudio.TestPlatform.CrossPlatEngine.DataCollection.ProxyOutOfProcDataCollectionManager., took 2 ms.
TpTrace Verbose: 0 : 22684, 4, 2024/02/25, 19:16:34.301, 2456721780923, testhost.dll, TestExecutionRecorder.RecordResult: Received result for test: TestCarLibrary.ComaratorCostTests.Compare_FirstCarCostIsHigher.
TpTrace Verbose: 0 : 22684, 4, 2024/02/25, 19:16:34.301, 2456721781611, testhost.dll, MulticastDelegateUtilities.SafeInvoke: TestCaseEventsHandler.RaiseTestCaseEnd: Invoking callback 1/1 for Microsoft.VisualStudio.TestPlatform.CrossPlatEngine.DataCollection.ProxyOutOfProcDataCollectionManager., took 0 ms.
TpTrace Warning: 0 : 22684, 4, 2024/02/25, 19:16:34.301, 2456721782125, testhost.dll, TestRunCache: InProgressTests is null
TpTrace Warning: 0 : 22684, 4, 2024/02/25, 19:16:34.302, 2456721782532, testhost.dll, TestRunCache: No test found corresponding to testResult 'Compare_FirstCarCostIsHigher' in inProgress list.
TpTrace Verbose: 0 : 22684, 4, 2024/02/25, 19:16:34.302, 2456721783746, testhost.dll, TestExecutionRecorder.RecordStart: Starting test: TestCarLibrary.ComaratorCostTests.Compare_SecondCarCostIsHigher.
TpTrace Verbose: 0 : 22684, 4, 2024/02/25, 19:16:34.304, 2456721806188, testhost.dll, MulticastDelegateUtilities.SafeInvoke: TestCaseEventsHandler.RaiseTestCaseStart: Invoking callback 1/1 for Microsoft.VisualStudio.TestPlatform.CrossPlatEngine.DataCollection.ProxyOutOfProcDataCollectionManager., took 2 ms.
TpTrace Information: 0 : 22684, 4, 2024/02/25, 19:16:34.304, 2456721807399, testhost.dll, MSTest - Executing test Compare_SecondCarCostIsHigher
TpTrace Information: 0 : 22684, 4, 2024/02/25, 19:16:34.305, 2456721814429, testhost.dll, MSTest - Executed test Compare_SecondCarCostIsHigher
TpTrace Verbose: 0 : 22684, 4, 2024/02/25, 19:16:34.305, 2456721815549, testhost.dll, TestExecutionRecorder.RecordEnd: test: TestCarLibrary.ComaratorCostTests.Compare_SecondCarCostIsHigher execution completed.
TpTrace Verbose: 0 : 22684, 4, 2024/02/25, 19:16:34.307, 2456721837305, testhost.dll, MulticastDelegateUtilities.SafeInvoke: TestCaseEventsHandler.RaiseTestCaseEnd: Invoking callback 1/1 for Microsoft.VisualStudio.TestPlatform.CrossPlatEngine.DataCollection.ProxyOutOfProcDataCollectionManager., took 2 ms.
TpTrace Verbose: 0 : 22684, 4, 2024/02/25, 19:16:34.307, 2456721838415, testhost.dll, TestExecutionRecorder.RecordResult: Received result for test: TestCarLibrary.ComaratorCostTests.Compare_SecondCarCostIsHigher.
TpTrace Verbose: 0 : 22684, 4, 2024/02/25, 19:16:34.307, 2456721839073, testhost.dll, MulticastDelegateUtilities.SafeInvoke: TestCaseEventsHandler.RaiseTestCaseEnd: Invoking callback 1/1 for Microsoft.VisualStudio.TestPlatform.CrossPlatEngine.DataCollection.ProxyOutOfProcDataCollectionManager., took 0 ms.
TpTrace Warning: 0 : 22684, 4, 2024/02/25, 19:16:34.307, 2456721839588, testhost.dll, TestRunCache: InProgressTests is null
TpTrace Warning: 0 : 22684, 4, 2024/02/25, 19:16:34.307, 2456721839991, testhost.dll, TestRunCache: No test found corresponding to testResult 'Compare_SecondCarCostIsHigher' in inProgress list.
TpTrace Verbose: 0 : 22684, 4, 2024/02/25, 19:16:34.307, 2456721841184, testhost.dll, TestExecutionRecorder.RecordStart: Starting test: TestCarLibrary.ComaratorCostTests.Compare_BothCarsCostAreEqual.
TpTrace Verbose: 0 : 22684, 4, 2024/02/25, 19:16:34.310, 2456721862787, testhost.dll, MulticastDelegateUtilities.SafeInvoke: TestCaseEventsHandler.RaiseTestCaseStart: Invoking callback 1/1 for Microsoft.VisualStudio.TestPlatform.CrossPlatEngine.DataCollection.ProxyOutOfProcDataCollectionManager., took 2 ms.
TpTrace Information: 0 : 22684, 4, 2024/02/25, 19:16:34.310, 2456721864075, testhost.dll, MSTest - Executing test Compare_BothCarsCostAreEqual
TpTrace Information: 0 : 22684, 4, 2024/02/25, 19:16:34.310, 2456721868976, testhost.dll, MSTest - Executed test Compare_BothCarsCostAreEqual
TpTrace Verbose: 0 : 22684, 4, 2024/02/25, 19:16:34.310, 2456721869811, testhost.dll, TestExecutionRecorder.RecordEnd: test: TestCarLibrary.ComaratorCostTests.Compare_BothCarsCostAreEqual execution completed.
TpTrace Verbose: 0 : 22684, 4, 2024/02/25, 19:16:34.312, 2456721890990, testhost.dll, MulticastDelegateUtilities.SafeInvoke: TestCaseEventsHandler.RaiseTestCaseEnd: Invoking callback 1/1 for Microsoft.VisualStudio.TestPlatform.CrossPlatEngine.DataCollection.ProxyOutOfProcDataCollectionManager., took 2 ms.
TpTrace Verbose: 0 : 22684, 4, 2024/02/25, 19:16:34.312, 2456721892122, testhost.dll, TestExecutionRecorder.RecordResult: Received result for test: TestCarLibrary.ComaratorCostTests.Compare_BothCarsCostAreEqual.
TpTrace Verbose: 0 : 22684, 4, 2024/02/25, 19:16:34.313, 2456721892943, testhost.dll, MulticastDelegateUtilities.SafeInvoke: TestCaseEventsHandler.RaiseTestCaseEnd: Invoking callback 1/1 for Microsoft.VisualStudio.TestPlatform.CrossPlatEngine.DataCollection.ProxyOutOfProcDataCollectionManager., took 0 ms.
TpTrace Warning: 0 : 22684, 4, 2024/02/25, 19:16:34.313, 2456721893461, testhost.dll, TestRunCache: InProgressTests is null
TpTrace Warning: 0 : 22684, 4, 2024/02/25, 19:16:34.313, 2456721893865, testhost.dll, TestRunCache: No test found corresponding to testResult 'Compare_BothCarsCostAreEqual' in inProgress list.
TpTrace Verbose: 0 : 22684, 4, 2024/02/25, 19:16:34.313, 2456721894871, testhost.dll, TestExecutionRecorder.RecordStart: Starting test: TestCarLibrary.HeavyCarTests.HeavyCarConstructor.
TpTrace Verbose: 0 : 22684, 4, 2024/02/25, 19:16:34.315, 2456721914955, testhost.dll, MulticastDelegateUtilities.SafeInvoke: TestCaseEventsHandler.RaiseTestCaseStart: Invoking callback 1/1 for Microsoft.VisualStudio.TestPlatform.CrossPlatEngine.DataCollection.ProxyOutOfProcDataCollectionManager., took 1 ms.
TpTrace Information: 0 : 22684, 4, 2024/02/25, 19:16:34.315, 2456721916181, testhost.dll, MSTest - Executing test HeavyCarConstructor
TpTrace Information: 0 : 22684, 4, 2024/02/25, 19:16:34.317, 2456721939599, testhost.dll, MSTest - Executed test HeavyCarConstructor
TpTrace Verbose: 0 : 22684, 4, 2024/02/25, 19:16:34.317, 2456721941484, testhost.dll, TestExecutionRecorder.RecordEnd: test: TestCarLibrary.HeavyCarTests.HeavyCarConstructor execution completed.
TpTrace Verbose: 0 : 22684, 4, 2024/02/25, 19:16:34.320, 2456721963250, testhost.dll, MulticastDelegateUtilities.SafeInvoke: TestCaseEventsHandler.RaiseTestCaseEnd: Invoking callback 1/1 for Microsoft.VisualStudio.TestPlatform.CrossPlatEngine.DataCollection.ProxyOutOfProcDataCollectionManager., took 2 ms.
TpTrace Verbose: 0 : 22684, 4, 2024/02/25, 19:16:34.320, 2456721964475, testhost.dll, TestExecutionRecorder.RecordResult: Received result for test: TestCarLibrary.HeavyCarTests.HeavyCarConstructor.
TpTrace Verbose: 0 : 22684, 4, 2024/02/25, 19:16:34.320, 2456721965144, testhost.dll, MulticastDelegateUtilities.SafeInvoke: TestCaseEventsHandler.RaiseTestCaseEnd: Invoking callback 1/1 for Microsoft.VisualStudio.TestPlatform.CrossPlatEngine.DataCollection.ProxyOutOfProcDataCollectionManager., took 0 ms.
TpTrace Warning: 0 : 22684, 4, 2024/02/25, 19:16:34.320, 2456721965666, testhost.dll, TestRunCache: InProgressTests is null
TpTrace Warning: 0 : 22684, 4, 2024/02/25, 19:16:34.320, 2456721966070, testhost.dll, TestRunCache: No test found corresponding to testResult 'HeavyCarConstructor' in inProgress list.
TpTrace Verbose: 0 : 22684, 4, 2024/02/25, 19:16:34.320, 2456721967231, testhost.dll, TestExecutionRecorder.RecordStart: Starting test: TestCarLibrary.HeavyCarTests.Equals_CompareWithEqualLightCar_ReturnsTrue.
TpTrace Information: 0 : 22684, 4, 2024/02/25, 19:16:34.322, 2456721988184, testhost.dll, Sending test run statistics
TpTrace Verbose: 0 : 22684, 4, 2024/02/25, 19:16:34.362, 2456722392105, testhost.dll, TestRequestHandler.SendData: sending data from testhost: {"Version":7,"MessageType":"TestExecution.StatsChange","Payload":{"NewTestResults":[{"TestCase":{"Id":"82a92e00-b667-4431-2d1c-97805cf2b1b4","FullyQualifiedName":"TestCarLibrary.CarTests.TestMethod1","DisplayName":"TestMethod1","ExecutorUri":"executor://MSTestAdapter/v2","Source":"C:\\Users\\79024\\Documents\\ВШЭ\\Программирование\\Lab10\\TestCarLibrary\\bin\\Debug\\net7.0\\fine-code-coverage\\build-output\\TestCarLibrary.dll","CodeFilePath":null,"LineNumber":-1,"Properties":[{"Key":{"Id":"TestObject.Traits","Label":"Признаки","Category":"","Description":"","Attributes":5,"ValueType":"System.Collections.Generic.KeyValuePair`2[[System.String],[System.String]][]"},"Value":[]},{"Key":{"Id":"TestCase.Hierarchy","Label":"Hierarchy","Category":"","Description":"","Attributes":2,"ValueType":"System.String[]"},"Value":["TestCarLibrary","CarTests"]},{"Key":{"Id":"TestCase.ManagedType","Label":"ManagedType","Category":"","Description":"","Attributes":1,"ValueType":"System.String"},"Value":"TestCarLibrary.CarTests"},{"Key":{"Id":"TestCase.ManagedMethod","Label":"ManagedMethod","Category":"","Description":"","Attributes":1,"ValueType":"System.String"},"Value":"TestMethod1"},{"Key":{"Id":"MSTestDiscoverer.TestClassName","Label":"ClassName","Category":"","Description":"","Attributes":1,"ValueType":"System.String"},"Value":"TestCarLibrary.CarTests"}]},"Attachments":[],"Outcome":1,"ErrorMessage":null,"ErrorStackTrace":null,"DisplayName":"TestMethod1","Messages":[],"ComputerName":null,"Duration":"00:00:00.0086959","StartTime":"2024-02-25T19:16:34.1933776+05:00","EndTime":"2024-02-25T19:16:34.2281529+05:00","Properties":[{"Key":{"Id":"ParentExecId","Label":"ParentExecId","Category":"","Description":"","Attributes":1,"ValueType":"System.Guid"},"Value":"00000000-0000-0000-0000-000000000000"},{"Key":{"Id":"ExecutionId","Label":"ExecutionId","Category":"","Description":"","Attributes":1,"ValueType":"System.Guid"},"Value":"00000000-0000-0000-0000-000000000000"},{"Key":{"Id":"InnerResultsCount","Label":"InnerResultsCount","Category":"","Description":"","Attributes":1,"ValueType":"System.Int32"},"Value":0}]},{"TestCase":{"Id":"b899c823-c53f-8640-4b8d-0f3fe65c810e","FullyQualifiedName":"TestCarLibrary.CarTests.Car_Initialization","DisplayName":"Car_Initialization","ExecutorUri":"executor://MSTestAdapter/v2","Source":"C:\\Users\\79024\\Documents\\ВШЭ\\Программирование\\Lab10\\TestCarLibrary\\bin\\Debug\\net7.0\\fine-code-coverage\\build-output\\TestCarLibrary.dll","CodeFilePath":null,"LineNumber":-1,"Properties":[{"Key":{"Id":"TestObject.Traits","Label":"Признаки","Category":"","Description":"","Attributes":5,"ValueType":"System.Collections.Generic.KeyValuePair`2[[System.String],[System.String]][]"},"Value":[]},{"Key":{"Id":"TestCase.Hierarchy","Label":"Hierarchy","Category":"","Description":"","Attributes":2,"ValueType":"System.String[]"},"Value":["TestCarLibrary","CarTests"]},{"Key":{"Id":"TestCase.ManagedType","Label":"ManagedType","Category":"","Description":"","Attributes":1,"ValueType":"System.String"},"Value":"TestCarLibrary.CarTests"},{"Key":{"Id":"TestCase.ManagedMethod","Label":"ManagedMethod","Category":"","Description":"","Attributes":1,"ValueType":"System.String"},"Value":"Car_Initialization"},{"Key":{"Id":"MSTestDiscoverer.TestClassName","Label":"ClassName","Category":"","Description":"","Attributes":1,"ValueType":"System.String"},"Value":"TestCarLibrary.CarTests"}]},"Attachments":[],"Outcome":1,"ErrorMessage":null,"ErrorStackTrace":null,"DisplayName":"Car_Initialization","Messages":[],"ComputerName":null,"Duration":"00:00:00.0020929","StartTime":"2024-02-25T19:16:34.2619948+05:00","EndTime":"2024-02-25T19:16:34.2646341+05:00","Properties":[{"Key":{"Id":"ParentExecId","Label":"ParentExecId","Category":"","Description":"","Attributes":1,"ValueType":"System.Guid"},"Value":"00000000-0000-0000-0000-000000000000"},{"Key":{"Id":"ExecutionId","Label":"ExecutionId","Category":"","Description":"","Attributes":1,"ValueType":"System.Guid"},"Value":"00000000-0000-0000-0000-000000000000"},{"Key":{"Id":"InnerResultsCount","Label":"InnerResultsCount","Category":"","Description":"","Attributes":1,"ValueType":"System.Int32"},"Value":0}]},{"TestCase":{"Id":"e1866776-5b3a-7c84-7fa3-b283ef04aa5f","FullyQualifiedName":"TestCarLibrary.CarTests.TestDefaultConstructor","DisplayName":"TestDefaultConstructor","ExecutorUri":"executor://MSTestAdapter/v2","Source":"C:\\Users\\79024\\Documents\\ВШЭ\\Программирование\\Lab10\\TestCarLibrary\\bin\\Debug\\net7.0\\fine-code-coverage\\build-output\\TestCarLibrary.dll","CodeFilePath":null,"LineNumber":-1,"Properties":[{"Key":{"Id":"TestObject.Traits","Label":"Признаки","Category":"","Description":"","Attributes":5,"ValueType":"System.Collections.Generic.KeyValuePair`2[[System.String],[System.String]][]"},"Value":[]},{"Key":{"Id":"TestCase.Hierarchy","Label":"Hierarchy","Category":"","Description":"","Attributes":2,"ValueType":"System.String[]"},"Value":["TestCarLibrary","CarTests"]},{"Key":{"Id":"TestCase.ManagedType","Label":"ManagedType","Category":"","Description":"","Attributes":1,"ValueType":"System.String"},"Value":"TestCarLibrary.CarTests"},{"Key":{"Id":"TestCase.ManagedMethod","Label":"ManagedMethod","Category":"","Description":"","Attributes":1,"ValueType":"System.String"},"Value":"TestDefaultConstructor"},{"Key":{"Id":"MSTestDiscoverer.TestClassName","Label":"ClassName","Category":"","Description":"","Attributes":1,"ValueType":"System.String"},"Value":"TestCarLibrary.CarTests"}]},"Attachments":[],"Outcome":1,"ErrorMessage":null,"ErrorStackTrace":null,"DisplayName":"TestDefaultConstructor","Messages":[],"ComputerName":null,"Duration":"00:00:00.0002959","StartTime":"2024-02-25T19:16:34.2776585+05:00","EndTime":"2024-02-25T19:16:34.2782587+05:00","Properties":[{"Key":{"Id":"ParentExecId","Label":"ParentExecId","Category":"","Description":"","Attributes":1,"ValueType":"System.Guid"},"Value":"00000000-0000-0000-0000-000000000000"},{"Key":{"Id":"ExecutionId","Label":"ExecutionId","Category":"","Description":"","Attributes":1,"ValueType":"System.Guid"},"Value":"00000000-0000-0000-0000-000000000000"},{"Key":{"Id":"InnerResultsCount","Label":"InnerResultsCount","Category":"","Description":"","Attributes":1,"ValueType":"System.Int32"},"Value":0}]},{"TestCase":{"Id":"289d1abb-f3f4-de5d-ba17-67bbca9a0f8b","FullyQualifiedName":"TestCarLibrary.CarTests.CompareToCompareWithOtherCar","DisplayName":"CompareToCompareWithOtherCar","ExecutorUri":"executor://MSTestAdapter/v2","Source":"C:\\Users\\79024\\Documents\\ВШЭ\\Программирование\\Lab10\\TestCarLibrary\\bin\\Debug\\net7.0\\fine-code-coverage\\build-output\\TestCarLibrary.dll","CodeFilePath":null,"LineNumber":-1,"Properties":[{"Key":{"Id":"TestObject.Traits","Label":"Признаки","Category":"","Description":"","Attributes":5,"ValueType":"System.Collections.Generic.KeyValuePair`2[[System.String],[System.String]][]"},"Value":[]},{"Key":{"Id":"TestCase.Hierarchy","Label":"Hierarchy","Category":"","Description":"","Attributes":2,"ValueType":"System.String[]"},"Value":["TestCarLibrary","CarTests"]},{"Key":{"Id":"TestCase.ManagedType","Label":"ManagedType","Category":"","Description":"","Attributes":1,"ValueType":"System.String"},"Value":"TestCarLibrary.CarTests"},{"Key":{"Id":"TestCase.ManagedMethod","Label":"ManagedMethod","Category":"","Description":"","Attributes":1,"ValueType":"System.String"},"Value":"CompareToCompareWithOtherCar"},{"Key":{"Id":"MSTestDiscoverer.TestClassName","Label":"ClassName","Category":"","Description":"","Attributes":1,"ValueType":"System.String"},"Value":"TestCarLibrary.CarTests"}]},"Attachments":[],"Outcome":1,"ErrorMessage":null,"ErrorStackTrace":null,"DisplayName":"CompareToCompareWithOtherCar","Messages":[],"ComputerName":null,"Duration":"00:00:00.0012214","StartTime":"2024-02-25T19:16:34.2834956+05:00","EndTime":"2024-02-25T19:16:34.2854124+05:00","Properties":[{"Key":{"Id":"ParentExecId","Label":"ParentExecId","Category":"","Description":"","Attributes":1,"ValueType":"System.Guid"},"Value":"00000000-0000-0000-0000-000000000000"},{"Key":{"Id":"ExecutionId","Label":"ExecutionId","Category":"","Description":"","Attributes":1,"ValueType":"System.Guid"},"Value":"00000000-0000-0000-0000-000000000000"},{"Key":{"Id":"InnerResultsCount","Label":"InnerResultsCount","Category":"","Description":"","Attributes":1,"ValueType":"System.Int32"},"Value":0}]},{"TestCase":{"Id":"e4fb8afb-98e2-f282-8a72-4e01e2f6c1f8","FullyQualifiedName":"TestCarLibrary.CarTests.CompareToCompareWithSameCar","DisplayName":"CompareToCompareWithSameCar","ExecutorUri":"executor://MSTestAdapter/v2","Source":"C:\\Users\\79024\\Documents\\ВШЭ\\Программирование\\Lab10\\TestCarLibrary\\bin\\Debug\\net7.0\\fine-code-coverage\\build-output\\TestCarLibrary.dll","CodeFilePath":null,"LineNumber":-1,"Properties":[{"Key":{"Id":"TestObject.Traits","Label":"Признаки","Category":"","Description":"","Attributes":5,"ValueType":"System.Collections.Generic.KeyValuePair`2[[System.String],[System.String]][]"},"Value":[]},{"Key":{"Id":"TestCase.Hierarchy","Label":"Hierarchy","Category":"","Description":"","Attributes":2,"ValueType":"System.String[]"},"Value":["TestCarLibrary","CarTests"]},{"Key":{"Id":"TestCase.ManagedType","Label":"ManagedType","Category":"","Description":"","Attributes":1,"ValueType":"System.String"},"Value":"TestCarLibrary.CarTests"},{"Key":{"Id":"TestCase.ManagedMethod","Label":"ManagedMethod","Category":"","Description":"","Attributes":1,"ValueType":"System.String"},"Value":"CompareToCompareWithSameCar"},{"Key":{"Id":"MSTestDiscoverer.TestClassName","Label":"ClassName","Category":"","Description":"","Attributes":1,"ValueType":"System.String"},"Value":"TestCarLibrary.CarTests"}]},"Attachments":[],"Outcome":1,"ErrorMessage":null,"ErrorStackTrace":null,"DisplayName":"CompareToCompareWithSameCar","Messages":[],"ComputerName":null,"Duration":"00:00:00.0004189","StartTime":"2024-02-25T19:16:34.2920743+05:00","EndTime":"2024-02-25T19:16:34.2930065+05:00","Properties":[{"Key":{"Id":"ParentExecId","Label":"ParentExecId","Category":"","Description":"","Attributes":1,"ValueType":"System.Guid"},"Value":"00000000-0000-0000-0000-000000000000"},{"Key":{"Id":"ExecutionId","Label":"ExecutionId","Category":"","Description":"","Attributes":1,"ValueType":"System.Guid"},"Value":"00000000-0000-0000-0000-000000000000"},{"Key":{"Id":"InnerResultsCount","Label":"InnerResultsCount","Category":"","Description":"","Attributes":1,"ValueType":"System.Int32"},"Value":0}]},{"TestCase":{"Id":"a87310d7-27d2-79cb-6e77-018c78b8b213","FullyQualifiedName":"TestCarLibrary.ComaratorCostTests.Compare_FirstCarCostIsHigher","DisplayName":"Compare_FirstCarCostIsHigher","ExecutorUri":"executor://MSTestAdapter/v2","Source":"C:\\Users\\79024\\Documents\\ВШЭ\\Программирование\\Lab10\\TestCarLibrary\\bin\\Debug\\net7.0\\fine-code-coverage\\build-output\\TestCarLibrary.dll","CodeFilePath":null,"LineNumber":-1,"Properties":[{"Key":{"Id":"TestObject.Traits","Label":"Признаки","Category":"","Description":"","Attributes":5,"ValueType":"System.Collections.Generic.KeyValuePair`2[[System.String],[System.String]][]"},"Value":[]},{"Key":{"Id":"TestCase.Hierarchy","Label":"Hierarchy","Category":"","Description":"","Attributes":2,"ValueType":"System.String[]"},"Value":["TestCarLibrary","ComaratorCostTests"]},{"Key":{"Id":"TestCase.ManagedType","Label":"ManagedType","Category":"","Description":"","Attributes":1,"ValueType":"System.String"},"Value":"TestCarLibrary.ComaratorCostTests"},{"Key":{"Id":"TestCase.ManagedMethod","Label":"ManagedMethod","Category":"","Description":"","Attributes":1,"ValueType":"System.String"},"Value":"Compare_FirstCarCostIsHigher"},{"Key":{"Id":"MSTestDiscoverer.TestClassName","Label":"ClassName","Category":"","Description":"","Attributes":1,"ValueType":"System.String"},"Value":"TestCarLibrary.ComaratorCostTests"}]},"Attachments":[],"Outcome":1,"ErrorMessage":null,"ErrorStackTrace":null,"DisplayName":"Compare_FirstCarCostIsHigher","Messages":[],"ComputerName":null,"Duration":"00:00:00.0006007","StartTime":"2024-02-25T19:16:34.2977991+05:00","EndTime":"2024-02-25T19:16:34.2988373+05:00","Properties":[{"Key":{"Id":"ParentExecId","Label":"ParentExecId","Category":"","Description":"","Attributes":1,"ValueType":"System.Guid"},"Value":"00000000-0000-0000-0000-000000000000"},{"Key":{"Id":"ExecutionId","Label":"ExecutionId","Category":"","Description":"","Attributes":1,"ValueType":"System.Guid"},"Value":"00000000-0000-0000-0000-000000000000"},{"Key":{"Id":"InnerResultsCount","Label":"InnerResultsCount","Category":"","Description":"","Attributes":1,"ValueType":"System.Int32"},"Value":0}]},{"TestCase":{"Id":"423710d1-e2dc-b433-b04c-e589ebb36c7a","FullyQualifiedName":"TestCarLibrary.ComaratorCostTests.Compare_SecondCarCostIsHigher","DisplayName":"Compare_SecondCarCostIsHigher","ExecutorUri":"executor://MSTestAdapter/v2","Source":"C:\\Users\\79024\\Documents\\ВШЭ\\Программирование\\Lab10\\TestCarLibrary\\bin\\Debug\\net7.0\\fine-code-coverage\\build-output\\TestCarLibrary.dll","CodeFilePath":null,"LineNumber":-1,"Properties":[{"Key":{"Id":"TestObject.Traits","Label":"Признаки","Category":"","Description":"","Attributes":5,"ValueType":"System.Collections.Generic.KeyValuePair`2[[System.String],[System.String]][]"},"Value":[]},{"Key":{"Id":"TestCase.Hierarchy","Label":"Hierarchy","Category":"","Description":"","Attributes":2,"ValueType":"System.String[]"},"Value":["TestCarLibrary","ComaratorCostTests"]},{"Key":{"Id":"TestCase.ManagedType","Label":"ManagedType","Category":"","Description":"","Attributes":1,"ValueType":"System.String"},"Value":"TestCarLibrary.ComaratorCostTests"},{"Key":{"Id":"TestCase.ManagedMethod","Label":"ManagedMethod","Category":"","Description":"","Attributes":1,"ValueType":"System.String"},"Value":"Compare_SecondCarCostIsHigher"},{"Key":{"Id":"MSTestDiscoverer.TestClassName","Label":"ClassName","Category":"","Description":"","Attributes":1,"ValueType":"System.String"},"Value":"TestCarLibrary.ComaratorCostTests"}]},"Attachments":[],"Outcome":1,"ErrorMessage":null,"ErrorStackTrace":null,"DisplayName":"Compare_SecondCarCostIsHigher","Messages":[],"ComputerName":null,"Duration":"00:00:00.0004859","StartTime":"2024-02-25T19:16:34.3045019+05:00","EndTime":"2024-02-25T19:16:34.3052982+05:00","Properties":[{"Key":{"Id":"ParentExecId","Label":"ParentExecId","Category":"","Description":"","Attributes":1,"ValueType":"System.Guid"},"Value":"00000000-0000-0000-0000-000000000000"},{"Key":{"Id":"ExecutionId","Label":"ExecutionId","Category":"","Description":"","Attributes":1,"ValueType":"System.Guid"},"Value":"00000000-0000-0000-0000-000000000000"},{"Key":{"Id":"InnerResultsCount","Label":"InnerResultsCount","Category":"","Description":"","Attributes":1,"ValueType":"System.Int32"},"Value":0}]},{"TestCase":{"Id":"f0af41e9-7d8e-7c42-16d4-6319990d0dd3","FullyQualifiedName":"TestCarLibrary.ComaratorCostTests.Compare_BothCarsCostAreEqual","DisplayName":"Compare_BothCarsCostAreEqual","ExecutorUri":"executor://MSTestAdapter/v2","Source":"C:\\Users\\79024\\Documents\\ВШЭ\\Программирование\\Lab10\\TestCarLibrary\\bin\\Debug\\net7.0\\fine-code-coverage\\build-output\\TestCarLibrary.dll","CodeFilePath":null,"LineNumber":-1,"Properties":[{"Key":{"Id":"TestObject.Traits","Label":"Признаки","Category":"","Description":"","Attributes":5,"ValueType":"System.Collections.Generic.KeyValuePair`2[[System.String],[System.String]][]"},"Value":[]},{"Key":{"Id":"TestCase.Hierarchy","Label":"Hierarchy","Category":"","Description":"","Attributes":2,"ValueType":"System.String[]"},"Value":["TestCarLibrary","ComaratorCostTests"]},{"Key":{"Id":"TestCase.ManagedType","Label":"ManagedType","Category":"","Description":"","Attributes":1,"ValueType":"System.String"},"Value":"TestCarLibrary.ComaratorCostTests"},{"Key":{"Id":"TestCase.ManagedMethod","Label":"ManagedMethod","Category":"","Description":"","Attributes":1,"ValueType":"System.String"},"Value":"Compare_BothCarsCostAreEqual"},{"Key":{"Id":"MSTestDiscoverer.TestClassName","Label":"ClassName","Category":"","Description":"","Attributes":1,"ValueType":"System.String"},"Value":"TestCarLibrary.ComaratorCostTests"}]},"Attachments":[],"Outcome":1,"ErrorMessage":null,"ErrorStackTrace":null,"DisplayName":"Compare_BothCarsCostAreEqual","Messages":[],"ComputerName":null,"Duration":"00:00:00.0002607","StartTime":"2024-02-25T19:16:34.3101694+05:00","EndTime":"2024-02-25T19:16:34.3107341+05:00","Properties":[{"Key":{"Id":"ParentExecId","Label":"ParentExecId","Category":"","Description":"","Attributes":1,"ValueType":"System.Guid"},"Value":"00000000-0000-0000-0000-000000000000"},{"Key":{"Id":"ExecutionId","Label":"ExecutionId","Category":"","Description":"","Attributes":1,"ValueType":"System.Guid"},"Value":"00000000-0000-0000-0000-000000000000"},{"Key":{"Id":"InnerResultsCount","Label":"InnerResultsCount","Category":"","Description":"","Attributes":1,"ValueType":"System.Int32"},"Value":0}]},{"TestCase":{"Id":"6c09c4b2-2924-dc37-4d6e-5455988d2dc7","FullyQualifiedName":"TestCarLibrary.HeavyCarTests.HeavyCarConstructor","DisplayName":"HeavyCarConstructor","ExecutorUri":"executor://MSTestAdapter/v2","Source":"C:\\Users\\79024\\Documents\\ВШЭ\\Программирование\\Lab10\\TestCarLibrary\\bin\\Debug\\net7.0\\fine-code-coverage\\build-output\\TestCarLibrary.dll","CodeFilePath":null,"LineNumber":-1,"Properties":[{"Key":{"Id":"TestObject.Traits","Label":"Признаки","Category":"","Description":"","Attributes":5,"ValueType":"System.Collections.Generic.KeyValuePair`2[[System.String],[System.String]][]"},"Value":[]},{"Key":{"Id":"TestCase.Hierarchy","Label":"Hierarchy","Category":"","Description":"","Attributes":2,"ValueType":"System.String[]"},"Value":["TestCarLibrary","HeavyCarTests"]},{"Key":{"Id":"TestCase.ManagedType","Label":"ManagedType","Category":"","Description":"","Attributes":1,"ValueType":"System.String"},"Value":"TestCarLibrary.HeavyCarTests"},{"Key":{"Id":"TestCase.ManagedMethod","Label":"ManagedMethod","Category":"","Description":"","Attributes":1,"ValueType":"System.String"},"Value":"HeavyCarConstructor"},{"Key":{"Id":"MSTestDiscoverer.TestClassName","Label":"ClassName","Category":"","Description":"","Attributes":1,"ValueType":"System.String"},"Value":"TestCarLibrary.HeavyCarTests"}]},"Attachments":[],"Outcome":1,"ErrorMessage":null,"ErrorStackTrace":null,"DisplayName":"HeavyCarConstructor","Messages":[],"ComputerName":null,"Duration":"00:00:00.0019743","StartTime":"2024-02-25T19:16:34.3153799+05:00","EndTime":"2024-02-25T19:16:34.3178963+05:00","Properties":[{"Key":{"Id":"ParentExecId","Label":"ParentExecId","Category":"","Description":"","Attributes":1,"ValueType":"System.Guid"},"Value":"00000000-0000-0000-0000-000000000000"},{"Key":{"Id":"ExecutionId","Label":"ExecutionId","Category":"","Description":"","Attributes":1,"ValueType":"System.Guid"},"Value":"00000000-0000-0000-0000-000000000000"},{"Key":{"Id":"InnerResultsCount","Label":"InnerResultsCount","Category":"","Description":"","Attributes":1,"ValueType":"System.Int32"},"Value":0}]}],"TestRunStatistics":{"ExecutedTests":9,"Stats":{"Passed":9}},"ActiveTests":[{"Id":"090a41e7-73e5-e244-025c-c95fbfb6f9d0","FullyQualifiedName":"TestCarLibrary.HeavyCarTests.Equals_CompareWithEqualLightCar_ReturnsTrue","DisplayName":"Equals_CompareWithEqualLightCar_ReturnsTrue","ExecutorUri":"executor://MSTestAdapter/v2","Source":"C:\\Users\\79024\\Documents\\ВШЭ\\Программирование\\Lab10\\TestCarLibrary\\bin\\Debug\\net7.0\\fine-code-coverage\\build-output\\TestCarLibrary.dll","CodeFilePath":null,"LineNumber":-1,"Properties":[{"Key":{"Id":"TestObject.Traits","Label":"Признаки","Category":"","Description":"","Attributes":5,"ValueType":"System.Collections.Generic.KeyValuePair`2[[System.String],[System.String]][]"},"Value":[]},{"Key":{"Id":"TestCase.Hierarchy","Label":"Hierarchy","Category":"","Description":"","Attributes":2,"ValueType":"System.String[]"},"Value":["TestCarLibrary","HeavyCarTests"]},{"Key":{"Id":"TestCase.ManagedType","Label":"ManagedType","Category":"","Description":"","Attributes":1,"ValueType":"System.String"},"Value":"TestCarLibrary.HeavyCarTests"},{"Key":{"Id":"TestCase.ManagedMethod","Label":"ManagedMethod","Category":"","Description":"","Attributes":1,"ValueType":"System.String"},"Value":"Equals_CompareWithEqualLightCar_ReturnsTrue"},{"Key":{"Id":"MSTestDiscoverer.TestClassName","Label":"ClassName","Category":"","Description":"","Attributes":1,"ValueType":"System.String"},"Value":"TestCarLibrary.HeavyCarTests"}]}]}}
TpTrace Verbose: 0 : 22684, 4, 2024/02/25, 19:16:34.363, 2456722398937, testhost.dll, TestRunCache: OnNewTestResult: Notified the onCacheHit callback.
TpTrace Verbose: 0 : 22684, 4, 2024/02/25, 19:16:34.366, 2456722422867, testhost.dll, MulticastDelegateUtilities.SafeInvoke: TestCaseEventsHandler.RaiseTestCaseStart: Invoking callback 1/1 for Microsoft.VisualStudio.TestPlatform.CrossPlatEngine.DataCollection.ProxyOutOfProcDataCollectionManager., took 2 ms.
TpTrace Information: 0 : 22684, 4, 2024/02/25, 19:16:34.366, 2456722424737, testhost.dll, MSTest - Executing test Equals_CompareWithEqualLightCar_ReturnsTrue
TpTrace Information: 0 : 22684, 4, 2024/02/25, 19:16:34.367, 2456722441220, testhost.dll, MSTest - Executed test Equals_CompareWithEqualLightCar_ReturnsTrue
TpTrace Verbose: 0 : 22684, 4, 2024/02/25, 19:16:34.368, 2456722442831, testhost.dll, TestExecutionRecorder.RecordEnd: test: TestCarLibrary.HeavyCarTests.Equals_CompareWithEqualLightCar_ReturnsTrue execution completed.
TpTrace Warning: 0 : 22684, 4, 2024/02/25, 19:16:34.368, 2456722443323, testhost.dll, TestRunCache: InProgressTests is null
TpTrace Verbose: 0 : 22684, 4, 2024/02/25, 19:16:34.370, 2456722466331, testhost.dll, MulticastDelegateUtilities.SafeInvoke: TestCaseEventsHandler.RaiseTestCaseEnd: Invoking callback 1/1 for Microsoft.VisualStudio.TestPlatform.CrossPlatEngine.DataCollection.ProxyOutOfProcDataCollectionManager., took 2 ms.
TpTrace Verbose: 0 : 22684, 4, 2024/02/25, 19:16:34.370, 2456722467725, testhost.dll, TestExecutionRecorder.RecordResult: Received result for test: TestCarLibrary.HeavyCarTests.Equals_CompareWithEqualLightCar_ReturnsTrue.
TpTrace Verbose: 0 : 22684, 4, 2024/02/25, 19:16:34.370, 2456722468434, testhost.dll, MulticastDelegateUtilities.SafeInvoke: TestCaseEventsHandler.RaiseTestCaseEnd: Invoking callback 1/1 for Microsoft.VisualStudio.TestPlatform.CrossPlatEngine.DataCollection.ProxyOutOfProcDataCollectionManager., took 0 ms.
TpTrace Warning: 0 : 22684, 4, 2024/02/25, 19:16:34.370, 2456722469011, testhost.dll, TestRunCache: InProgressTests is null
TpTrace Warning: 0 : 22684, 4, 2024/02/25, 19:16:34.370, 2456722469477, testhost.dll, TestRunCache: No test found corresponding to testResult 'Equals_CompareWithEqualLightCar_ReturnsTrue' in inProgress list.
TpTrace Verbose: 0 : 22684, 4, 2024/02/25, 19:16:34.370, 2456722470746, testhost.dll, TestExecutionRecorder.RecordStart: Starting test: TestCarLibrary.HeavyCarTests.ToString_ReturnsProperStringRepresentation.
TpTrace Verbose: 0 : 22684, 4, 2024/02/25, 19:16:34.373, 2456722493684, testhost.dll, MulticastDelegateUtilities.SafeInvoke: TestCaseEventsHandler.RaiseTestCaseStart: Invoking callback 1/1 for Microsoft.VisualStudio.TestPlatform.CrossPlatEngine.DataCollection.ProxyOutOfProcDataCollectionManager., took 2 ms.
TpTrace Information: 0 : 22684, 4, 2024/02/25, 19:16:34.373, 2456722494923, testhost.dll, MSTest - Executing test ToString_ReturnsProperStringRepresentation
TpTrace Information: 0 : 22684, 4, 2024/02/25, 19:16:34.374, 2456722506498, testhost.dll, MSTest - Executed test ToString_ReturnsProperStringRepresentation
TpTrace Verbose: 0 : 22684, 4, 2024/02/25, 19:16:34.374, 2456722508100, testhost.dll, TestExecutionRecorder.RecordEnd: test: TestCarLibrary.HeavyCarTests.ToString_ReturnsProperStringRepresentation execution completed.
TpTrace Verbose: 0 : 22684, 4, 2024/02/25, 19:16:34.377, 2456722532494, testhost.dll, MulticastDelegateUtilities.SafeInvoke: TestCaseEventsHandler.RaiseTestCaseEnd: Invoking callback 1/1 for Microsoft.VisualStudio.TestPlatform.CrossPlatEngine.DataCollection.ProxyOutOfProcDataCollectionManager., took 2 ms.
TpTrace Verbose: 0 : 22684, 4, 2024/02/25, 19:16:34.377, 2456722533697, testhost.dll, TestExecutionRecorder.RecordResult: Received result for test: TestCarLibrary.HeavyCarTests.ToString_ReturnsProperStringRepresentation.
TpTrace Verbose: 0 : 22684, 4, 2024/02/25, 19:16:34.377, 2456722534538, testhost.dll, MulticastDelegateUtilities.SafeInvoke: TestCaseEventsHandler.RaiseTestCaseEnd: Invoking callback 1/1 for Microsoft.VisualStudio.TestPlatform.CrossPlatEngine.DataCollection.ProxyOutOfProcDataCollectionManager., took 0 ms.
TpTrace Warning: 0 : 22684, 4, 2024/02/25, 19:16:34.377, 2456722535058, testhost.dll, TestRunCache: InProgressTests is null
TpTrace Warning: 0 : 22684, 4, 2024/02/25, 19:16:34.377, 2456722535466, testhost.dll, TestRunCache: No test found corresponding to testResult 'ToString_ReturnsProperStringRepresentation' in inProgress list.
TpTrace Verbose: 0 : 22684, 4, 2024/02/25, 19:16:34.377, 2456722536505, testhost.dll, TestExecutionRecorder.RecordStart: Starting test: TestCarLibrary.HeavyCarTests.RandomInit_SetsRandomValuesWithinSpecifiedRanges.
TpTrace Verbose: 0 : 22684, 4, 2024/02/25, 19:16:34.389, 2456722656178, testhost.dll, MulticastDelegateUtilities.SafeInvoke: TestCaseEventsHandler.RaiseTestCaseStart: Invoking callback 1/1 for Microsoft.VisualStudio.TestPlatform.CrossPlatEngine.DataCollection.ProxyOutOfProcDataCollectionManager., took 11 ms.
TpTrace Information: 0 : 22684, 4, 2024/02/25, 19:16:34.389, 2456722657564, testhost.dll, MSTest - Executing test RandomInit_SetsRandomValuesWithinSpecifiedRanges
TpTrace Information: 0 : 22684, 4, 2024/02/25, 19:16:34.391, 2456722675619, testhost.dll, MSTest - Executed test RandomInit_SetsRandomValuesWithinSpecifiedRanges
TpTrace Verbose: 0 : 22684, 4, 2024/02/25, 19:16:34.391, 2456722677229, testhost.dll, TestExecutionRecorder.RecordEnd: test: TestCarLibrary.HeavyCarTests.RandomInit_SetsRandomValuesWithinSpecifiedRanges execution completed.
TpTrace Verbose: 0 : 22684, 4, 2024/02/25, 19:16:34.393, 2456722700403, testhost.dll, MulticastDelegateUtilities.SafeInvoke: TestCaseEventsHandler.RaiseTestCaseEnd: Invoking callback 1/1 for Microsoft.VisualStudio.TestPlatform.CrossPlatEngine.DataCollection.ProxyOutOfProcDataCollectionManager., took 2 ms.
TpTrace Verbose: 0 : 22684, 4, 2024/02/25, 19:16:34.393, 2456722701566, testhost.dll, TestExecutionRecorder.RecordResult: Received result for test: TestCarLibrary.HeavyCarTests.RandomInit_SetsRandomValuesWithinSpecifiedRanges.
TpTrace Verbose: 0 : 22684, 4, 2024/02/25, 19:16:34.393, 2456722702313, testhost.dll, MulticastDelegateUtilities.SafeInvoke: TestCaseEventsHandler.RaiseTestCaseEnd: Invoking callback 1/1 for Microsoft.VisualStudio.TestPlatform.CrossPlatEngine.DataCollection.ProxyOutOfProcDataCollectionManager., took 0 ms.
TpTrace Warning: 0 : 22684, 4, 2024/02/25, 19:16:34.394, 2456722703131, testhost.dll, TestRunCache: InProgressTests is null
TpTrace Warning: 0 : 22684, 4, 2024/02/25, 19:16:34.394, 2456722703693, testhost.dll, TestRunCache: No test found corresponding to testResult 'RandomInit_SetsRandomValuesWithinSpecifiedRanges' in inProgress list.
TpTrace Verbose: 0 : 22684, 4, 2024/02/25, 19:16:34.394, 2456722704932, testhost.dll, TestExecutionRecorder.RecordStart: Starting test: TestCarLibrary.HeavyCarTests.TestShallowCopyMethod.
TpTrace Verbose: 0 : 22684, 4, 2024/02/25, 19:16:34.396, 2456722730156, testhost.dll, MulticastDelegateUtilities.SafeInvoke: TestCaseEventsHandler.RaiseTestCaseStart: Invoking callback 1/1 for Microsoft.VisualStudio.TestPlatform.CrossPlatEngine.DataCollection.ProxyOutOfProcDataCollectionManager., took 2 ms.
TpTrace Information: 0 : 22684, 4, 2024/02/25, 19:16:34.396, 2456722731298, testhost.dll, MSTest - Executing test TestShallowCopyMethod
TpTrace Information: 0 : 22684, 4, 2024/02/25, 19:16:34.397, 2456722738063, testhost.dll, MSTest - Executed test TestShallowCopyMethod
TpTrace Verbose: 0 : 22684, 4, 2024/02/25, 19:16:34.397, 2456722739595, testhost.dll, TestExecutionRecorder.RecordEnd: test: TestCarLibrary.HeavyCarTests.TestShallowCopyMethod execution completed.
TpTrace Verbose: 0 : 22684, 4, 2024/02/25, 19:16:34.400, 2456722763277, testhost.dll, MulticastDelegateUtilities.SafeInvoke: TestCaseEventsHandler.RaiseTestCaseEnd: Invoking callback 1/1 for Microsoft.VisualStudio.TestPlatform.CrossPlatEngine.DataCollection.ProxyOutOfProcDataCollectionManager., took 2 ms.
TpTrace Verbose: 0 : 22684, 4, 2024/02/25, 19:16:34.400, 2456722766175, testhost.dll, TestExecutionRecorder.RecordResult: Received result for test: TestCarLibrary.HeavyCarTests.TestShallowCopyMethod.
TpTrace Verbose: 0 : 22684, 4, 2024/02/25, 19:16:34.400, 2456722767414, testhost.dll, MulticastDelegateUtilities.SafeInvoke: TestCaseEventsHandler.RaiseTestCaseEnd: Invoking callback 1/1 for Microsoft.VisualStudio.TestPlatform.CrossPlatEngine.DataCollection.ProxyOutOfProcDataCollectionManager., took 0 ms.
TpTrace Warning: 0 : 22684, 4, 2024/02/25, 19:16:34.400, 2456722768154, testhost.dll, TestRunCache: InProgressTests is null
TpTrace Warning: 0 : 22684, 4, 2024/02/25, 19:16:34.400, 2456722768635, testhost.dll, TestRunCache: No test found corresponding to testResult 'TestShallowCopyMethod' in inProgress list.
TpTrace Verbose: 0 : 22684, 4, 2024/02/25, 19:16:34.400, 2456722769741, testhost.dll, TestExecutionRecorder.RecordStart: Starting test: TestCarLibrary.HeavyCarTests.TestCloneMethod.
TpTrace Verbose: 0 : 22684, 4, 2024/02/25, 19:16:34.403, 2456722799404, testhost.dll, MulticastDelegateUtilities.SafeInvoke: TestCaseEventsHandler.RaiseTestCaseStart: Invoking callback 1/1 for Microsoft.VisualStudio.TestPlatform.CrossPlatEngine.DataCollection.ProxyOutOfProcDataCollectionManager., took 2 ms.
TpTrace Information: 0 : 22684, 4, 2024/02/25, 19:16:34.403, 2456722800714, testhost.dll, MSTest - Executing test TestCloneMethod
TpTrace Information: 0 : 22684, 4, 2024/02/25, 19:16:34.409, 2456722861310, testhost.dll, AssemblyResolver.OnResolve: Microsoft.VisualStudio.TestPlatform.MSTest.TestAdapter.resources: Resolving assembly.
TpTrace Information: 0 : 22684, 4, 2024/02/25, 19:16:34.410, 2456722862921, testhost.dll, AssemblyResolver.OnResolve: Microsoft.VisualStudio.TestPlatform.MSTest.TestAdapter.resources: Searching in: 'C:\Users\79024\Documents\ВШЭ\Программирование\Lab10\TestCarLibrary\bin\Debug\net7.0\fine-code-coverage\build-output'.
TpTrace Information: 0 : 22684, 4, 2024/02/25, 19:16:34.410, 2456722864393, testhost.dll, AssemblyResolver.OnResolve: Microsoft.VisualStudio.TestPlatform.MSTest.TestAdapter.resources: Assembly path does not exist: 'C:\Users\79024\Documents\ВШЭ\Программирование\Lab10\TestCarLibrary\bin\Debug\net7.0\fine-code-coverage\build-output\Microsoft.VisualStudio.TestPlatform.MSTest.TestAdapter.resources.dll', returning.
TpTrace Information: 0 : 22684, 4, 2024/02/25, 19:16:34.410, 2456722865650, testhost.dll, AssemblyResolver.OnResolve: Microsoft.VisualStudio.TestPlatform.MSTest.TestAdapter.resources: Assembly path does not exist: 'C:\Users\79024\Documents\ВШЭ\Программирование\Lab10\TestCarLibrary\bin\Debug\net7.0\fine-code-coverage\build-output\Microsoft.VisualStudio.TestPlatform.MSTest.TestAdapter.resources.exe', returning.
TpTrace Information: 0 : 22684, 4, 2024/02/25, 19:16:34.410, 2456722866178, testhost.dll, AssemblyResolver.OnResolve: Microsoft.VisualStudio.TestPlatform.MSTest.TestAdapter.resources: Failed to load assembly.
TpTrace Information: 0 : 22684, 4, 2024/02/25, 19:16:34.436, 2456723131477, testhost.dll, MSTest - Executed test TestCloneMethod
TpTrace Verbose: 0 : 22684, 4, 2024/02/25, 19:16:34.437, 2456723133224, testhost.dll, TestExecutionRecorder.RecordEnd: test: TestCarLibrary.HeavyCarTests.TestCloneMethod execution completed.
TpTrace Verbose: 0 : 22684, 4, 2024/02/25, 19:16:34.439, 2456723155770, testhost.dll, MulticastDelegateUtilities.SafeInvoke: TestCaseEventsHandler.RaiseTestCaseEnd: Invoking callback 1/1 for Microsoft.VisualStudio.TestPlatform.CrossPlatEngine.DataCollection.ProxyOutOfProcDataCollectionManager., took 2 ms.
TpTrace Information: 0 : 22684, 4, 2024/02/25, 19:16:34.439, 2456723158842, testhost.dll, MSTest - MSTestExecutor:Test TestCarLibrary.HeavyCarTests.TestCloneMethod failed. ErrorMessage:Метод теста TestCarLibrary.HeavyCarTests.TestCloneMethod создал исключение: 
System.NullReferenceException: Object reference not set to an instance of an object.., ErrorStackTrace:    at CarLibrary.HeavyCar.Clone() in C:\Users\79024\Documents\ВШЭ\Программирование\Lab10\CarLibrary\HeavyCar.cs:line 68
   at TestCarLibrary.HeavyCarTests.TestCloneMethod() in C:\Users\79024\Documents\ВШЭ\Программирование\Lab10\TestCarLibrary\HeavyCarTests.cs:line 64
   at System.RuntimeMethodHandle.InvokeMethod(Object target, Void** arguments, Signature sig, Boolean isConstructor)
   at System.Reflection.MethodInvoker.Invoke(Object obj, IntPtr* args, BindingFlags invokeAttr)
.
TpTrace Verbose: 0 : 22684, 4, 2024/02/25, 19:16:34.439, 2456723160715, testhost.dll, TestExecutionRecorder.RecordResult: Received result for test: TestCarLibrary.HeavyCarTests.TestCloneMethod.
TpTrace Verbose: 0 : 22684, 4, 2024/02/25, 19:16:34.439, 2456723161911, testhost.dll, MulticastDelegateUtilities.SafeInvoke: TestCaseEventsHandler.RaiseTestCaseEnd: Invoking callback 1/1 for Microsoft.VisualStudio.TestPlatform.CrossPlatEngine.DataCollection.ProxyOutOfProcDataCollectionManager., took 0 ms.
TpTrace Warning: 0 : 22684, 4, 2024/02/25, 19:16:34.440, 2456723162815, testhost.dll, TestRunCache: InProgressTests is null
TpTrace Warning: 0 : 22684, 4, 2024/02/25, 19:16:34.440, 2456723163547, testhost.dll, TestRunCache: No test found corresponding to testResult 'TestCloneMethod' in inProgress list.
TpTrace Verbose: 0 : 22684, 4, 2024/02/25, 19:16:34.440, 2456723165018, testhost.dll, TestExecutionRecorder.RecordStart: Starting test: TestCarLibrary.IdNumberTests.IdNumberConstructor.
TpTrace Verbose: 0 : 22684, 4, 2024/02/25, 19:16:34.442, 2456723191754, testhost.dll, MulticastDelegateUtilities.SafeInvoke: TestCaseEventsHandler.RaiseTestCaseStart: Invoking callback 1/1 for Microsoft.VisualStudio.TestPlatform.CrossPlatEngine.DataCollection.ProxyOutOfProcDataCollectionManager., took 2 ms.
TpTrace Information: 0 : 22684, 4, 2024/02/25, 19:16:34.443, 2456723193318, testhost.dll, MSTest - Executing test IdNumberConstructor
TpTrace Information: 0 : 22684, 4, 2024/02/25, 19:16:34.444, 2456723205939, testhost.dll, MSTest - Executed test IdNumberConstructor
TpTrace Verbose: 0 : 22684, 4, 2024/02/25, 19:16:34.444, 2456723207944, testhost.dll, TestExecutionRecorder.RecordEnd: test: TestCarLibrary.IdNumberTests.IdNumberConstructor execution completed.
TpTrace Verbose: 0 : 22684, 4, 2024/02/25, 19:16:34.446, 2456723232164, testhost.dll, MulticastDelegateUtilities.SafeInvoke: TestCaseEventsHandler.RaiseTestCaseEnd: Invoking callback 1/1 for Microsoft.VisualStudio.TestPlatform.CrossPlatEngine.DataCollection.ProxyOutOfProcDataCollectionManager., took 2 ms.
TpTrace Verbose: 0 : 22684, 4, 2024/02/25, 19:16:34.447, 2456723233265, testhost.dll, TestExecutionRecorder.RecordResult: Received result for test: TestCarLibrary.IdNumberTests.IdNumberConstructor.
TpTrace Verbose: 0 : 22684, 4, 2024/02/25, 19:16:34.447, 2456723233953, testhost.dll, MulticastDelegateUtilities.SafeInvoke: TestCaseEventsHandler.RaiseTestCaseEnd: Invoking callback 1/1 for Microsoft.VisualStudio.TestPlatform.CrossPlatEngine.DataCollection.ProxyOutOfProcDataCollectionManager., took 0 ms.
TpTrace Warning: 0 : 22684, 4, 2024/02/25, 19:16:34.447, 2456723234522, testhost.dll, TestRunCache: InProgressTests is null
TpTrace Warning: 0 : 22684, 4, 2024/02/25, 19:16:34.447, 2456723234924, testhost.dll, TestRunCache: No test found corresponding to testResult 'IdNumberConstructor' in inProgress list.
TpTrace Verbose: 0 : 22684, 4, 2024/02/25, 19:16:34.447, 2456723235985, testhost.dll, TestExecutionRecorder.RecordStart: Starting test: TestCarLibrary.IdNumberTests.IdNumberEquals.
TpTrace Verbose: 0 : 22684, 4, 2024/02/25, 19:16:34.449, 2456723256349, testhost.dll, MulticastDelegateUtilities.SafeInvoke: TestCaseEventsHandler.RaiseTestCaseStart: Invoking callback 1/1 for Microsoft.VisualStudio.TestPlatform.CrossPlatEngine.DataCollection.ProxyOutOfProcDataCollectionManager., took 1 ms.
TpTrace Information: 0 : 22684, 4, 2024/02/25, 19:16:34.449, 2456723257901, testhost.dll, MSTest - Executing test IdNumberEquals
TpTrace Information: 0 : 22684, 4, 2024/02/25, 19:16:34.450, 2456723271475, testhost.dll, MSTest - Executed test IdNumberEquals
TpTrace Verbose: 0 : 22684, 4, 2024/02/25, 19:16:34.451, 2456723273237, testhost.dll, TestExecutionRecorder.RecordEnd: test: TestCarLibrary.IdNumberTests.IdNumberEquals execution completed.
TpTrace Verbose: 0 : 22684, 4, 2024/02/25, 19:16:34.453, 2456723295003, testhost.dll, MulticastDelegateUtilities.SafeInvoke: TestCaseEventsHandler.RaiseTestCaseEnd: Invoking callback 1/1 for Microsoft.VisualStudio.TestPlatform.CrossPlatEngine.DataCollection.ProxyOutOfProcDataCollectionManager., took 2 ms.
TpTrace Verbose: 0 : 22684, 4, 2024/02/25, 19:16:34.453, 2456723296335, testhost.dll, TestExecutionRecorder.RecordResult: Received result for test: TestCarLibrary.IdNumberTests.IdNumberEquals.
TpTrace Verbose: 0 : 22684, 4, 2024/02/25, 19:16:34.453, 2456723297256, testhost.dll, MulticastDelegateUtilities.SafeInvoke: TestCaseEventsHandler.RaiseTestCaseEnd: Invoking callback 1/1 for Microsoft.VisualStudio.TestPlatform.CrossPlatEngine.DataCollection.ProxyOutOfProcDataCollectionManager., took 0 ms.
TpTrace Warning: 0 : 22684, 4, 2024/02/25, 19:16:34.453, 2456723298011, testhost.dll, TestRunCache: InProgressTests is null
TpTrace Warning: 0 : 22684, 4, 2024/02/25, 19:16:34.453, 2456723298630, testhost.dll, TestRunCache: No test found corresponding to testResult 'IdNumberEquals' in inProgress list.
TpTrace Verbose: 0 : 22684, 4, 2024/02/25, 19:16:34.453, 2456723299996, testhost.dll, TestExecutionRecorder.RecordStart: Starting test: TestCarLibrary.IdNumberTests.IdNumberToString.
TpTrace Verbose: 0 : 22684, 4, 2024/02/25, 19:16:34.455, 2456723320757, testhost.dll, MulticastDelegateUtilities.SafeInvoke: TestCaseEventsHandler.RaiseTestCaseStart: Invoking callback 1/1 for Microsoft.VisualStudio.TestPlatform.CrossPlatEngine.DataCollection.ProxyOutOfProcDataCollectionManager., took 1 ms.
TpTrace Information: 0 : 22684, 4, 2024/02/25, 19:16:34.455, 2456723322138, testhost.dll, MSTest - Executing test IdNumberToString
TpTrace Information: 0 : 22684, 4, 2024/02/25, 19:16:34.456, 2456723328786, testhost.dll, MSTest - Executed test IdNumberToString
TpTrace Verbose: 0 : 22684, 4, 2024/02/25, 19:16:34.456, 2456723330183, testhost.dll, TestExecutionRecorder.RecordEnd: test: TestCarLibrary.IdNumberTests.IdNumberToString execution completed.
TpTrace Verbose: 0 : 22684, 4, 2024/02/25, 19:16:34.459, 2456723357432, testhost.dll, MulticastDelegateUtilities.SafeInvoke: TestCaseEventsHandler.RaiseTestCaseEnd: Invoking callback 1/1 for Microsoft.VisualStudio.TestPlatform.CrossPlatEngine.DataCollection.ProxyOutOfProcDataCollectionManager., took 2 ms.
TpTrace Verbose: 0 : 22684, 4, 2024/02/25, 19:16:34.459, 2456723358614, testhost.dll, TestExecutionRecorder.RecordResult: Received result for test: TestCarLibrary.IdNumberTests.IdNumberToString.
TpTrace Verbose: 0 : 22684, 4, 2024/02/25, 19:16:34.459, 2456723359357, testhost.dll, MulticastDelegateUtilities.SafeInvoke: TestCaseEventsHandler.RaiseTestCaseEnd: Invoking callback 1/1 for Microsoft.VisualStudio.TestPlatform.CrossPlatEngine.DataCollection.ProxyOutOfProcDataCollectionManager., took 0 ms.
TpTrace Warning: 0 : 22684, 4, 2024/02/25, 19:16:34.459, 2456723359871, testhost.dll, TestRunCache: InProgressTests is null
TpTrace Warning: 0 : 22684, 4, 2024/02/25, 19:16:34.459, 2456723361028, testhost.dll, TestRunCache: No test found corresponding to testResult 'IdNumberToString' in inProgress list.
TpTrace Verbose: 0 : 22684, 4, 2024/02/25, 19:16:34.460, 2456723362519, testhost.dll, TestExecutionRecorder.RecordStart: Starting test: TestCarLibrary.LightCarTests.LightCarConstructor.
TpTrace Verbose: 0 : 22684, 4, 2024/02/25, 19:16:34.462, 2456723382970, testhost.dll, MulticastDelegateUtilities.SafeInvoke: TestCaseEventsHandler.RaiseTestCaseStart: Invoking callback 1/1 for Microsoft.VisualStudio.TestPlatform.CrossPlatEngine.DataCollection.ProxyOutOfProcDataCollectionManager., took 1 ms.
TpTrace Information: 0 : 22684, 4, 2024/02/25, 19:16:34.462, 2456723384266, testhost.dll, MSTest - Executing test LightCarConstructor
TpTrace Information: 0 : 22684, 4, 2024/02/25, 19:16:34.463, 2456723396889, testhost.dll, MSTest - Executed test LightCarConstructor
TpTrace Verbose: 0 : 22684, 4, 2024/02/25, 19:16:34.463, 2456723398274, testhost.dll, TestExecutionRecorder.RecordEnd: test: TestCarLibrary.LightCarTests.LightCarConstructor execution completed.
TpTrace Verbose: 0 : 22684, 4, 2024/02/25, 19:16:34.465, 2456723419794, testhost.dll, MulticastDelegateUtilities.SafeInvoke: TestCaseEventsHandler.RaiseTestCaseEnd: Invoking callback 1/1 for Microsoft.VisualStudio.TestPlatform.CrossPlatEngine.DataCollection.ProxyOutOfProcDataCollectionManager., took 2 ms.
TpTrace Verbose: 0 : 22684, 4, 2024/02/25, 19:16:34.465, 2456723421004, testhost.dll, TestExecutionRecorder.RecordResult: Received result for test: TestCarLibrary.LightCarTests.LightCarConstructor.
TpTrace Verbose: 0 : 22684, 4, 2024/02/25, 19:16:34.465, 2456723421765, testhost.dll, MulticastDelegateUtilities.SafeInvoke: TestCaseEventsHandler.RaiseTestCaseEnd: Invoking callback 1/1 for Microsoft.VisualStudio.TestPlatform.CrossPlatEngine.DataCollection.ProxyOutOfProcDataCollectionManager., took 0 ms.
TpTrace Warning: 0 : 22684, 4, 2024/02/25, 19:16:34.466, 2456723422366, testhost.dll, TestRunCache: InProgressTests is null
TpTrace Warning: 0 : 22684, 4, 2024/02/25, 19:16:34.466, 2456723422778, testhost.dll, TestRunCache: No test found corresponding to testResult 'LightCarConstructor' in inProgress list.
TpTrace Verbose: 0 : 22684, 4, 2024/02/25, 19:16:34.466, 2456723423983, testhost.dll, TestExecutionRecorder.RecordStart: Starting test: TestCarLibrary.LightCarTests.Equals_CompareWithEqualLightCar_ReturnsTrue.
TpTrace Information: 0 : 22684, 4, 2024/02/25, 19:16:34.466, 2456723425600, testhost.dll, Sending test run statistics
TpTrace Verbose: 0 : 22684, 4, 2024/02/25, 19:16:34.468, 2456723448620, testhost.dll, TestRequestHandler.SendData: sending data from testhost: {"Version":7,"MessageType":"TestExecution.StatsChange","Payload":{"NewTestResults":[{"TestCase":{"Id":"090a41e7-73e5-e244-025c-c95fbfb6f9d0","FullyQualifiedName":"TestCarLibrary.HeavyCarTests.Equals_CompareWithEqualLightCar_ReturnsTrue","DisplayName":"Equals_CompareWithEqualLightCar_ReturnsTrue","ExecutorUri":"executor://MSTestAdapter/v2","Source":"C:\\Users\\79024\\Documents\\ВШЭ\\Программирование\\Lab10\\TestCarLibrary\\bin\\Debug\\net7.0\\fine-code-coverage\\build-output\\TestCarLibrary.dll","CodeFilePath":null,"LineNumber":-1,"Properties":[{"Key":{"Id":"TestObject.Traits","Label":"Признаки","Category":"","Description":"","Attributes":5,"ValueType":"System.Collections.Generic.KeyValuePair`2[[System.String],[System.String]][]"},"Value":[]},{"Key":{"Id":"TestCase.Hierarchy","Label":"Hierarchy","Category":"","Description":"","Attributes":2,"ValueType":"System.String[]"},"Value":["TestCarLibrary","HeavyCarTests"]},{"Key":{"Id":"TestCase.ManagedType","Label":"ManagedType","Category":"","Description":"","Attributes":1,"ValueType":"System.String"},"Value":"TestCarLibrary.HeavyCarTests"},{"Key":{"Id":"TestCase.ManagedMethod","Label":"ManagedMethod","Category":"","Description":"","Attributes":1,"ValueType":"System.String"},"Value":"Equals_CompareWithEqualLightCar_ReturnsTrue"},{"Key":{"Id":"MSTestDiscoverer.TestClassName","Label":"ClassName","Category":"","Description":"","Attributes":1,"ValueType":"System.String"},"Value":"TestCarLibrary.HeavyCarTests"}]},"Attachments":[],"Outcome":1,"ErrorMessage":null,"ErrorStackTrace":null,"DisplayName":"Equals_CompareWithEqualLightCar_ReturnsTrue","Messages":[],"ComputerName":null,"Duration":"00:00:00.0013463","StartTime":"2024-02-25T19:16:34.3662327+05:00","EndTime":"2024-02-25T19:16:34.368031+05:00","Properties":[{"Key":{"Id":"ParentExecId","Label":"ParentExecId","Category":"","Description":"","Attributes":1,"ValueType":"System.Guid"},"Value":"00000000-0000-0000-0000-000000000000"},{"Key":{"Id":"ExecutionId","Label":"ExecutionId","Category":"","Description":"","Attributes":1,"ValueType":"System.Guid"},"Value":"00000000-0000-0000-0000-000000000000"},{"Key":{"Id":"InnerResultsCount","Label":"InnerResultsCount","Category":"","Description":"","Attributes":1,"ValueType":"System.Int32"},"Value":0}]},{"TestCase":{"Id":"afbe7950-65d2-309c-ca26-641df9b953a5","FullyQualifiedName":"TestCarLibrary.HeavyCarTests.ToString_ReturnsProperStringRepresentation","DisplayName":"ToString_ReturnsProperStringRepresentation","ExecutorUri":"executor://MSTestAdapter/v2","Source":"C:\\Users\\79024\\Documents\\ВШЭ\\Программирование\\Lab10\\TestCarLibrary\\bin\\Debug\\net7.0\\fine-code-coverage\\build-output\\TestCarLibrary.dll","CodeFilePath":null,"LineNumber":-1,"Properties":[{"Key":{"Id":"TestObject.Traits","Label":"Признаки","Category":"","Description":"","Attributes":5,"ValueType":"System.Collections.Generic.KeyValuePair`2[[System.String],[System.String]][]"},"Value":[]},{"Key":{"Id":"TestCase.Hierarchy","Label":"Hierarchy","Category":"","Description":"","Attributes":2,"ValueType":"System.String[]"},"Value":["TestCarLibrary","HeavyCarTests"]},{"Key":{"Id":"TestCase.ManagedType","Label":"ManagedType","Category":"","Description":"","Attributes":1,"ValueType":"System.String"},"Value":"TestCarLibrary.HeavyCarTests"},{"Key":{"Id":"TestCase.ManagedMethod","Label":"ManagedMethod","Category":"","Description":"","Attributes":1,"ValueType":"System.String"},"Value":"ToString_ReturnsProperStringRepresentation"},{"Key":{"Id":"MSTestDiscoverer.TestClassName","Label":"ClassName","Category":"","Description":"","Attributes":1,"ValueType":"System.String"},"Value":"TestCarLibrary.HeavyCarTests"}]},"Attachments":[],"Outcome":1,"ErrorMessage":null,"ErrorStackTrace":null,"DisplayName":"ToString_ReturnsProperStringRepresentation","Messages":[],"ComputerName":null,"Duration":"00:00:00.0009047","StartTime":"2024-02-25T19:16:34.373254+05:00","EndTime":"2024-02-25T19:16:34.3745578+05:00","Properties":[{"Key":{"Id":"ParentExecId","Label":"ParentExecId","Category":"","Description":"","Attributes":1,"ValueType":"System.Guid"},"Value":"00000000-0000-0000-0000-000000000000"},{"Key":{"Id":"ExecutionId","Label":"ExecutionId","Category":"","Description":"","Attributes":1,"ValueType":"System.Guid"},"Value":"00000000-0000-0000-0000-000000000000"},{"Key":{"Id":"InnerResultsCount","Label":"InnerResultsCount","Category":"","Description":"","Attributes":1,"ValueType":"System.Int32"},"Value":0}]},{"TestCase":{"Id":"ff41d888-a9d6-b891-dd5c-7a86d0cadfe5","FullyQualifiedName":"TestCarLibrary.HeavyCarTests.RandomInit_SetsRandomValuesWithinSpecifiedRanges","DisplayName":"RandomInit_SetsRandomValuesWithinSpecifiedRanges","ExecutorUri":"executor://MSTestAdapter/v2","Source":"C:\\Users\\79024\\Documents\\ВШЭ\\Программирование\\Lab10\\TestCarLibrary\\bin\\Debug\\net7.0\\fine-code-coverage\\build-output\\TestCarLibrary.dll","CodeFilePath":null,"LineNumber":-1,"Properties":[{"Key":{"Id":"TestObject.Traits","Label":"Признаки","Category":"","Description":"","Attributes":5,"ValueType":"System.Collections.Generic.KeyValuePair`2[[System.String],[System.String]][]"},"Value":[]},{"Key":{"Id":"TestCase.Hierarchy","Label":"Hierarchy","Category":"","Description":"","Attributes":2,"ValueType":"System.String[]"},"Value":["TestCarLibrary","HeavyCarTests"]},{"Key":{"Id":"TestCase.ManagedType","Label":"ManagedType","Category":"","Description":"","Attributes":1,"ValueType":"System.String"},"Value":"TestCarLibrary.HeavyCarTests"},{"Key":{"Id":"TestCase.ManagedMethod","Label":"ManagedMethod","Category":"","Description":"","Attributes":1,"ValueType":"System.String"},"Value":"RandomInit_SetsRandomValuesWithinSpecifiedRanges"},{"Key":{"Id":"MSTestDiscoverer.TestClassName","Label":"ClassName","Category":"","Description":"","Attributes":1,"ValueType":"System.String"},"Value":"TestCarLibrary.HeavyCarTests"}]},"Attachments":[],"Outcome":1,"ErrorMessage":null,"ErrorStackTrace":null,"DisplayName":"RandomInit_SetsRandomValuesWithinSpecifiedRanges","Messages":[],"ComputerName":null,"Duration":"00:00:00.0015444","StartTime":"2024-02-25T19:16:34.3895176+05:00","EndTime":"2024-02-25T19:16:34.3914707+05:00","Properties":[{"Key":{"Id":"ParentExecId","Label":"ParentExecId","Category":"","Description":"","Attributes":1,"ValueType":"System.Guid"},"Value":"00000000-0000-0000-0000-000000000000"},{"Key":{"Id":"ExecutionId","Label":"ExecutionId","Category":"","Description":"","Attributes":1,"ValueType":"System.Guid"},"Value":"00000000-0000-0000-0000-000000000000"},{"Key":{"Id":"InnerResultsCount","Label":"InnerResultsCount","Category":"","Description":"","Attributes":1,"ValueType":"System.Int32"},"Value":0}]},{"TestCase":{"Id":"9e676f8a-3844-d34e-3166-253bb56d7789","FullyQualifiedName":"TestCarLibrary.HeavyCarTests.TestShallowCopyMethod","DisplayName":"TestShallowCopyMethod","ExecutorUri":"executor://MSTestAdapter/v2","Source":"C:\\Users\\79024\\Documents\\ВШЭ\\Программирование\\Lab10\\TestCarLibrary\\bin\\Debug\\net7.0\\fine-code-coverage\\build-output\\TestCarLibrary.dll","CodeFilePath":null,"LineNumber":-1,"Properties":[{"Key":{"Id":"TestObject.Traits","Label":"Признаки","Category":"","Description":"","Attributes":5,"ValueType":"System.Collections.Generic.KeyValuePair`2[[System.String],[System.String]][]"},"Value":[]},{"Key":{"Id":"TestCase.Hierarchy","Label":"Hierarchy","Category":"","Description":"","Attributes":2,"ValueType":"System.String[]"},"Value":["TestCarLibrary","HeavyCarTests"]},{"Key":{"Id":"TestCase.ManagedType","Label":"ManagedType","Category":"","Description":"","Attributes":1,"ValueType":"System.String"},"Value":"TestCarLibrary.HeavyCarTests"},{"Key":{"Id":"TestCase.ManagedMethod","Label":"ManagedMethod","Category":"","Description":"","Attributes":1,"ValueType":"System.String"},"Value":"TestShallowCopyMethod"},{"Key":{"Id":"MSTestDiscoverer.TestClassName","Label":"ClassName","Category":"","Description":"","Attributes":1,"ValueType":"System.String"},"Value":"TestCarLibrary.HeavyCarTests"}]},"Attachments":[],"Outcome":1,"ErrorMessage":null,"ErrorStackTrace":null,"DisplayName":"TestShallowCopyMethod","Messages":[],"ComputerName":null,"Duration":"00:00:00.0004288","StartTime":"2024-02-25T19:16:34.3968906+05:00","EndTime":"2024-02-25T19:16:34.3977077+05:00","Properties":[{"Key":{"Id":"ParentExecId","Label":"ParentExecId","Category":"","Description":"","Attributes":1,"ValueType":"System.Guid"},"Value":"00000000-0000-0000-0000-000000000000"},{"Key":{"Id":"ExecutionId","Label":"ExecutionId","Category":"","Description":"","Attributes":1,"ValueType":"System.Guid"},"Value":"00000000-0000-0000-0000-000000000000"},{"Key":{"Id":"InnerResultsCount","Label":"InnerResultsCount","Category":"","Description":"","Attributes":1,"ValueType":"System.Int32"},"Value":0}]},{"TestCase":{"Id":"53419e9f-7a19-67eb-b068-1f59717bd6ac","FullyQualifiedName":"TestCarLibrary.HeavyCarTests.TestCloneMethod","DisplayName":"TestCloneMethod","ExecutorUri":"executor://MSTestAdapter/v2","Source":"C:\\Users\\79024\\Documents\\ВШЭ\\Программирование\\Lab10\\TestCarLibrary\\bin\\Debug\\net7.0\\fine-code-coverage\\build-output\\TestCarLibrary.dll","CodeFilePath":null,"LineNumber":-1,"Properties":[{"Key":{"Id":"TestObject.Traits","Label":"Признаки","Category":"","Description":"","Attributes":5,"ValueType":"System.Collections.Generic.KeyValuePair`2[[System.String],[System.String]][]"},"Value":[]},{"Key":{"Id":"TestCase.Hierarchy","Label":"Hierarchy","Category":"","Description":"","Attributes":2,"ValueType":"System.String[]"},"Value":["TestCarLibrary","HeavyCarTests"]},{"Key":{"Id":"TestCase.ManagedType","Label":"ManagedType","Category":"","Description":"","Attributes":1,"ValueType":"System.String"},"Value":"TestCarLibrary.HeavyCarTests"},{"Key":{"Id":"TestCase.ManagedMethod","Label":"ManagedMethod","Category":"","Description":"","Attributes":1,"ValueType":"System.String"},"Value":"TestCloneMethod"},{"Key":{"Id":"MSTestDiscoverer.TestClassName","Label":"ClassName","Category":"","Description":"","Attributes":1,"ValueType":"System.String"},"Value":"TestCarLibrary.HeavyCarTests"}]},"Attachments":[],"Outcome":2,"ErrorMessage":"Метод теста TestCarLibrary.HeavyCarTests.TestCloneMethod создал исключение: \r\nSystem.NullReferenceException: Object reference not set to an instance of an object..","ErrorStackTrace":"    at CarLibrary.HeavyCar.Clone() in C:\\Users\\79024\\Documents\\ВШЭ\\Программирование\\Lab10\\CarLibrary\\HeavyCar.cs:line 68\r\n   at TestCarLibrary.HeavyCarTests.TestCloneMethod() in C:\\Users\\79024\\Documents\\ВШЭ\\Программирование\\Lab10\\TestCarLibrary\\HeavyCarTests.cs:line 64\r\n   at System.RuntimeMethodHandle.InvokeMethod(Object target, Void** arguments, Signature sig, Boolean isConstructor)\r\n   at System.Reflection.MethodInvoker.Invoke(Object obj, IntPtr* args, BindingFlags invokeAttr)\r\n","DisplayName":"TestCloneMethod","Messages":[],"ComputerName":null,"Duration":"00:00:00.0322059","StartTime":"2024-02-25T19:16:34.4038329+05:00","EndTime":"2024-02-25T19:16:34.4370694+05:00","Properties":[{"Key":{"Id":"ParentExecId","Label":"ParentExecId","Category":"","Description":"","Attributes":1,"ValueType":"System.Guid"},"Value":"00000000-0000-0000-0000-000000000000"},{"Key":{"Id":"ExecutionId","Label":"ExecutionId","Category":"","Description":"","Attributes":1,"ValueType":"System.Guid"},"Value":"00000000-0000-0000-0000-000000000000"},{"Key":{"Id":"InnerResultsCount","Label":"InnerResultsCount","Category":"","Description":"","Attributes":1,"ValueType":"System.Int32"},"Value":0}]},{"TestCase":{"Id":"d5bd9d9e-270c-f5f0-897a-0db973fc95b3","FullyQualifiedName":"TestCarLibrary.IdNumberTests.IdNumberConstructor","DisplayName":"IdNumberConstructor","ExecutorUri":"executor://MSTestAdapter/v2","Source":"C:\\Users\\79024\\Documents\\ВШЭ\\Программирование\\Lab10\\TestCarLibrary\\bin\\Debug\\net7.0\\fine-code-coverage\\build-output\\TestCarLibrary.dll","CodeFilePath":null,"LineNumber":-1,"Properties":[{"Key":{"Id":"TestObject.Traits","Label":"Признаки","Category":"","Description":"","Attributes":5,"ValueType":"System.Collections.Generic.KeyValuePair`2[[System.String],[System.String]][]"},"Value":[]},{"Key":{"Id":"TestCase.Hierarchy","Label":"Hierarchy","Category":"","Description":"","Attributes":2,"ValueType":"System.String[]"},"Value":["TestCarLibrary","IdNumberTests"]},{"Key":{"Id":"TestCase.ManagedType","Label":"ManagedType","Category":"","Description":"","Attributes":1,"ValueType":"System.String"},"Value":"TestCarLibrary.IdNumberTests"},{"Key":{"Id":"TestCase.ManagedMethod","Label":"ManagedMethod","Category":"","Description":"","Attributes":1,"ValueType":"System.String"},"Value":"IdNumberConstructor"},{"Key":{"Id":"MSTestDiscoverer.TestClassName","Label":"ClassName","Category":"","Description":"","Attributes":1,"ValueType":"System.String"},"Value":"TestCarLibrary.IdNumberTests"}]},"Attachments":[],"Outcome":1,"ErrorMessage":null,"ErrorStackTrace":null,"DisplayName":"IdNumberConstructor","Messages":[],"ComputerName":null,"Duration":"00:00:00.0007548","StartTime":"2024-02-25T19:16:34.4430908+05:00","EndTime":"2024-02-25T19:16:34.4445319+05:00","Properties":[{"Key":{"Id":"ParentExecId","Label":"ParentExecId","Category":"","Description":"","Attributes":1,"ValueType":"System.Guid"},"Value":"00000000-0000-0000-0000-000000000000"},{"Key":{"Id":"ExecutionId","Label":"ExecutionId","Category":"","Description":"","Attributes":1,"ValueType":"System.Guid"},"Value":"00000000-0000-0000-0000-000000000000"},{"Key":{"Id":"InnerResultsCount","Label":"InnerResultsCount","Category":"","Description":"","Attributes":1,"ValueType":"System.Int32"},"Value":0}]},{"TestCase":{"Id":"c23c11b3-c895-f35d-fad9-1efebe266368","FullyQualifiedName":"TestCarLibrary.IdNumberTests.IdNumberEquals","DisplayName":"IdNumberEquals","ExecutorUri":"executor://MSTestAdapter/v2","Source":"C:\\Users\\79024\\Documents\\ВШЭ\\Программирование\\Lab10\\TestCarLibrary\\bin\\Debug\\net7.0\\fine-code-coverage\\build-output\\TestCarLibrary.dll","CodeFilePath":null,"LineNumber":-1,"Properties":[{"Key":{"Id":"TestObject.Traits","Label":"Признаки","Category":"","Description":"","Attributes":5,"ValueType":"System.Collections.Generic.KeyValuePair`2[[System.String],[System.String]][]"},"Value":[]},{"Key":{"Id":"TestCase.Hierarchy","Label":"Hierarchy","Category":"","Description":"","Attributes":2,"ValueType":"System.String[]"},"Value":["TestCarLibrary","IdNumberTests"]},{"Key":{"Id":"TestCase.ManagedType","Label":"ManagedType","Category":"","Description":"","Attributes":1,"ValueType":"System.String"},"Value":"TestCarLibrary.IdNumberTests"},{"Key":{"Id":"TestCase.ManagedMethod","Label":"ManagedMethod","Category":"","Description":"","Attributes":1,"ValueType":"System.String"},"Value":"IdNumberEquals"},{"Key":{"Id":"MSTestDiscoverer.TestClassName","Label":"ClassName","Category":"","Description":"","Attributes":1,"ValueType":"System.String"},"Value":"TestCarLibrary.IdNumberTests"}]},"Attachments":[],"Outcome":1,"ErrorMessage":null,"ErrorStackTrace":null,"DisplayName":"IdNumberEquals","Messages":[],"ComputerName":null,"Duration":"00:00:00.0010462","StartTime":"2024-02-25T19:16:34.4495495+05:00","EndTime":"2024-02-25T19:16:34.4510648+05:00","Properties":[{"Key":{"Id":"ParentExecId","Label":"ParentExecId","Category":"","Description":"","Attributes":1,"ValueType":"System.Guid"},"Value":"00000000-0000-0000-0000-000000000000"},{"Key":{"Id":"ExecutionId","Label":"ExecutionId","Category":"","Description":"","Attributes":1,"ValueType":"System.Guid"},"Value":"00000000-0000-0000-0000-000000000000"},{"Key":{"Id":"InnerResultsCount","Label":"InnerResultsCount","Category":"","Description":"","Attributes":1,"ValueType":"System.Int32"},"Value":0}]},{"TestCase":{"Id":"fd6c08a9-7ee8-4a64-811c-606705e838e0","FullyQualifiedName":"TestCarLibrary.IdNumberTests.IdNumberToString","DisplayName":"IdNumberToString","ExecutorUri":"executor://MSTestAdapter/v2","Source":"C:\\Users\\79024\\Documents\\ВШЭ\\Программирование\\Lab10\\TestCarLibrary\\bin\\Debug\\net7.0\\fine-code-coverage\\build-output\\TestCarLibrary.dll","CodeFilePath":null,"LineNumber":-1,"Properties":[{"Key":{"Id":"TestObject.Traits","Label":"Признаки","Category":"","Description":"","Attributes":5,"ValueType":"System.Collections.Generic.KeyValuePair`2[[System.String],[System.String]][]"},"Value":[]},{"Key":{"Id":"TestCase.Hierarchy","Label":"Hierarchy","Category":"","Description":"","Attributes":2,"ValueType":"System.String[]"},"Value":["TestCarLibrary","IdNumberTests"]},{"Key":{"Id":"TestCase.ManagedType","Label":"ManagedType","Category":"","Description":"","Attributes":1,"ValueType":"System.String"},"Value":"TestCarLibrary.IdNumberTests"},{"Key":{"Id":"TestCase.ManagedMethod","Label":"ManagedMethod","Category":"","Description":"","Attributes":1,"ValueType":"System.String"},"Value":"IdNumberToString"},{"Key":{"Id":"MSTestDiscoverer.TestClassName","Label":"ClassName","Category":"","Description":"","Attributes":1,"ValueType":"System.String"},"Value":"TestCarLibrary.IdNumberTests"}]},"Attachments":[],"Outcome":1,"ErrorMessage":null,"ErrorStackTrace":null,"DisplayName":"IdNumberToString","Messages":[],"ComputerName":null,"Duration":"00:00:00.0003838","StartTime":"2024-02-25T19:16:34.4559747+05:00","EndTime":"2024-02-25T19:16:34.4567627+05:00","Properties":[{"Key":{"Id":"ParentExecId","Label":"ParentExecId","Category":"","Description":"","Attributes":1,"ValueType":"System.Guid"},"Value":"00000000-0000-0000-0000-000000000000"},{"Key":{"Id":"ExecutionId","Label":"ExecutionId","Category":"","Description":"","Attributes":1,"ValueType":"System.Guid"},"Value":"00000000-0000-0000-0000-000000000000"},{"Key":{"Id":"InnerResultsCount","Label":"InnerResultsCount","Category":"","Description":"","Attributes":1,"ValueType":"System.Int32"},"Value":0}]},{"TestCase":{"Id":"5e5f791f-0e8e-78f9-a31f-557e16c1921d","FullyQualifiedName":"TestCarLibrary.LightCarTests.LightCarConstructor","DisplayName":"LightCarConstructor","ExecutorUri":"executor://MSTestAdapter/v2","Source":"C:\\Users\\79024\\Documents\\ВШЭ\\Программирование\\Lab10\\TestCarLibrary\\bin\\Debug\\net7.0\\fine-code-coverage\\build-output\\TestCarLibrary.dll","CodeFilePath":null,"LineNumber":-1,"Properties":[{"Key":{"Id":"TestObject.Traits","Label":"Признаки","Category":"","Description":"","Attributes":5,"ValueType":"System.Collections.Generic.KeyValuePair`2[[System.String],[System.String]][]"},"Value":[]},{"Key":{"Id":"TestCase.Hierarchy","Label":"Hierarchy","Category":"","Description":"","Attributes":2,"ValueType":"System.String[]"},"Value":["TestCarLibrary","LightCarTests"]},{"Key":{"Id":"TestCase.ManagedType","Label":"ManagedType","Category":"","Description":"","Attributes":1,"ValueType":"System.String"},"Value":"TestCarLibrary.LightCarTests"},{"Key":{"Id":"TestCase.ManagedMethod","Label":"ManagedMethod","Category":"","Description":"","Attributes":1,"ValueType":"System.String"},"Value":"LightCarConstructor"},{"Key":{"Id":"MSTestDiscoverer.TestClassName","Label":"ClassName","Category":"","Description":"","Attributes":1,"ValueType":"System.String"},"Value":"TestCarLibrary.LightCarTests"}]},"Attachments":[],"Outcome":1,"ErrorMessage":null,"ErrorStackTrace":null,"DisplayName":"LightCarConstructor","Messages":[],"ComputerName":null,"Duration":"00:00:00.0009451","StartTime":"2024-02-25T19:16:34.4621884+05:00","EndTime":"2024-02-25T19:16:34.4635778+05:00","Properties":[{"Key":{"Id":"ParentExecId","Label":"ParentExecId","Category":"","Description":"","Attributes":1,"ValueType":"System.Guid"},"Value":"00000000-0000-0000-0000-000000000000"},{"Key":{"Id":"ExecutionId","Label":"ExecutionId","Category":"","Description":"","Attributes":1,"ValueType":"System.Guid"},"Value":"00000000-0000-0000-0000-000000000000"},{"Key":{"Id":"InnerResultsCount","Label":"InnerResultsCount","Category":"","Description":"","Attributes":1,"ValueType":"System.Int32"},"Value":0}]}],"TestRunStatistics":{"ExecutedTests":18,"Stats":{"Passed":17,"Failed":1}},"ActiveTests":[{"Id":"e01be6e5-192d-092c-e13b-c6eaba74f93f","FullyQualifiedName":"TestCarLibrary.LightCarTests.Equals_CompareWithEqualLightCar_ReturnsTrue","DisplayName":"Equals_CompareWithEqualLightCar_ReturnsTrue","ExecutorUri":"executor://MSTestAdapter/v2","Source":"C:\\Users\\79024\\Documents\\ВШЭ\\Программирование\\Lab10\\TestCarLibrary\\bin\\Debug\\net7.0\\fine-code-coverage\\build-output\\TestCarLibrary.dll","CodeFilePath":null,"LineNumber":-1,"Properties":[{"Key":{"Id":"TestObject.Traits","Label":"Признаки","Category":"","Description":"","Attributes":5,"ValueType":"System.Collections.Generic.KeyValuePair`2[[System.String],[System.String]][]"},"Value":[]},{"Key":{"Id":"TestCase.Hierarchy","Label":"Hierarchy","Category":"","Description":"","Attributes":2,"ValueType":"System.String[]"},"Value":["TestCarLibrary","LightCarTests"]},{"Key":{"Id":"TestCase.ManagedType","Label":"ManagedType","Category":"","Description":"","Attributes":1,"ValueType":"System.String"},"Value":"TestCarLibrary.LightCarTests"},{"Key":{"Id":"TestCase.ManagedMethod","Label":"ManagedMethod","Category":"","Description":"","Attributes":1,"ValueType":"System.String"},"Value":"Equals_CompareWithEqualLightCar_ReturnsTrue"},{"Key":{"Id":"MSTestDiscoverer.TestClassName","Label":"ClassName","Category":"","Description":"","Attributes":1,"ValueType":"System.String"},"Value":"TestCarLibrary.LightCarTests"}]}]}}
TpTrace Verbose: 0 : 22684, 4, 2024/02/25, 19:16:34.469, 2456723454466, testhost.dll, TestRunCache: OnNewTestResult: Notified the onCacheHit callback.
TpTrace Verbose: 0 : 22684, 4, 2024/02/25, 19:16:34.471, 2456723473754, testhost.dll, MulticastDelegateUtilities.SafeInvoke: TestCaseEventsHandler.RaiseTestCaseStart: Invoking callback 1/1 for Microsoft.VisualStudio.TestPlatform.CrossPlatEngine.DataCollection.ProxyOutOfProcDataCollectionManager., took 1 ms.
TpTrace Information: 0 : 22684, 4, 2024/02/25, 19:16:34.471, 2456723474910, testhost.dll, MSTest - Executing test Equals_CompareWithEqualLightCar_ReturnsTrue
TpTrace Information: 0 : 22684, 4, 2024/02/25, 19:16:34.472, 2456723485994, testhost.dll, MSTest - Executed test Equals_CompareWithEqualLightCar_ReturnsTrue
TpTrace Verbose: 0 : 22684, 4, 2024/02/25, 19:16:34.472, 2456723487642, testhost.dll, TestExecutionRecorder.RecordEnd: test: TestCarLibrary.LightCarTests.Equals_CompareWithEqualLightCar_ReturnsTrue execution completed.
TpTrace Warning: 0 : 22684, 4, 2024/02/25, 19:16:34.472, 2456723488154, testhost.dll, TestRunCache: InProgressTests is null
TpTrace Verbose: 0 : 22684, 4, 2024/02/25, 19:16:34.475, 2456723515877, testhost.dll, MulticastDelegateUtilities.SafeInvoke: TestCaseEventsHandler.RaiseTestCaseEnd: Invoking callback 1/1 for Microsoft.VisualStudio.TestPlatform.CrossPlatEngine.DataCollection.ProxyOutOfProcDataCollectionManager., took 2 ms.
TpTrace Verbose: 0 : 22684, 4, 2024/02/25, 19:16:34.475, 2456723517196, testhost.dll, TestExecutionRecorder.RecordResult: Received result for test: TestCarLibrary.LightCarTests.Equals_CompareWithEqualLightCar_ReturnsTrue.
TpTrace Verbose: 0 : 22684, 4, 2024/02/25, 19:16:34.475, 2456723518116, testhost.dll, MulticastDelegateUtilities.SafeInvoke: TestCaseEventsHandler.RaiseTestCaseEnd: Invoking callback 1/1 for Microsoft.VisualStudio.TestPlatform.CrossPlatEngine.DataCollection.ProxyOutOfProcDataCollectionManager., took 0 ms.
TpTrace Warning: 0 : 22684, 4, 2024/02/25, 19:16:34.475, 2456723518828, testhost.dll, TestRunCache: InProgressTests is null
TpTrace Warning: 0 : 22684, 4, 2024/02/25, 19:16:34.475, 2456723519371, testhost.dll, TestRunCache: No test found corresponding to testResult 'Equals_CompareWithEqualLightCar_ReturnsTrue' in inProgress list.
TpTrace Verbose: 0 : 22684, 4, 2024/02/25, 19:16:34.475, 2456723521166, testhost.dll, TestExecutionRecorder.RecordStart: Starting test: TestCarLibrary.LightCarTests.ToString_ReturnsProperStringRepresentation.
TpTrace Verbose: 0 : 22684, 4, 2024/02/25, 19:16:34.478, 2456723548285, testhost.dll, MulticastDelegateUtilities.SafeInvoke: TestCaseEventsHandler.RaiseTestCaseStart: Invoking callback 1/1 for Microsoft.VisualStudio.TestPlatform.CrossPlatEngine.DataCollection.ProxyOutOfProcDataCollectionManager., took 2 ms.
TpTrace Information: 0 : 22684, 4, 2024/02/25, 19:16:34.478, 2456723552235, testhost.dll, MSTest - Executing test ToString_ReturnsProperStringRepresentation
TpTrace Information: 0 : 22684, 4, 2024/02/25, 19:16:34.480, 2456723569436, testhost.dll, MSTest - Executed test ToString_ReturnsProperStringRepresentation
TpTrace Verbose: 0 : 22684, 4, 2024/02/25, 19:16:34.480, 2456723571091, testhost.dll, TestExecutionRecorder.RecordEnd: test: TestCarLibrary.LightCarTests.ToString_ReturnsProperStringRepresentation execution completed.
TpTrace Verbose: 0 : 22684, 4, 2024/02/25, 19:16:34.484, 2456723608117, testhost.dll, MulticastDelegateUtilities.SafeInvoke: TestCaseEventsHandler.RaiseTestCaseEnd: Invoking callback 1/1 for Microsoft.VisualStudio.TestPlatform.CrossPlatEngine.DataCollection.ProxyOutOfProcDataCollectionManager., took 3 ms.
TpTrace Verbose: 0 : 22684, 4, 2024/02/25, 19:16:34.484, 2456723609317, testhost.dll, TestExecutionRecorder.RecordResult: Received result for test: TestCarLibrary.LightCarTests.ToString_ReturnsProperStringRepresentation.
TpTrace Verbose: 0 : 22684, 4, 2024/02/25, 19:16:34.484, 2456723610262, testhost.dll, MulticastDelegateUtilities.SafeInvoke: TestCaseEventsHandler.RaiseTestCaseEnd: Invoking callback 1/1 for Microsoft.VisualStudio.TestPlatform.CrossPlatEngine.DataCollection.ProxyOutOfProcDataCollectionManager., took 0 ms.
TpTrace Warning: 0 : 22684, 4, 2024/02/25, 19:16:34.484, 2456723610949, testhost.dll, TestRunCache: InProgressTests is null
TpTrace Warning: 0 : 22684, 4, 2024/02/25, 19:16:34.484, 2456723611494, testhost.dll, TestRunCache: No test found corresponding to testResult 'ToString_ReturnsProperStringRepresentation' in inProgress list.
TpTrace Verbose: 0 : 22684, 4, 2024/02/25, 19:16:34.485, 2456723612790, testhost.dll, TestExecutionRecorder.RecordStart: Starting test: TestCarLibrary.MiddleCarTests.MiddleCarConstructor.
TpTrace Verbose: 0 : 22684, 4, 2024/02/25, 19:16:34.487, 2456723639875, testhost.dll, MulticastDelegateUtilities.SafeInvoke: TestCaseEventsHandler.RaiseTestCaseStart: Invoking callback 1/1 for Microsoft.VisualStudio.TestPlatform.CrossPlatEngine.DataCollection.ProxyOutOfProcDataCollectionManager., took 2 ms.
TpTrace Information: 0 : 22684, 4, 2024/02/25, 19:16:34.487, 2456723642199, testhost.dll, MSTest - Executing test MiddleCarConstructor
TpTrace Information: 0 : 22684, 4, 2024/02/25, 19:16:34.490, 2456723665750, testhost.dll, MSTest - Executed test MiddleCarConstructor
TpTrace Verbose: 0 : 22684, 4, 2024/02/25, 19:16:34.490, 2456723667574, testhost.dll, TestExecutionRecorder.RecordEnd: test: TestCarLibrary.MiddleCarTests.MiddleCarConstructor execution completed.
TpTrace Verbose: 0 : 22684, 4, 2024/02/25, 19:16:34.493, 2456723696311, testhost.dll, MulticastDelegateUtilities.SafeInvoke: TestCaseEventsHandler.RaiseTestCaseEnd: Invoking callback 1/1 for Microsoft.VisualStudio.TestPlatform.CrossPlatEngine.DataCollection.ProxyOutOfProcDataCollectionManager., took 2 ms.
TpTrace Verbose: 0 : 22684, 4, 2024/02/25, 19:16:34.493, 2456723697781, testhost.dll, TestExecutionRecorder.RecordResult: Received result for test: TestCarLibrary.MiddleCarTests.MiddleCarConstructor.
TpTrace Verbose: 0 : 22684, 4, 2024/02/25, 19:16:34.493, 2456723698879, testhost.dll, MulticastDelegateUtilities.SafeInvoke: TestCaseEventsHandler.RaiseTestCaseEnd: Invoking callback 1/1 for Microsoft.VisualStudio.TestPlatform.CrossPlatEngine.DataCollection.ProxyOutOfProcDataCollectionManager., took 0 ms.
TpTrace Warning: 0 : 22684, 4, 2024/02/25, 19:16:34.493, 2456723699717, testhost.dll, TestRunCache: InProgressTests is null
TpTrace Warning: 0 : 22684, 4, 2024/02/25, 19:16:34.493, 2456723700478, testhost.dll, TestRunCache: No test found corresponding to testResult 'MiddleCarConstructor' in inProgress list.
TpTrace Verbose: 0 : 22684, 4, 2024/02/25, 19:16:34.493, 2456723701773, testhost.dll, TestExecutionRecorder.RecordStart: Starting test: TestCarLibrary.MiddleCarTests.Equals_CompareWithEqualLightCar_ReturnsTrue.
TpTrace Verbose: 0 : 22684, 4, 2024/02/25, 19:16:34.495, 2456723720577, testhost.dll, MulticastDelegateUtilities.SafeInvoke: TestCaseEventsHandler.RaiseTestCaseStart: Invoking callback 1/1 for Microsoft.VisualStudio.TestPlatform.CrossPlatEngine.DataCollection.ProxyOutOfProcDataCollectionManager., took 1 ms.
TpTrace Information: 0 : 22684, 4, 2024/02/25, 19:16:34.495, 2456723721740, testhost.dll, MSTest - Executing test Equals_CompareWithEqualLightCar_ReturnsTrue
TpTrace Information: 0 : 22684, 4, 2024/02/25, 19:16:34.496, 2456723731069, testhost.dll, MSTest - Executed test Equals_CompareWithEqualLightCar_ReturnsTrue
TpTrace Verbose: 0 : 22684, 4, 2024/02/25, 19:16:34.497, 2456723732403, testhost.dll, TestExecutionRecorder.RecordEnd: test: TestCarLibrary.MiddleCarTests.Equals_CompareWithEqualLightCar_ReturnsTrue execution completed.
TpTrace Verbose: 0 : 22684, 4, 2024/02/25, 19:16:34.498, 2456723751943, testhost.dll, MulticastDelegateUtilities.SafeInvoke: TestCaseEventsHandler.RaiseTestCaseEnd: Invoking callback 1/1 for Microsoft.VisualStudio.TestPlatform.CrossPlatEngine.DataCollection.ProxyOutOfProcDataCollectionManager., took 1 ms.
TpTrace Verbose: 0 : 22684, 4, 2024/02/25, 19:16:34.499, 2456723753003, testhost.dll, TestExecutionRecorder.RecordResult: Received result for test: TestCarLibrary.MiddleCarTests.Equals_CompareWithEqualLightCar_ReturnsTrue.
TpTrace Verbose: 0 : 22684, 4, 2024/02/25, 19:16:34.499, 2456723753673, testhost.dll, MulticastDelegateUtilities.SafeInvoke: TestCaseEventsHandler.RaiseTestCaseEnd: Invoking callback 1/1 for Microsoft.VisualStudio.TestPlatform.CrossPlatEngine.DataCollection.ProxyOutOfProcDataCollectionManager., took 0 ms.
TpTrace Warning: 0 : 22684, 4, 2024/02/25, 19:16:34.499, 2456723754183, testhost.dll, TestRunCache: InProgressTests is null
TpTrace Warning: 0 : 22684, 4, 2024/02/25, 19:16:34.499, 2456723754578, testhost.dll, TestRunCache: No test found corresponding to testResult 'Equals_CompareWithEqualLightCar_ReturnsTrue' in inProgress list.
TpTrace Verbose: 0 : 22684, 4, 2024/02/25, 19:16:34.499, 2456723756061, testhost.dll, TestExecutionRecorder.RecordStart: Starting test: TestCarLibrary.MiddleCarTests.ToString_ReturnsProperStringRepresentation.
TpTrace Verbose: 0 : 22684, 4, 2024/02/25, 19:16:34.501, 2456723782087, testhost.dll, MulticastDelegateUtilities.SafeInvoke: TestCaseEventsHandler.RaiseTestCaseStart: Invoking callback 1/1 for Microsoft.VisualStudio.TestPlatform.CrossPlatEngine.DataCollection.ProxyOutOfProcDataCollectionManager., took 2 ms.
TpTrace Information: 0 : 22684, 4, 2024/02/25, 19:16:34.502, 2456723783420, testhost.dll, MSTest - Executing test ToString_ReturnsProperStringRepresentation
TpTrace Information: 0 : 22684, 4, 2024/02/25, 19:16:34.502, 2456723791736, testhost.dll, MSTest - Executed test ToString_ReturnsProperStringRepresentation
TpTrace Verbose: 0 : 22684, 4, 2024/02/25, 19:16:34.503, 2456723793166, testhost.dll, TestExecutionRecorder.RecordEnd: test: TestCarLibrary.MiddleCarTests.ToString_ReturnsProperStringRepresentation execution completed.
TpTrace Verbose: 0 : 22684, 4, 2024/02/25, 19:16:34.505, 2456723813445, testhost.dll, MulticastDelegateUtilities.SafeInvoke: TestCaseEventsHandler.RaiseTestCaseEnd: Invoking callback 1/1 for Microsoft.VisualStudio.TestPlatform.CrossPlatEngine.DataCollection.ProxyOutOfProcDataCollectionManager., took 1 ms.
TpTrace Verbose: 0 : 22684, 4, 2024/02/25, 19:16:34.505, 2456723814713, testhost.dll, TestExecutionRecorder.RecordResult: Received result for test: TestCarLibrary.MiddleCarTests.ToString_ReturnsProperStringRepresentation.
TpTrace Verbose: 0 : 22684, 4, 2024/02/25, 19:16:34.505, 2456723815452, testhost.dll, MulticastDelegateUtilities.SafeInvoke: TestCaseEventsHandler.RaiseTestCaseEnd: Invoking callback 1/1 for Microsoft.VisualStudio.TestPlatform.CrossPlatEngine.DataCollection.ProxyOutOfProcDataCollectionManager., took 0 ms.
TpTrace Warning: 0 : 22684, 4, 2024/02/25, 19:16:34.505, 2456723816015, testhost.dll, TestRunCache: InProgressTests is null
TpTrace Warning: 0 : 22684, 4, 2024/02/25, 19:16:34.505, 2456723816470, testhost.dll, TestRunCache: No test found corresponding to testResult 'ToString_ReturnsProperStringRepresentation' in inProgress list.
TpTrace Verbose: 0 : 22684, 4, 2024/02/25, 19:16:34.505, 2456723817661, testhost.dll, TestExecutionRecorder.RecordStart: Starting test: TestCarLibrary.MiddleCarTests.RandomInit_SetsRandomValuesWithinSpecifiedRanges.
TpTrace Verbose: 0 : 22684, 4, 2024/02/25, 19:16:34.507, 2456723837932, testhost.dll, MulticastDelegateUtilities.SafeInvoke: TestCaseEventsHandler.RaiseTestCaseStart: Invoking callback 1/1 for Microsoft.VisualStudio.TestPlatform.CrossPlatEngine.DataCollection.ProxyOutOfProcDataCollectionManager., took 1 ms.
TpTrace Information: 0 : 22684, 4, 2024/02/25, 19:16:34.507, 2456723839138, testhost.dll, MSTest - Executing test RandomInit_SetsRandomValuesWithinSpecifiedRanges
TpTrace Information: 0 : 22684, 4, 2024/02/25, 19:16:34.508, 2456723849684, testhost.dll, MSTest - Executed test RandomInit_SetsRandomValuesWithinSpecifiedRanges
TpTrace Verbose: 0 : 22684, 4, 2024/02/25, 19:16:34.508, 2456723851436, testhost.dll, TestExecutionRecorder.RecordEnd: test: TestCarLibrary.MiddleCarTests.RandomInit_SetsRandomValuesWithinSpecifiedRanges execution completed.
TpTrace Verbose: 0 : 22684, 4, 2024/02/25, 19:16:34.510, 2456723869736, testhost.dll, MulticastDelegateUtilities.SafeInvoke: TestCaseEventsHandler.RaiseTestCaseEnd: Invoking callback 1/1 for Microsoft.VisualStudio.TestPlatform.CrossPlatEngine.DataCollection.ProxyOutOfProcDataCollectionManager., took 1 ms.
TpTrace Verbose: 0 : 22684, 4, 2024/02/25, 19:16:34.510, 2456723870966, testhost.dll, TestExecutionRecorder.RecordResult: Received result for test: TestCarLibrary.MiddleCarTests.RandomInit_SetsRandomValuesWithinSpecifiedRanges.
TpTrace Verbose: 0 : 22684, 4, 2024/02/25, 19:16:34.510, 2456723871749, testhost.dll, MulticastDelegateUtilities.SafeInvoke: TestCaseEventsHandler.RaiseTestCaseEnd: Invoking callback 1/1 for Microsoft.VisualStudio.TestPlatform.CrossPlatEngine.DataCollection.ProxyOutOfProcDataCollectionManager., took 0 ms.
TpTrace Warning: 0 : 22684, 4, 2024/02/25, 19:16:34.511, 2456723872380, testhost.dll, TestRunCache: InProgressTests is null
TpTrace Warning: 0 : 22684, 4, 2024/02/25, 19:16:34.511, 2456723872951, testhost.dll, TestRunCache: No test found corresponding to testResult 'RandomInit_SetsRandomValuesWithinSpecifiedRanges' in inProgress list.
TpTrace Verbose: 0 : 22684, 4, 2024/02/25, 19:16:34.511, 2456723874257, testhost.dll, TestExecutionRecorder.RecordStart: Starting test: TestCarLibrary.StudentTests.TestConstructorWithParameters.
TpTrace Verbose: 0 : 22684, 4, 2024/02/25, 19:16:34.513, 2456723897544, testhost.dll, MulticastDelegateUtilities.SafeInvoke: TestCaseEventsHandler.RaiseTestCaseStart: Invoking callback 1/1 for Microsoft.VisualStudio.TestPlatform.CrossPlatEngine.DataCollection.ProxyOutOfProcDataCollectionManager., took 2 ms.
TpTrace Information: 0 : 22684, 4, 2024/02/25, 19:16:34.513, 2456723898826, testhost.dll, MSTest - Executing test TestConstructorWithParameters
TpTrace Information: 0 : 22684, 4, 2024/02/25, 19:16:34.515, 2456723913880, testhost.dll, MSTest - Executed test TestConstructorWithParameters
TpTrace Verbose: 0 : 22684, 4, 2024/02/25, 19:16:34.515, 2456723915240, testhost.dll, TestExecutionRecorder.RecordEnd: test: TestCarLibrary.StudentTests.TestConstructorWithParameters execution completed.
TpTrace Verbose: 0 : 22684, 4, 2024/02/25, 19:16:34.517, 2456723938099, testhost.dll, MulticastDelegateUtilities.SafeInvoke: TestCaseEventsHandler.RaiseTestCaseEnd: Invoking callback 1/1 for Microsoft.VisualStudio.TestPlatform.CrossPlatEngine.DataCollection.ProxyOutOfProcDataCollectionManager., took 2 ms.
TpTrace Verbose: 0 : 22684, 4, 2024/02/25, 19:16:34.517, 2456723939183, testhost.dll, TestExecutionRecorder.RecordResult: Received result for test: TestCarLibrary.StudentTests.TestConstructorWithParameters.
TpTrace Verbose: 0 : 22684, 4, 2024/02/25, 19:16:34.517, 2456723939854, testhost.dll, MulticastDelegateUtilities.SafeInvoke: TestCaseEventsHandler.RaiseTestCaseEnd: Invoking callback 1/1 for Microsoft.VisualStudio.TestPlatform.CrossPlatEngine.DataCollection.ProxyOutOfProcDataCollectionManager., took 0 ms.
TpTrace Warning: 0 : 22684, 4, 2024/02/25, 19:16:34.517, 2456723940406, testhost.dll, TestRunCache: InProgressTests is null
TpTrace Warning: 0 : 22684, 4, 2024/02/25, 19:16:34.517, 2456723940852, testhost.dll, TestRunCache: No test found corresponding to testResult 'TestConstructorWithParameters' in inProgress list.
TpTrace Verbose: 0 : 22684, 4, 2024/02/25, 19:16:34.517, 2456723941928, testhost.dll, TestExecutionRecorder.RecordStart: Starting test: TestCarLibrary.StudentTests.TestConstructorNoParameters.
TpTrace Verbose: 0 : 22684, 4, 2024/02/25, 19:16:34.519, 2456723958998, testhost.dll, MulticastDelegateUtilities.SafeInvoke: TestCaseEventsHandler.RaiseTestCaseStart: Invoking callback 1/1 for Microsoft.VisualStudio.TestPlatform.CrossPlatEngine.DataCollection.ProxyOutOfProcDataCollectionManager., took 1 ms.
TpTrace Information: 0 : 22684, 4, 2024/02/25, 19:16:34.519, 2456723960194, testhost.dll, MSTest - Executing test TestConstructorNoParameters
TpTrace Information: 0 : 22684, 4, 2024/02/25, 19:16:34.520, 2456723968674, testhost.dll, MSTest - Executed test TestConstructorNoParameters
TpTrace Verbose: 0 : 22684, 4, 2024/02/25, 19:16:34.520, 2456723969794, testhost.dll, TestExecutionRecorder.RecordEnd: test: TestCarLibrary.StudentTests.TestConstructorNoParameters execution completed.
TpTrace Verbose: 0 : 22684, 4, 2024/02/25, 19:16:34.522, 2456723988161, testhost.dll, MulticastDelegateUtilities.SafeInvoke: TestCaseEventsHandler.RaiseTestCaseEnd: Invoking callback 1/1 for Microsoft.VisualStudio.TestPlatform.CrossPlatEngine.DataCollection.ProxyOutOfProcDataCollectionManager., took 1 ms.
TpTrace Verbose: 0 : 22684, 4, 2024/02/25, 19:16:34.522, 2456723989234, testhost.dll, TestExecutionRecorder.RecordResult: Received result for test: TestCarLibrary.StudentTests.TestConstructorNoParameters.
TpTrace Verbose: 0 : 22684, 4, 2024/02/25, 19:16:34.522, 2456723989988, testhost.dll, MulticastDelegateUtilities.SafeInvoke: TestCaseEventsHandler.RaiseTestCaseEnd: Invoking callback 1/1 for Microsoft.VisualStudio.TestPlatform.CrossPlatEngine.DataCollection.ProxyOutOfProcDataCollectionManager., took 0 ms.
TpTrace Warning: 0 : 22684, 4, 2024/02/25, 19:16:34.522, 2456723990691, testhost.dll, TestRunCache: InProgressTests is null
TpTrace Warning: 0 : 22684, 4, 2024/02/25, 19:16:34.522, 2456723991107, testhost.dll, TestRunCache: No test found corresponding to testResult 'TestConstructorNoParameters' in inProgress list.
TpTrace Verbose: 0 : 22684, 4, 2024/02/25, 19:16:34.522, 2456723992118, testhost.dll, TestExecutionRecorder.RecordStart: Starting test: TestCarLibrary.StudentTests.TestOperatorInt.
TpTrace Verbose: 0 : 22684, 4, 2024/02/25, 19:16:34.524, 2456724010300, testhost.dll, MulticastDelegateUtilities.SafeInvoke: TestCaseEventsHandler.RaiseTestCaseStart: Invoking callback 1/1 for Microsoft.VisualStudio.TestPlatform.CrossPlatEngine.DataCollection.ProxyOutOfProcDataCollectionManager., took 1 ms.
TpTrace Information: 0 : 22684, 4, 2024/02/25, 19:16:34.524, 2456724011497, testhost.dll, MSTest - Executing test TestOperatorInt
TpTrace Information: 0 : 22684, 4, 2024/02/25, 19:16:34.525, 2456724018172, testhost.dll, MSTest - Executed test TestOperatorInt
TpTrace Verbose: 0 : 22684, 4, 2024/02/25, 19:16:34.525, 2456724019006, testhost.dll, TestExecutionRecorder.RecordEnd: test: TestCarLibrary.StudentTests.TestOperatorInt execution completed.
TpTrace Verbose: 0 : 22684, 4, 2024/02/25, 19:16:34.527, 2456724037116, testhost.dll, MulticastDelegateUtilities.SafeInvoke: TestCaseEventsHandler.RaiseTestCaseEnd: Invoking callback 1/1 for Microsoft.VisualStudio.TestPlatform.CrossPlatEngine.DataCollection.ProxyOutOfProcDataCollectionManager., took 1 ms.
TpTrace Verbose: 0 : 22684, 4, 2024/02/25, 19:16:34.527, 2456724038222, testhost.dll, TestExecutionRecorder.RecordResult: Received result for test: TestCarLibrary.StudentTests.TestOperatorInt.
TpTrace Verbose: 0 : 22684, 4, 2024/02/25, 19:16:34.527, 2456724038890, testhost.dll, MulticastDelegateUtilities.SafeInvoke: TestCaseEventsHandler.RaiseTestCaseEnd: Invoking callback 1/1 for Microsoft.VisualStudio.TestPlatform.CrossPlatEngine.DataCollection.ProxyOutOfProcDataCollectionManager., took 0 ms.
TpTrace Warning: 0 : 22684, 4, 2024/02/25, 19:16:34.527, 2456724039412, testhost.dll, TestRunCache: InProgressTests is null
TpTrace Warning: 0 : 22684, 4, 2024/02/25, 19:16:34.527, 2456724039818, testhost.dll, TestRunCache: No test found corresponding to testResult 'TestOperatorInt' in inProgress list.
TpTrace Verbose: 0 : 22684, 4, 2024/02/25, 19:16:34.527, 2456724041026, testhost.dll, TestExecutionRecorder.RecordStart: Starting test: TestCarLibrary.StudentTests.TestOperatorIncrement.
TpTrace Information: 0 : 22684, 4, 2024/02/25, 19:16:34.527, 2456724041601, testhost.dll, Sending test run statistics
TpTrace Verbose: 0 : 22684, 4, 2024/02/25, 19:16:34.528, 2456724051520, testhost.dll, TestRequestHandler.SendData: sending data from testhost: {"Version":7,"MessageType":"TestExecution.StatsChange","Payload":{"NewTestResults":[{"TestCase":{"Id":"e01be6e5-192d-092c-e13b-c6eaba74f93f","FullyQualifiedName":"TestCarLibrary.LightCarTests.Equals_CompareWithEqualLightCar_ReturnsTrue","DisplayName":"Equals_CompareWithEqualLightCar_ReturnsTrue","ExecutorUri":"executor://MSTestAdapter/v2","Source":"C:\\Users\\79024\\Documents\\ВШЭ\\Программирование\\Lab10\\TestCarLibrary\\bin\\Debug\\net7.0\\fine-code-coverage\\build-output\\TestCarLibrary.dll","CodeFilePath":null,"LineNumber":-1,"Properties":[{"Key":{"Id":"TestObject.Traits","Label":"Признаки","Category":"","Description":"","Attributes":5,"ValueType":"System.Collections.Generic.KeyValuePair`2[[System.String],[System.String]][]"},"Value":[]},{"Key":{"Id":"TestCase.Hierarchy","Label":"Hierarchy","Category":"","Description":"","Attributes":2,"ValueType":"System.String[]"},"Value":["TestCarLibrary","LightCarTests"]},{"Key":{"Id":"TestCase.ManagedType","Label":"ManagedType","Category":"","Description":"","Attributes":1,"ValueType":"System.String"},"Value":"TestCarLibrary.LightCarTests"},{"Key":{"Id":"TestCase.ManagedMethod","Label":"ManagedMethod","Category":"","Description":"","Attributes":1,"ValueType":"System.String"},"Value":"Equals_CompareWithEqualLightCar_ReturnsTrue"},{"Key":{"Id":"MSTestDiscoverer.TestClassName","Label":"ClassName","Category":"","Description":"","Attributes":1,"ValueType":"System.String"},"Value":"TestCarLibrary.LightCarTests"}]},"Attachments":[],"Outcome":1,"ErrorMessage":null,"ErrorStackTrace":null,"DisplayName":"Equals_CompareWithEqualLightCar_ReturnsTrue","Messages":[],"ComputerName":null,"Duration":"00:00:00.0007894","StartTime":"2024-02-25T19:16:34.4712516+05:00","EndTime":"2024-02-25T19:16:34.4725103+05:00","Properties":[{"Key":{"Id":"ParentExecId","Label":"ParentExecId","Category":"","Description":"","Attributes":1,"ValueType":"System.Guid"},"Value":"00000000-0000-0000-0000-000000000000"},{"Key":{"Id":"ExecutionId","Label":"ExecutionId","Category":"","Description":"","Attributes":1,"ValueType":"System.Guid"},"Value":"00000000-0000-0000-0000-000000000000"},{"Key":{"Id":"InnerResultsCount","Label":"InnerResultsCount","Category":"","Description":"","Attributes":1,"ValueType":"System.Int32"},"Value":0}]},{"TestCase":{"Id":"00a49308-cf67-0afe-1e6a-b8ae9ce62d8a","FullyQualifiedName":"TestCarLibrary.LightCarTests.ToString_ReturnsProperStringRepresentation","DisplayName":"ToString_ReturnsProperStringRepresentation","ExecutorUri":"executor://MSTestAdapter/v2","Source":"C:\\Users\\79024\\Documents\\ВШЭ\\Программирование\\Lab10\\TestCarLibrary\\bin\\Debug\\net7.0\\fine-code-coverage\\build-output\\TestCarLibrary.dll","CodeFilePath":null,"LineNumber":-1,"Properties":[{"Key":{"Id":"TestObject.Traits","Label":"Признаки","Category":"","Description":"","Attributes":5,"ValueType":"System.Collections.Generic.KeyValuePair`2[[System.String],[System.String]][]"},"Value":[]},{"Key":{"Id":"TestCase.Hierarchy","Label":"Hierarchy","Category":"","Description":"","Attributes":2,"ValueType":"System.String[]"},"Value":["TestCarLibrary","LightCarTests"]},{"Key":{"Id":"TestCase.ManagedType","Label":"ManagedType","Category":"","Description":"","Attributes":1,"ValueType":"System.String"},"Value":"TestCarLibrary.LightCarTests"},{"Key":{"Id":"TestCase.ManagedMethod","Label":"ManagedMethod","Category":"","Description":"","Attributes":1,"ValueType":"System.String"},"Value":"ToString_ReturnsProperStringRepresentation"},{"Key":{"Id":"MSTestDiscoverer.TestClassName","Label":"ClassName","Category":"","Description":"","Attributes":1,"ValueType":"System.String"},"Value":"TestCarLibrary.LightCarTests"}]},"Attachments":[],"Outcome":1,"ErrorMessage":null,"ErrorStackTrace":null,"DisplayName":"ToString_ReturnsProperStringRepresentation","Messages":[],"ComputerName":null,"Duration":"00:00:00.0010070","StartTime":"2024-02-25T19:16:34.4789794+05:00","EndTime":"2024-02-25T19:16:34.4808511+05:00","Properties":[{"Key":{"Id":"ParentExecId","Label":"ParentExecId","Category":"","Description":"","Attributes":1,"ValueType":"System.Guid"},"Value":"00000000-0000-0000-0000-000000000000"},{"Key":{"Id":"ExecutionId","Label":"ExecutionId","Category":"","Description":"","Attributes":1,"ValueType":"System.Guid"},"Value":"00000000-0000-0000-0000-000000000000"},{"Key":{"Id":"InnerResultsCount","Label":"InnerResultsCount","Category":"","Description":"","Attributes":1,"ValueType":"System.Int32"},"Value":0}]},{"TestCase":{"Id":"15f5a16e-5e7a-5d34-286b-692c5851fe3c","FullyQualifiedName":"TestCarLibrary.MiddleCarTests.MiddleCarConstructor","DisplayName":"MiddleCarConstructor","ExecutorUri":"executor://MSTestAdapter/v2","Source":"C:\\Users\\79024\\Documents\\ВШЭ\\Программирование\\Lab10\\TestCarLibrary\\bin\\Debug\\net7.0\\fine-code-coverage\\build-output\\TestCarLibrary.dll","CodeFilePath":null,"LineNumber":-1,"Properties":[{"Key":{"Id":"TestObject.Traits","Label":"Признаки","Category":"","Description":"","Attributes":5,"ValueType":"System.Collections.Generic.KeyValuePair`2[[System.String],[System.String]][]"},"Value":[]},{"Key":{"Id":"TestCase.Hierarchy","Label":"Hierarchy","Category":"","Description":"","Attributes":2,"ValueType":"System.String[]"},"Value":["TestCarLibrary","MiddleCarTests"]},{"Key":{"Id":"TestCase.ManagedType","Label":"ManagedType","Category":"","Description":"","Attributes":1,"ValueType":"System.String"},"Value":"TestCarLibrary.MiddleCarTests"},{"Key":{"Id":"TestCase.ManagedMethod","Label":"ManagedMethod","Category":"","Description":"","Attributes":1,"ValueType":"System.String"},"Value":"MiddleCarConstructor"},{"Key":{"Id":"MSTestDiscoverer.TestClassName","Label":"ClassName","Category":"","Description":"","Attributes":1,"ValueType":"System.String"},"Value":"TestCarLibrary.MiddleCarTests"}]},"Attachments":[],"Outcome":1,"ErrorMessage":null,"ErrorStackTrace":null,"DisplayName":"MiddleCarConstructor","Messages":[],"ComputerName":null,"Duration":"00:00:00.0019313","StartTime":"2024-02-25T19:16:34.4879805+05:00","EndTime":"2024-02-25T19:16:34.490501+05:00","Properties":[{"Key":{"Id":"ParentExecId","Label":"ParentExecId","Category":"","Description":"","Attributes":1,"ValueType":"System.Guid"},"Value":"00000000-0000-0000-0000-000000000000"},{"Key":{"Id":"ExecutionId","Label":"ExecutionId","Category":"","Description":"","Attributes":1,"ValueType":"System.Guid"},"Value":"00000000-0000-0000-0000-000000000000"},{"Key":{"Id":"InnerResultsCount","Label":"InnerResultsCount","Category":"","Description":"","Attributes":1,"ValueType":"System.Int32"},"Value":0}]},{"TestCase":{"Id":"8584b60c-6928-bea9-cb5f-3401122911d4","FullyQualifiedName":"TestCarLibrary.MiddleCarTests.Equals_CompareWithEqualLightCar_ReturnsTrue","DisplayName":"Equals_CompareWithEqualLightCar_ReturnsTrue","ExecutorUri":"executor://MSTestAdapter/v2","Source":"C:\\Users\\79024\\Documents\\ВШЭ\\Программирование\\Lab10\\TestCarLibrary\\bin\\Debug\\net7.0\\fine-code-coverage\\build-output\\TestCarLibrary.dll","CodeFilePath":null,"LineNumber":-1,"Properties":[{"Key":{"Id":"TestObject.Traits","Label":"Признаки","Category":"","Description":"","Attributes":5,"ValueType":"System.Collections.Generic.KeyValuePair`2[[System.String],[System.String]][]"},"Value":[]},{"Key":{"Id":"TestCase.Hierarchy","Label":"Hierarchy","Category":"","Description":"","Attributes":2,"ValueType":"System.String[]"},"Value":["TestCarLibrary","MiddleCarTests"]},{"Key":{"Id":"TestCase.ManagedType","Label":"ManagedType","Category":"","Description":"","Attributes":1,"ValueType":"System.String"},"Value":"TestCarLibrary.MiddleCarTests"},{"Key":{"Id":"TestCase.ManagedMethod","Label":"ManagedMethod","Category":"","Description":"","Attributes":1,"ValueType":"System.String"},"Value":"Equals_CompareWithEqualLightCar_ReturnsTrue"},{"Key":{"Id":"MSTestDiscoverer.TestClassName","Label":"ClassName","Category":"","Description":"","Attributes":1,"ValueType":"System.String"},"Value":"TestCarLibrary.MiddleCarTests"}]},"Attachments":[],"Outcome":1,"ErrorMessage":null,"ErrorStackTrace":null,"DisplayName":"Equals_CompareWithEqualLightCar_ReturnsTrue","Messages":[],"ComputerName":null,"Duration":"00:00:00.0006928","StartTime":"2024-02-25T19:16:34.4959357+05:00","EndTime":"2024-02-25T19:16:34.4969901+05:00","Properties":[{"Key":{"Id":"ParentExecId","Label":"ParentExecId","Category":"","Description":"","Attributes":1,"ValueType":"System.Guid"},"Value":"00000000-0000-0000-0000-000000000000"},{"Key":{"Id":"ExecutionId","Label":"ExecutionId","Category":"","Description":"","Attributes":1,"ValueType":"System.Guid"},"Value":"00000000-0000-0000-0000-000000000000"},{"Key":{"Id":"InnerResultsCount","Label":"InnerResultsCount","Category":"","Description":"","Attributes":1,"ValueType":"System.Int32"},"Value":0}]},{"TestCase":{"Id":"c4709c42-b469-8199-262b-46cee0b7d745","FullyQualifiedName":"TestCarLibrary.MiddleCarTests.ToString_ReturnsProperStringRepresentation","DisplayName":"ToString_ReturnsProperStringRepresentation","ExecutorUri":"executor://MSTestAdapter/v2","Source":"C:\\Users\\79024\\Documents\\ВШЭ\\Программирование\\Lab10\\TestCarLibrary\\bin\\Debug\\net7.0\\fine-code-coverage\\build-output\\TestCarLibrary.dll","CodeFilePath":null,"LineNumber":-1,"Properties":[{"Key":{"Id":"TestObject.Traits","Label":"Признаки","Category":"","Description":"","Attributes":5,"ValueType":"System.Collections.Generic.KeyValuePair`2[[System.String],[System.String]][]"},"Value":[]},{"Key":{"Id":"TestCase.Hierarchy","Label":"Hierarchy","Category":"","Description":"","Attributes":2,"ValueType":"System.String[]"},"Value":["TestCarLibrary","MiddleCarTests"]},{"Key":{"Id":"TestCase.ManagedType","Label":"ManagedType","Category":"","Description":"","Attributes":1,"ValueType":"System.String"},"Value":"TestCarLibrary.MiddleCarTests"},{"Key":{"Id":"TestCase.ManagedMethod","Label":"ManagedMethod","Category":"","Description":"","Attributes":1,"ValueType":"System.String"},"Value":"ToString_ReturnsProperStringRepresentation"},{"Key":{"Id":"MSTestDiscoverer.TestClassName","Label":"ClassName","Category":"","Description":"","Attributes":1,"ValueType":"System.String"},"Value":"TestCarLibrary.MiddleCarTests"}]},"Attachments":[],"Outcome":1,"ErrorMessage":null,"ErrorStackTrace":null,"DisplayName":"ToString_ReturnsProperStringRepresentation","Messages":[],"ComputerName":null,"Duration":"00:00:00.0005559","StartTime":"2024-02-25T19:16:34.5021034+05:00","EndTime":"2024-02-25T19:16:34.5030663+05:00","Properties":[{"Key":{"Id":"ParentExecId","Label":"ParentExecId","Category":"","Description":"","Attributes":1,"ValueType":"System.Guid"},"Value":"00000000-0000-0000-0000-000000000000"},{"Key":{"Id":"ExecutionId","Label":"ExecutionId","Category":"","Description":"","Attributes":1,"ValueType":"System.Guid"},"Value":"00000000-0000-0000-0000-000000000000"},{"Key":{"Id":"InnerResultsCount","Label":"InnerResultsCount","Category":"","Description":"","Attributes":1,"ValueType":"System.Int32"},"Value":0}]},{"TestCase":{"Id":"07d0ee81-8371-f0ed-0add-f59f57d692d1","FullyQualifiedName":"TestCarLibrary.MiddleCarTests.RandomInit_SetsRandomValuesWithinSpecifiedRanges","DisplayName":"RandomInit_SetsRandomValuesWithinSpecifiedRanges","ExecutorUri":"executor://MSTestAdapter/v2","Source":"C:\\Users\\79024\\Documents\\ВШЭ\\Программирование\\Lab10\\TestCarLibrary\\bin\\Debug\\net7.0\\fine-code-coverage\\build-output\\TestCarLibrary.dll","CodeFilePath":null,"LineNumber":-1,"Properties":[{"Key":{"Id":"TestObject.Traits","Label":"Признаки","Category":"","Description":"","Attributes":5,"ValueType":"System.Collections.Generic.KeyValuePair`2[[System.String],[System.String]][]"},"Value":[]},{"Key":{"Id":"TestCase.Hierarchy","Label":"Hierarchy","Category":"","Description":"","Attributes":2,"ValueType":"System.String[]"},"Value":["TestCarLibrary","MiddleCarTests"]},{"Key":{"Id":"TestCase.ManagedType","Label":"ManagedType","Category":"","Description":"","Attributes":1,"ValueType":"System.String"},"Value":"TestCarLibrary.MiddleCarTests"},{"Key":{"Id":"TestCase.ManagedMethod","Label":"ManagedMethod","Category":"","Description":"","Attributes":1,"ValueType":"System.String"},"Value":"RandomInit_SetsRandomValuesWithinSpecifiedRanges"},{"Key":{"Id":"MSTestDiscoverer.TestClassName","Label":"ClassName","Category":"","Description":"","Attributes":1,"ValueType":"System.String"},"Value":"TestCarLibrary.MiddleCarTests"}]},"Attachments":[],"Outcome":1,"ErrorMessage":null,"ErrorStackTrace":null,"DisplayName":"RandomInit_SetsRandomValuesWithinSpecifiedRanges","Messages":[],"ComputerName":null,"Duration":"00:00:00.0007133","StartTime":"2024-02-25T19:16:34.5076758+05:00","EndTime":"2024-02-25T19:16:34.5088892+05:00","Properties":[{"Key":{"Id":"ParentExecId","Label":"ParentExecId","Category":"","Description":"","Attributes":1,"ValueType":"System.Guid"},"Value":"00000000-0000-0000-0000-000000000000"},{"Key":{"Id":"ExecutionId","Label":"ExecutionId","Category":"","Description":"","Attributes":1,"ValueType":"System.Guid"},"Value":"00000000-0000-0000-0000-000000000000"},{"Key":{"Id":"InnerResultsCount","Label":"InnerResultsCount","Category":"","Description":"","Attributes":1,"ValueType":"System.Int32"},"Value":0}]},{"TestCase":{"Id":"a3ab5685-6d71-ebf1-02e7-cc280f025f28","FullyQualifiedName":"TestCarLibrary.StudentTests.TestConstructorWithParameters","DisplayName":"TestConstructorWithParameters","ExecutorUri":"executor://MSTestAdapter/v2","Source":"C:\\Users\\79024\\Documents\\ВШЭ\\Программирование\\Lab10\\TestCarLibrary\\bin\\Debug\\net7.0\\fine-code-coverage\\build-output\\TestCarLibrary.dll","CodeFilePath":null,"LineNumber":-1,"Properties":[{"Key":{"Id":"TestObject.Traits","Label":"Признаки","Category":"","Description":"","Attributes":5,"ValueType":"System.Collections.Generic.KeyValuePair`2[[System.String],[System.String]][]"},"Value":[]},{"Key":{"Id":"TestCase.Hierarchy","Label":"Hierarchy","Category":"","Description":"","Attributes":2,"ValueType":"System.String[]"},"Value":["TestCarLibrary","StudentTests"]},{"Key":{"Id":"TestCase.ManagedType","Label":"ManagedType","Category":"","Description":"","Attributes":1,"ValueType":"System.String"},"Value":"TestCarLibrary.StudentTests"},{"Key":{"Id":"TestCase.ManagedMethod","Label":"ManagedMethod","Category":"","Description":"","Attributes":1,"ValueType":"System.String"},"Value":"TestConstructorWithParameters"},{"Key":{"Id":"MSTestDiscoverer.TestClassName","Label":"ClassName","Category":"","Description":"","Attributes":1,"ValueType":"System.String"},"Value":"TestCarLibrary.StudentTests"}]},"Attachments":[],"Outcome":1,"ErrorMessage":null,"ErrorStackTrace":null,"DisplayName":"TestConstructorWithParameters","Messages":[],"ComputerName":null,"Duration":"00:00:00.0011307","StartTime":"2024-02-25T19:16:34.5136444+05:00","EndTime":"2024-02-25T19:16:34.5152751+05:00","Properties":[{"Key":{"Id":"ParentExecId","Label":"ParentExecId","Category":"","Description":"","Attributes":1,"ValueType":"System.Guid"},"Value":"00000000-0000-0000-0000-000000000000"},{"Key":{"Id":"ExecutionId","Label":"ExecutionId","Category":"","Description":"","Attributes":1,"ValueType":"System.Guid"},"Value":"00000000-0000-0000-0000-000000000000"},{"Key":{"Id":"InnerResultsCount","Label":"InnerResultsCount","Category":"","Description":"","Attributes":1,"ValueType":"System.Int32"},"Value":0}]},{"TestCase":{"Id":"a2fd1b8f-7bed-9117-a1ee-b47dfc8e9da8","FullyQualifiedName":"TestCarLibrary.StudentTests.TestConstructorNoParameters","DisplayName":"TestConstructorNoParameters","ExecutorUri":"executor://MSTestAdapter/v2","Source":"C:\\Users\\79024\\Documents\\ВШЭ\\Программирование\\Lab10\\TestCarLibrary\\bin\\Debug\\net7.0\\fine-code-coverage\\build-output\\TestCarLibrary.dll","CodeFilePath":null,"LineNumber":-1,"Properties":[{"Key":{"Id":"TestObject.Traits","Label":"Признаки","Category":"","Description":"","Attributes":5,"ValueType":"System.Collections.Generic.KeyValuePair`2[[System.String],[System.String]][]"},"Value":[]},{"Key":{"Id":"TestCase.Hierarchy","Label":"Hierarchy","Category":"","Description":"","Attributes":2,"ValueType":"System.String[]"},"Value":["TestCarLibrary","StudentTests"]},{"Key":{"Id":"TestCase.ManagedType","Label":"ManagedType","Category":"","Description":"","Attributes":1,"ValueType":"System.String"},"Value":"TestCarLibrary.StudentTests"},{"Key":{"Id":"TestCase.ManagedMethod","Label":"ManagedMethod","Category":"","Description":"","Attributes":1,"ValueType":"System.String"},"Value":"TestConstructorNoParameters"},{"Key":{"Id":"MSTestDiscoverer.TestClassName","Label":"ClassName","Category":"","Description":"","Attributes":1,"ValueType":"System.String"},"Value":"TestCarLibrary.StudentTests"}]},"Attachments":[],"Outcome":1,"ErrorMessage":null,"ErrorStackTrace":null,"DisplayName":"TestConstructorNoParameters","Messages":[],"ComputerName":null,"Duration":"00:00:00.0006287","StartTime":"2024-02-25T19:16:34.5197817+05:00","EndTime":"2024-02-25T19:16:34.5207291+05:00","Properties":[{"Key":{"Id":"ParentExecId","Label":"ParentExecId","Category":"","Description":"","Attributes":1,"ValueType":"System.Guid"},"Value":"00000000-0000-0000-0000-000000000000"},{"Key":{"Id":"ExecutionId","Label":"ExecutionId","Category":"","Description":"","Attributes":1,"ValueType":"System.Guid"},"Value":"00000000-0000-0000-0000-000000000000"},{"Key":{"Id":"InnerResultsCount","Label":"InnerResultsCount","Category":"","Description":"","Attributes":1,"ValueType":"System.Int32"},"Value":0}]},{"TestCase":{"Id":"abaf515b-809b-eb9a-8142-5f67e3a3c821","FullyQualifiedName":"TestCarLibrary.StudentTests.TestOperatorInt","DisplayName":"TestOperatorInt","ExecutorUri":"executor://MSTestAdapter/v2","Source":"C:\\Users\\79024\\Documents\\ВШЭ\\Программирование\\Lab10\\TestCarLibrary\\bin\\Debug\\net7.0\\fine-code-coverage\\build-output\\TestCarLibrary.dll","CodeFilePath":null,"LineNumber":-1,"Properties":[{"Key":{"Id":"TestObject.Traits","Label":"Признаки","Category":"","Description":"","Attributes":5,"ValueType":"System.Collections.Generic.KeyValuePair`2[[System.String],[System.String]][]"},"Value":[]},{"Key":{"Id":"TestCase.Hierarchy","Label":"Hierarchy","Category":"","Description":"","Attributes":2,"ValueType":"System.String[]"},"Value":["TestCarLibrary","StudentTests"]},{"Key":{"Id":"TestCase.ManagedType","Label":"ManagedType","Category":"","Description":"","Attributes":1,"ValueType":"System.String"},"Value":"TestCarLibrary.StudentTests"},{"Key":{"Id":"TestCase.ManagedMethod","Label":"ManagedMethod","Category":"","Description":"","Attributes":1,"ValueType":"System.String"},"Value":"TestOperatorInt"},{"Key":{"Id":"MSTestDiscoverer.TestClassName","Label":"ClassName","Category":"","Description":"","Attributes":1,"ValueType":"System.String"},"Value":"TestCarLibrary.StudentTests"}]},"Attachments":[],"Outcome":1,"ErrorMessage":null,"ErrorStackTrace":null,"DisplayName":"TestOperatorInt","Messages":[],"ComputerName":null,"Duration":"00:00:00.0004583","StartTime":"2024-02-25T19:16:34.524912+05:00","EndTime":"2024-02-25T19:16:34.525654+05:00","Properties":[{"Key":{"Id":"ParentExecId","Label":"ParentExecId","Category":"","Description":"","Attributes":1,"ValueType":"System.Guid"},"Value":"00000000-0000-0000-0000-000000000000"},{"Key":{"Id":"ExecutionId","Label":"ExecutionId","Category":"","Description":"","Attributes":1,"ValueType":"System.Guid"},"Value":"00000000-0000-0000-0000-000000000000"},{"Key":{"Id":"InnerResultsCount","Label":"InnerResultsCount","Category":"","Description":"","Attributes":1,"ValueType":"System.Int32"},"Value":0}]}],"TestRunStatistics":{"ExecutedTests":27,"Stats":{"Passed":26,"Failed":1}},"ActiveTests":[{"Id":"b32f45df-8bd5-0f16-31b0-0c89b5b9e441","FullyQualifiedName":"TestCarLibrary.StudentTests.TestOperatorIncrement","DisplayName":"TestOperatorIncrement","ExecutorUri":"executor://MSTestAdapter/v2","Source":"C:\\Users\\79024\\Documents\\ВШЭ\\Программирование\\Lab10\\TestCarLibrary\\bin\\Debug\\net7.0\\fine-code-coverage\\build-output\\TestCarLibrary.dll","CodeFilePath":null,"LineNumber":-1,"Properties":[{"Key":{"Id":"TestObject.Traits","Label":"Признаки","Category":"","Description":"","Attributes":5,"ValueType":"System.Collections.Generic.KeyValuePair`2[[System.String],[System.String]][]"},"Value":[]},{"Key":{"Id":"TestCase.Hierarchy","Label":"Hierarchy","Category":"","Description":"","Attributes":2,"ValueType":"System.String[]"},"Value":["TestCarLibrary","StudentTests"]},{"Key":{"Id":"TestCase.ManagedType","Label":"ManagedType","Category":"","Description":"","Attributes":1,"ValueType":"System.String"},"Value":"TestCarLibrary.StudentTests"},{"Key":{"Id":"TestCase.ManagedMethod","Label":"ManagedMethod","Category":"","Description":"","Attributes":1,"ValueType":"System.String"},"Value":"TestOperatorIncrement"},{"Key":{"Id":"MSTestDiscoverer.TestClassName","Label":"ClassName","Category":"","Description":"","Attributes":1,"ValueType":"System.String"},"Value":"TestCarLibrary.StudentTests"}]}]}}
TpTrace Verbose: 0 : 22684, 4, 2024/02/25, 19:16:34.529, 2456724055800, testhost.dll, TestRunCache: OnNewTestResult: Notified the onCacheHit callback.
TpTrace Verbose: 0 : 22684, 4, 2024/02/25, 19:16:34.532, 2456724086811, testhost.dll, MulticastDelegateUtilities.SafeInvoke: TestCaseEventsHandler.RaiseTestCaseStart: Invoking callback 1/1 for Microsoft.VisualStudio.TestPlatform.CrossPlatEngine.DataCollection.ProxyOutOfProcDataCollectionManager., took 3 ms.
TpTrace Information: 0 : 22684, 4, 2024/02/25, 19:16:34.532, 2456724088020, testhost.dll, MSTest - Executing test TestOperatorIncrement
TpTrace Information: 0 : 22684, 4, 2024/02/25, 19:16:34.533, 2456724093875, testhost.dll, MSTest - Executed test TestOperatorIncrement
TpTrace Verbose: 0 : 22684, 4, 2024/02/25, 19:16:34.533, 2456724095455, testhost.dll, TestExecutionRecorder.RecordEnd: test: TestCarLibrary.StudentTests.TestOperatorIncrement execution completed.
TpTrace Warning: 0 : 22684, 4, 2024/02/25, 19:16:34.533, 2456724095920, testhost.dll, TestRunCache: InProgressTests is null
TpTrace Verbose: 0 : 22684, 4, 2024/02/25, 19:16:34.535, 2456724117749, testhost.dll, MulticastDelegateUtilities.SafeInvoke: TestCaseEventsHandler.RaiseTestCaseEnd: Invoking callback 1/1 for Microsoft.VisualStudio.TestPlatform.CrossPlatEngine.DataCollection.ProxyOutOfProcDataCollectionManager., took 2 ms.
TpTrace Verbose: 0 : 22684, 4, 2024/02/25, 19:16:34.535, 2456724118990, testhost.dll, TestExecutionRecorder.RecordResult: Received result for test: TestCarLibrary.StudentTests.TestOperatorIncrement.
TpTrace Verbose: 0 : 22684, 4, 2024/02/25, 19:16:34.535, 2456724119804, testhost.dll, MulticastDelegateUtilities.SafeInvoke: TestCaseEventsHandler.RaiseTestCaseEnd: Invoking callback 1/1 for Microsoft.VisualStudio.TestPlatform.CrossPlatEngine.DataCollection.ProxyOutOfProcDataCollectionManager., took 0 ms.
TpTrace Warning: 0 : 22684, 4, 2024/02/25, 19:16:34.535, 2456724120478, testhost.dll, TestRunCache: InProgressTests is null
TpTrace Warning: 0 : 22684, 4, 2024/02/25, 19:16:34.535, 2456724121001, testhost.dll, TestRunCache: No test found corresponding to testResult 'TestOperatorIncrement' in inProgress list.
TpTrace Verbose: 0 : 22684, 4, 2024/02/25, 19:16:34.536, 2456724123023, testhost.dll, TestExecutionRecorder.RecordStart: Starting test: TestCarLibrary.StudentTests.TestImplicitConversionLowGpa.
TpTrace Verbose: 0 : 22684, 4, 2024/02/25, 19:16:34.537, 2456724139834, testhost.dll, MulticastDelegateUtilities.SafeInvoke: TestCaseEventsHandler.RaiseTestCaseStart: Invoking callback 1/1 for Microsoft.VisualStudio.TestPlatform.CrossPlatEngine.DataCollection.ProxyOutOfProcDataCollectionManager., took 1 ms.
TpTrace Information: 0 : 22684, 4, 2024/02/25, 19:16:34.537, 2456724141153, testhost.dll, MSTest - Executing test TestImplicitConversionLowGpa
TpTrace Information: 0 : 22684, 4, 2024/02/25, 19:16:34.538, 2456724146775, testhost.dll, MSTest - Executed test TestImplicitConversionLowGpa
TpTrace Verbose: 0 : 22684, 4, 2024/02/25, 19:16:34.538, 2456724147573, testhost.dll, TestExecutionRecorder.RecordEnd: test: TestCarLibrary.StudentTests.TestImplicitConversionLowGpa execution completed.
TpTrace Verbose: 0 : 22684, 4, 2024/02/25, 19:16:34.540, 2456724167101, testhost.dll, MulticastDelegateUtilities.SafeInvoke: TestCaseEventsHandler.RaiseTestCaseEnd: Invoking callback 1/1 for Microsoft.VisualStudio.TestPlatform.CrossPlatEngine.DataCollection.ProxyOutOfProcDataCollectionManager., took 1 ms.
TpTrace Verbose: 0 : 22684, 4, 2024/02/25, 19:16:34.540, 2456724168252, testhost.dll, TestExecutionRecorder.RecordResult: Received result for test: TestCarLibrary.StudentTests.TestImplicitConversionLowGpa.
TpTrace Verbose: 0 : 22684, 4, 2024/02/25, 19:16:34.540, 2456724168940, testhost.dll, MulticastDelegateUtilities.SafeInvoke: TestCaseEventsHandler.RaiseTestCaseEnd: Invoking callback 1/1 for Microsoft.VisualStudio.TestPlatform.CrossPlatEngine.DataCollection.ProxyOutOfProcDataCollectionManager., took 0 ms.
TpTrace Warning: 0 : 22684, 4, 2024/02/25, 19:16:34.540, 2456724169481, testhost.dll, TestRunCache: InProgressTests is null
TpTrace Warning: 0 : 22684, 4, 2024/02/25, 19:16:34.540, 2456724169897, testhost.dll, TestRunCache: No test found corresponding to testResult 'TestImplicitConversionLowGpa' in inProgress list.
TpTrace Verbose: 0 : 22684, 4, 2024/02/25, 19:16:34.540, 2456724171216, testhost.dll, TestExecutionRecorder.RecordStart: Starting test: TestCarLibrary.StudentTests.ExplicitConversion.
TpTrace Verbose: 0 : 22684, 4, 2024/02/25, 19:16:34.542, 2456724188309, testhost.dll, MulticastDelegateUtilities.SafeInvoke: TestCaseEventsHandler.RaiseTestCaseStart: Invoking callback 1/1 for Microsoft.VisualStudio.TestPlatform.CrossPlatEngine.DataCollection.ProxyOutOfProcDataCollectionManager., took 1 ms.
TpTrace Information: 0 : 22684, 4, 2024/02/25, 19:16:34.542, 2456724189483, testhost.dll, MSTest - Executing test ExplicitConversion
TpTrace Information: 0 : 22684, 4, 2024/02/25, 19:16:34.543, 2456724194029, testhost.dll, MSTest - Executed test ExplicitConversion
TpTrace Verbose: 0 : 22684, 4, 2024/02/25, 19:16:34.543, 2456724194844, testhost.dll, TestExecutionRecorder.RecordEnd: test: TestCarLibrary.StudentTests.ExplicitConversion execution completed.
TpTrace Verbose: 0 : 22684, 4, 2024/02/25, 19:16:34.544, 2456724211367, testhost.dll, MulticastDelegateUtilities.SafeInvoke: TestCaseEventsHandler.RaiseTestCaseEnd: Invoking callback 1/1 for Microsoft.VisualStudio.TestPlatform.CrossPlatEngine.DataCollection.ProxyOutOfProcDataCollectionManager., took 1 ms.
TpTrace Verbose: 0 : 22684, 4, 2024/02/25, 19:16:34.545, 2456724212421, testhost.dll, TestExecutionRecorder.RecordResult: Received result for test: TestCarLibrary.StudentTests.ExplicitConversion.
TpTrace Verbose: 0 : 22684, 4, 2024/02/25, 19:16:34.545, 2456724213061, testhost.dll, MulticastDelegateUtilities.SafeInvoke: TestCaseEventsHandler.RaiseTestCaseEnd: Invoking callback 1/1 for Microsoft.VisualStudio.TestPlatform.CrossPlatEngine.DataCollection.ProxyOutOfProcDataCollectionManager., took 0 ms.
TpTrace Warning: 0 : 22684, 4, 2024/02/25, 19:16:34.545, 2456724213581, testhost.dll, TestRunCache: InProgressTests is null
TpTrace Warning: 0 : 22684, 4, 2024/02/25, 19:16:34.545, 2456724213986, testhost.dll, TestRunCache: No test found corresponding to testResult 'ExplicitConversion' in inProgress list.
TpTrace Verbose: 0 : 22684, 4, 2024/02/25, 19:16:34.545, 2456724215037, testhost.dll, TestExecutionRecorder.RecordStart: Starting test: TestCarLibrary.StudentTests.IncrementAge_AgeIncremented.
TpTrace Verbose: 0 : 22684, 4, 2024/02/25, 19:16:34.546, 2456724230380, testhost.dll, MulticastDelegateUtilities.SafeInvoke: TestCaseEventsHandler.RaiseTestCaseStart: Invoking callback 1/1 for Microsoft.VisualStudio.TestPlatform.CrossPlatEngine.DataCollection.ProxyOutOfProcDataCollectionManager., took 1 ms.
TpTrace Information: 0 : 22684, 4, 2024/02/25, 19:16:34.546, 2456724231508, testhost.dll, MSTest - Executing test IncrementAge_AgeIncremented
TpTrace Information: 0 : 22684, 4, 2024/02/25, 19:16:34.547, 2456724236099, testhost.dll, MSTest - Executed test IncrementAge_AgeIncremented
TpTrace Verbose: 0 : 22684, 4, 2024/02/25, 19:16:34.547, 2456724236938, testhost.dll, TestExecutionRecorder.RecordEnd: test: TestCarLibrary.StudentTests.IncrementAge_AgeIncremented execution completed.
TpTrace Verbose: 0 : 22684, 4, 2024/02/25, 19:16:34.549, 2456724255841, testhost.dll, MulticastDelegateUtilities.SafeInvoke: TestCaseEventsHandler.RaiseTestCaseEnd: Invoking callback 1/1 for Microsoft.VisualStudio.TestPlatform.CrossPlatEngine.DataCollection.ProxyOutOfProcDataCollectionManager., took 1 ms.
TpTrace Verbose: 0 : 22684, 4, 2024/02/25, 19:16:34.549, 2456724256921, testhost.dll, TestExecutionRecorder.RecordResult: Received result for test: TestCarLibrary.StudentTests.IncrementAge_AgeIncremented.
TpTrace Verbose: 0 : 22684, 4, 2024/02/25, 19:16:34.549, 2456724257628, testhost.dll, MulticastDelegateUtilities.SafeInvoke: TestCaseEventsHandler.RaiseTestCaseEnd: Invoking callback 1/1 for Microsoft.VisualStudio.TestPlatform.CrossPlatEngine.DataCollection.ProxyOutOfProcDataCollectionManager., took 0 ms.
TpTrace Warning: 0 : 22684, 4, 2024/02/25, 19:16:34.549, 2456724258138, testhost.dll, TestRunCache: InProgressTests is null
TpTrace Warning: 0 : 22684, 4, 2024/02/25, 19:16:34.549, 2456724258547, testhost.dll, TestRunCache: No test found corresponding to testResult 'IncrementAge_AgeIncremented' in inProgress list.
TpTrace Verbose: 0 : 22684, 4, 2024/02/25, 19:16:34.549, 2456724259626, testhost.dll, TestExecutionRecorder.RecordStart: Starting test: TestCarLibrary.StudentTests.ModifyGpaBySubtraction.
TpTrace Verbose: 0 : 22684, 4, 2024/02/25, 19:16:34.551, 2456724277882, testhost.dll, MulticastDelegateUtilities.SafeInvoke: TestCaseEventsHandler.RaiseTestCaseStart: Invoking callback 1/1 for Microsoft.VisualStudio.TestPlatform.CrossPlatEngine.DataCollection.ProxyOutOfProcDataCollectionManager., took 1 ms.
TpTrace Information: 0 : 22684, 4, 2024/02/25, 19:16:34.551, 2456724279086, testhost.dll, MSTest - Executing test ModifyGpaBySubtraction
TpTrace Information: 0 : 22684, 4, 2024/02/25, 19:16:34.552, 2456724287482, testhost.dll, MSTest - Executed test ModifyGpaBySubtraction
TpTrace Verbose: 0 : 22684, 4, 2024/02/25, 19:16:34.552, 2456724288374, testhost.dll, TestExecutionRecorder.RecordEnd: test: TestCarLibrary.StudentTests.ModifyGpaBySubtraction execution completed.
TpTrace Verbose: 0 : 22684, 4, 2024/02/25, 19:16:34.554, 2456724306532, testhost.dll, MulticastDelegateUtilities.SafeInvoke: TestCaseEventsHandler.RaiseTestCaseEnd: Invoking callback 1/1 for Microsoft.VisualStudio.TestPlatform.CrossPlatEngine.DataCollection.ProxyOutOfProcDataCollectionManager., took 1 ms.
TpTrace Verbose: 0 : 22684, 4, 2024/02/25, 19:16:34.554, 2456724307601, testhost.dll, TestExecutionRecorder.RecordResult: Received result for test: TestCarLibrary.StudentTests.ModifyGpaBySubtraction.
TpTrace Verbose: 0 : 22684, 4, 2024/02/25, 19:16:34.554, 2456724308269, testhost.dll, MulticastDelegateUtilities.SafeInvoke: TestCaseEventsHandler.RaiseTestCaseEnd: Invoking callback 1/1 for Microsoft.VisualStudio.TestPlatform.CrossPlatEngine.DataCollection.ProxyOutOfProcDataCollectionManager., took 0 ms.
TpTrace Warning: 0 : 22684, 4, 2024/02/25, 19:16:34.554, 2456724308800, testhost.dll, TestRunCache: InProgressTests is null
TpTrace Warning: 0 : 22684, 4, 2024/02/25, 19:16:34.554, 2456724309203, testhost.dll, TestRunCache: No test found corresponding to testResult 'ModifyGpaBySubtraction' in inProgress list.
TpTrace Verbose: 0 : 22684, 4, 2024/02/25, 19:16:34.554, 2456724310192, testhost.dll, TestExecutionRecorder.RecordStart: Starting test: TestCarLibrary.StudentTests.ModifyNameByModulus.
TpTrace Verbose: 0 : 22684, 4, 2024/02/25, 19:16:34.556, 2456724328885, testhost.dll, MulticastDelegateUtilities.SafeInvoke: TestCaseEventsHandler.RaiseTestCaseStart: Invoking callback 1/1 for Microsoft.VisualStudio.TestPlatform.CrossPlatEngine.DataCollection.ProxyOutOfProcDataCollectionManager., took 1 ms.
TpTrace Information: 0 : 22684, 4, 2024/02/25, 19:16:34.556, 2456724330088, testhost.dll, MSTest - Executing test ModifyNameByModulus
TpTrace Information: 0 : 22684, 4, 2024/02/25, 19:16:34.557, 2456724336057, testhost.dll, MSTest - Executed test ModifyNameByModulus
TpTrace Verbose: 0 : 22684, 4, 2024/02/25, 19:16:34.557, 2456724336859, testhost.dll, TestExecutionRecorder.RecordEnd: test: TestCarLibrary.StudentTests.ModifyNameByModulus execution completed.
TpTrace Verbose: 0 : 22684, 4, 2024/02/25, 19:16:34.559, 2456724353508, testhost.dll, MulticastDelegateUtilities.SafeInvoke: TestCaseEventsHandler.RaiseTestCaseEnd: Invoking callback 1/1 for Microsoft.VisualStudio.TestPlatform.CrossPlatEngine.DataCollection.ProxyOutOfProcDataCollectionManager., took 1 ms.
TpTrace Verbose: 0 : 22684, 4, 2024/02/25, 19:16:34.559, 2456724354512, testhost.dll, TestExecutionRecorder.RecordResult: Received result for test: TestCarLibrary.StudentTests.ModifyNameByModulus.
TpTrace Verbose: 0 : 22684, 4, 2024/02/25, 19:16:34.559, 2456724355145, testhost.dll, MulticastDelegateUtilities.SafeInvoke: TestCaseEventsHandler.RaiseTestCaseEnd: Invoking callback 1/1 for Microsoft.VisualStudio.TestPlatform.CrossPlatEngine.DataCollection.ProxyOutOfProcDataCollectionManager., took 0 ms.
TpTrace Warning: 0 : 22684, 4, 2024/02/25, 19:16:34.559, 2456724355658, testhost.dll, TestRunCache: InProgressTests is null
TpTrace Warning: 0 : 22684, 4, 2024/02/25, 19:16:34.559, 2456724356199, testhost.dll, TestRunCache: No test found corresponding to testResult 'ModifyNameByModulus' in inProgress list.
TpTrace Verbose: 0 : 22684, 4, 2024/02/25, 19:16:34.559, 2456724357272, testhost.dll, TestExecutionRecorder.RecordStart: Starting test: TestCarLibrary.StudentTests.Compare_StudentAGreaterThanStudentB.
TpTrace Verbose: 0 : 22684, 4, 2024/02/25, 19:16:34.560, 2456724372219, testhost.dll, MulticastDelegateUtilities.SafeInvoke: TestCaseEventsHandler.RaiseTestCaseStart: Invoking callback 1/1 for Microsoft.VisualStudio.TestPlatform.CrossPlatEngine.DataCollection.ProxyOutOfProcDataCollectionManager., took 1 ms.
TpTrace Information: 0 : 22684, 4, 2024/02/25, 19:16:34.561, 2456724373801, testhost.dll, MSTest - Executing test Compare_StudentAGreaterThanStudentB
TpTrace Information: 0 : 22684, 4, 2024/02/25, 19:16:34.561, 2456724379879, testhost.dll, MSTest - Executed test Compare_StudentAGreaterThanStudentB
TpTrace Verbose: 0 : 22684, 4, 2024/02/25, 19:16:34.561, 2456724380962, testhost.dll, TestExecutionRecorder.RecordEnd: test: TestCarLibrary.StudentTests.Compare_StudentAGreaterThanStudentB execution completed.
TpTrace Verbose: 0 : 22684, 4, 2024/02/25, 19:16:34.563, 2456724399786, testhost.dll, MulticastDelegateUtilities.SafeInvoke: TestCaseEventsHandler.RaiseTestCaseEnd: Invoking callback 1/1 for Microsoft.VisualStudio.TestPlatform.CrossPlatEngine.DataCollection.ProxyOutOfProcDataCollectionManager., took 1 ms.
TpTrace Verbose: 0 : 22684, 4, 2024/02/25, 19:16:34.563, 2456724400908, testhost.dll, TestExecutionRecorder.RecordResult: Received result for test: TestCarLibrary.StudentTests.Compare_StudentAGreaterThanStudentB.
TpTrace Verbose: 0 : 22684, 4, 2024/02/25, 19:16:34.563, 2456724401582, testhost.dll, MulticastDelegateUtilities.SafeInvoke: TestCaseEventsHandler.RaiseTestCaseEnd: Invoking callback 1/1 for Microsoft.VisualStudio.TestPlatform.CrossPlatEngine.DataCollection.ProxyOutOfProcDataCollectionManager., took 0 ms.
TpTrace Warning: 0 : 22684, 4, 2024/02/25, 19:16:34.563, 2456724402092, testhost.dll, TestRunCache: InProgressTests is null
TpTrace Warning: 0 : 22684, 4, 2024/02/25, 19:16:34.564, 2456724402493, testhost.dll, TestRunCache: No test found corresponding to testResult 'Compare_StudentAGreaterThanStudentB' in inProgress list.
TpTrace Verbose: 0 : 22684, 4, 2024/02/25, 19:16:34.564, 2456724403507, testhost.dll, TestExecutionRecorder.RecordStart: Starting test: TestCarLibrary.StudentTests.Compare_StudentAGreaterThanGpa.
TpTrace Verbose: 0 : 22684, 4, 2024/02/25, 19:16:34.565, 2456724418403, testhost.dll, MulticastDelegateUtilities.SafeInvoke: TestCaseEventsHandler.RaiseTestCaseStart: Invoking callback 1/1 for Microsoft.VisualStudio.TestPlatform.CrossPlatEngine.DataCollection.ProxyOutOfProcDataCollectionManager., took 1 ms.
TpTrace Information: 0 : 22684, 4, 2024/02/25, 19:16:34.565, 2456724419453, testhost.dll, MSTest - Executing test Compare_StudentAGreaterThanGpa
TpTrace Information: 0 : 22684, 4, 2024/02/25, 19:16:34.566, 2456724425270, testhost.dll, MSTest - Executed test Compare_StudentAGreaterThanGpa
TpTrace Verbose: 0 : 22684, 4, 2024/02/25, 19:16:34.566, 2456724426292, testhost.dll, TestExecutionRecorder.RecordEnd: test: TestCarLibrary.StudentTests.Compare_StudentAGreaterThanGpa execution completed.
TpTrace Verbose: 0 : 22684, 4, 2024/02/25, 19:16:34.568, 2456724449448, testhost.dll, MulticastDelegateUtilities.SafeInvoke: TestCaseEventsHandler.RaiseTestCaseEnd: Invoking callback 1/1 for Microsoft.VisualStudio.TestPlatform.CrossPlatEngine.DataCollection.ProxyOutOfProcDataCollectionManager., took 2 ms.
TpTrace Verbose: 0 : 22684, 4, 2024/02/25, 19:16:34.568, 2456724450597, testhost.dll, TestExecutionRecorder.RecordResult: Received result for test: TestCarLibrary.StudentTests.Compare_StudentAGreaterThanGpa.
TpTrace Verbose: 0 : 22684, 4, 2024/02/25, 19:16:34.568, 2456724451257, testhost.dll, MulticastDelegateUtilities.SafeInvoke: TestCaseEventsHandler.RaiseTestCaseEnd: Invoking callback 1/1 for Microsoft.VisualStudio.TestPlatform.CrossPlatEngine.DataCollection.ProxyOutOfProcDataCollectionManager., took 0 ms.
TpTrace Warning: 0 : 22684, 4, 2024/02/25, 19:16:34.568, 2456724451856, testhost.dll, TestRunCache: InProgressTests is null
TpTrace Warning: 0 : 22684, 4, 2024/02/25, 19:16:34.568, 2456724452310, testhost.dll, TestRunCache: No test found corresponding to testResult 'Compare_StudentAGreaterThanGpa' in inProgress list.
TpTrace Verbose: 0 : 22684, 4, 2024/02/25, 19:16:34.569, 2456724453376, testhost.dll, TestExecutionRecorder.RecordStart: Starting test: TestCarLibrary.StudentTests.CompareAgeStudent.
TpTrace Verbose: 0 : 22684, 4, 2024/02/25, 19:16:34.575, 2456724521217, testhost.dll, MulticastDelegateUtilities.SafeInvoke: TestCaseEventsHandler.RaiseTestCaseStart: Invoking callback 1/1 for Microsoft.VisualStudio.TestPlatform.CrossPlatEngine.DataCollection.ProxyOutOfProcDataCollectionManager., took 6 ms.
TpTrace Information: 0 : 22684, 4, 2024/02/25, 19:16:34.576, 2456724522494, testhost.dll, MSTest - Executing test CompareAgeStudent
TpTrace Information: 0 : 22684, 4, 2024/02/25, 19:16:34.577, 2456724532466, testhost.dll, MSTest - Executed test CompareAgeStudent
TpTrace Verbose: 0 : 22684, 4, 2024/02/25, 19:16:34.577, 2456724533471, testhost.dll, TestExecutionRecorder.RecordEnd: test: TestCarLibrary.StudentTests.CompareAgeStudent execution completed.
TpTrace Verbose: 0 : 22684, 4, 2024/02/25, 19:16:34.578, 2456724551531, testhost.dll, MulticastDelegateUtilities.SafeInvoke: TestCaseEventsHandler.RaiseTestCaseEnd: Invoking callback 1/1 for Microsoft.VisualStudio.TestPlatform.CrossPlatEngine.DataCollection.ProxyOutOfProcDataCollectionManager., took 1 ms.
TpTrace Verbose: 0 : 22684, 4, 2024/02/25, 19:16:34.579, 2456724552598, testhost.dll, TestExecutionRecorder.RecordResult: Received result for test: TestCarLibrary.StudentTests.CompareAgeStudent.
TpTrace Verbose: 0 : 22684, 4, 2024/02/25, 19:16:34.579, 2456724553235, testhost.dll, MulticastDelegateUtilities.SafeInvoke: TestCaseEventsHandler.RaiseTestCaseEnd: Invoking callback 1/1 for Microsoft.VisualStudio.TestPlatform.CrossPlatEngine.DataCollection.ProxyOutOfProcDataCollectionManager., took 0 ms.
TpTrace Warning: 0 : 22684, 4, 2024/02/25, 19:16:34.579, 2456724553768, testhost.dll, TestRunCache: InProgressTests is null
TpTrace Warning: 0 : 22684, 4, 2024/02/25, 19:16:34.579, 2456724554172, testhost.dll, TestRunCache: No test found corresponding to testResult 'CompareAgeStudent' in inProgress list.
TpTrace Information: 0 : 22684, 4, 2024/02/25, 19:16:34.579, 2456724558108, testhost.dll, MSTest - Executing cleanup methods.
TpTrace Information: 0 : 22684, 4, 2024/02/25, 19:16:34.581, 2456724578146, testhost.dll, MSTest - Executed cleanup methods.
TpTrace Information: 0 : 22684, 4, 2024/02/25, 19:16:34.581, 2456724579093, testhost.dll, MSTest - Executed tests belonging to source C:\Users\79024\Documents\ВШЭ\Программирование\Lab10\TestCarLibrary\bin\Debug\net7.0\fine-code-coverage\build-output\TestCarLibrary.dll
TpTrace Verbose: 0 : 22684, 4, 2024/02/25, 19:16:34.582, 2456724586480, testhost.dll, BaseRunTests.RunTestInternalWithExecutors: Completed running tests for executor://MSTestAdapter/v2
TpTrace Verbose: 0 : 22684, 4, 2024/02/25, 19:16:34.584, 2456724606395, testhost.dll, MulticastDelegateUtilities.SafeInvoke: TestCaseEventsHandler.RaiseSessionEnd: Invoking callback 1/1 for Microsoft.VisualStudio.TestPlatform.CrossPlatEngine.DataCollection.ProxyOutOfProcDataCollectionManager., took 1 ms.
TpTrace Information: 0 : 22684, 4, 2024/02/25, 19:16:34.588, 2456724648930, testhost.dll, Sending test run complete
TpTrace Verbose: 0 : 22684, 4, 2024/02/25, 19:16:34.608, 2456724843674, testhost.dll, TestRequestHandler.SendData: sending data from testhost: {"Version":7,"MessageType":"TestExecution.Completed","Payload":{"TestRunCompleteArgs":{"TestRunStatistics":{"ExecutedTests":36,"Stats":{"Passed":35,"Failed":1}},"IsCanceled":false,"IsAborted":false,"Error":null,"AttachmentSets":[],"InvokedDataCollectors":[],"ElapsedTimeInRunningTests":"00:00:00.7075664","Metrics":{},"DiscoveredExtensions":{"TestDiscoverers":["Microsoft.VisualStudio.TestPlatform.MSTest.TestAdapter.MSTestDiscoverer, Microsoft.VisualStudio.TestPlatform.MSTest.TestAdapter, Version=14.0.0.0, Culture=neutral, PublicKeyToken=b03f5f7f11d50a3a"],"TestExecutors":["executor://MSTestAdapter/v2"],"TestExecutors2":[],"TestSettingsProviders":[]}},"LastRunTests":{"NewTestResults":[{"TestCase":{"Id":"b32f45df-8bd5-0f16-31b0-0c89b5b9e441","FullyQualifiedName":"TestCarLibrary.StudentTests.TestOperatorIncrement","DisplayName":"TestOperatorIncrement","ExecutorUri":"executor://MSTestAdapter/v2","Source":"C:\\Users\\79024\\Documents\\ВШЭ\\Программирование\\Lab10\\TestCarLibrary\\bin\\Debug\\net7.0\\fine-code-coverage\\build-output\\TestCarLibrary.dll","CodeFilePath":null,"LineNumber":-1,"Properties":[{"Key":{"Id":"TestObject.Traits","Label":"Признаки","Category":"","Description":"","Attributes":5,"ValueType":"System.Collections.Generic.KeyValuePair`2[[System.String],[System.String]][]"},"Value":[]},{"Key":{"Id":"TestCase.Hierarchy","Label":"Hierarchy","Category":"","Description":"","Attributes":2,"ValueType":"System.String[]"},"Value":["TestCarLibrary","StudentTests"]},{"Key":{"Id":"TestCase.ManagedType","Label":"ManagedType","Category":"","Description":"","Attributes":1,"ValueType":"System.String"},"Value":"TestCarLibrary.StudentTests"},{"Key":{"Id":"TestCase.ManagedMethod","Label":"ManagedMethod","Category":"","Description":"","Attributes":1,"ValueType":"System.String"},"Value":"TestOperatorIncrement"},{"Key":{"Id":"MSTestDiscoverer.TestClassName","Label":"ClassName","Category":"","Description":"","Attributes":1,"ValueType":"System.String"},"Value":"TestCarLibrary.StudentTests"}]},"Attachments":[],"Outcome":1,"ErrorMessage":null,"ErrorStackTrace":null,"DisplayName":"TestOperatorIncrement","Messages":[],"ComputerName":null,"Duration":"00:00:00.0003627","StartTime":"2024-02-25T19:16:34.532564+05:00","EndTime":"2024-02-25T19:16:34.5332969+05:00","Properties":[{"Key":{"Id":"ParentExecId","Label":"ParentExecId","Category":"","Description":"","Attributes":1,"ValueType":"System.Guid"},"Value":"00000000-0000-0000-0000-000000000000"},{"Key":{"Id":"ExecutionId","Label":"ExecutionId","Category":"","Description":"","Attributes":1,"ValueType":"System.Guid"},"Value":"00000000-0000-0000-0000-000000000000"},{"Key":{"Id":"InnerResultsCount","Label":"InnerResultsCount","Category":"","Description":"","Attributes":1,"ValueType":"System.Int32"},"Value":0}]},{"TestCase":{"Id":"206f23e3-8b6e-f0f5-899a-ae1e17463228","FullyQualifiedName":"TestCarLibrary.StudentTests.TestImplicitConversionLowGpa","DisplayName":"TestImplicitConversionLowGpa","ExecutorUri":"executor://MSTestAdapter/v2","Source":"C:\\Users\\79024\\Documents\\ВШЭ\\Программирование\\Lab10\\TestCarLibrary\\bin\\Debug\\net7.0\\fine-code-coverage\\build-output\\TestCarLibrary.dll","CodeFilePath":null,"LineNumber":-1,"Properties":[{"Key":{"Id":"TestObject.Traits","Label":"Признаки","Category":"","Description":"","Attributes":5,"ValueType":"System.Collections.Generic.KeyValuePair`2[[System.String],[System.String]][]"},"Value":[]},{"Key":{"Id":"TestCase.Hierarchy","Label":"Hierarchy","Category":"","Description":"","Attributes":2,"ValueType":"System.String[]"},"Value":["TestCarLibrary","StudentTests"]},{"Key":{"Id":"TestCase.ManagedType","Label":"ManagedType","Category":"","Description":"","Attributes":1,"ValueType":"System.String"},"Value":"TestCarLibrary.StudentTests"},{"Key":{"Id":"TestCase.ManagedMethod","Label":"ManagedMethod","Category":"","Description":"","Attributes":1,"ValueType":"System.String"},"Value":"TestImplicitConversionLowGpa"},{"Key":{"Id":"MSTestDiscoverer.TestClassName","Label":"ClassName","Category":"","Description":"","Attributes":1,"ValueType":"System.String"},"Value":"TestCarLibrary.StudentTests"}]},"Attachments":[],"Outcome":1,"ErrorMessage":null,"ErrorStackTrace":null,"DisplayName":"TestImplicitConversionLowGpa","Messages":[],"ComputerName":null,"Duration":"00:00:00.0003534","StartTime":"2024-02-25T19:16:34.5378774+05:00","EndTime":"2024-02-25T19:16:34.5385101+05:00","Properties":[{"Key":{"Id":"ParentExecId","Label":"ParentExecId","Category":"","Description":"","Attributes":1,"ValueType":"System.Guid"},"Value":"00000000-0000-0000-0000-000000000000"},{"Key":{"Id":"ExecutionId","Label":"ExecutionId","Category":"","Description":"","Attributes":1,"ValueType":"System.Guid"},"Value":"00000000-0000-0000-0000-000000000000"},{"Key":{"Id":"InnerResultsCount","Label":"InnerResultsCount","Category":"","Description":"","Attributes":1,"ValueType":"System.Int32"},"Value":0}]},{"TestCase":{"Id":"89071623-320d-7c42-7614-97e6e9f07b6c","FullyQualifiedName":"TestCarLibrary.StudentTests.ExplicitConversion","DisplayName":"ExplicitConversion","ExecutorUri":"executor://MSTestAdapter/v2","Source":"C:\\Users\\79024\\Documents\\ВШЭ\\Программирование\\Lab10\\TestCarLibrary\\bin\\Debug\\net7.0\\fine-code-coverage\\build-output\\TestCarLibrary.dll","CodeFilePath":null,"LineNumber":-1,"Properties":[{"Key":{"Id":"TestObject.Traits","Label":"Признаки","Category":"","Description":"","Attributes":5,"ValueType":"System.Collections.Generic.KeyValuePair`2[[System.String],[System.String]][]"},"Value":[]},{"Key":{"Id":"TestCase.Hierarchy","Label":"Hierarchy","Category":"","Description":"","Attributes":2,"ValueType":"System.String[]"},"Value":["TestCarLibrary","StudentTests"]},{"Key":{"Id":"TestCase.ManagedType","Label":"ManagedType","Category":"","Description":"","Attributes":1,"ValueType":"System.String"},"Value":"TestCarLibrary.StudentTests"},{"Key":{"Id":"TestCase.ManagedMethod","Label":"ManagedMethod","Category":"","Description":"","Attributes":1,"ValueType":"System.String"},"Value":"ExplicitConversion"},{"Key":{"Id":"MSTestDiscoverer.TestClassName","Label":"ClassName","Category":"","Description":"","Attributes":1,"ValueType":"System.String"},"Value":"TestCarLibrary.StudentTests"}]},"Attachments":[],"Outcome":1,"ErrorMessage":null,"ErrorStackTrace":null,"DisplayName":"ExplicitConversion","Messages":[],"ComputerName":null,"Duration":"00:00:00.0002411","StartTime":"2024-02-25T19:16:34.54271+05:00","EndTime":"2024-02-25T19:16:34.5432381+05:00","Properties":[{"Key":{"Id":"ParentExecId","Label":"ParentExecId","Category":"","Description":"","Attributes":1,"ValueType":"System.Guid"},"Value":"00000000-0000-0000-0000-000000000000"},{"Key":{"Id":"ExecutionId","Label":"ExecutionId","Category":"","Description":"","Attributes":1,"ValueType":"System.Guid"},"Value":"00000000-0000-0000-0000-000000000000"},{"Key":{"Id":"InnerResultsCount","Label":"InnerResultsCount","Category":"","Description":"","Attributes":1,"ValueType":"System.Int32"},"Value":0}]},{"TestCase":{"Id":"a143b41d-8bff-009e-ad20-90cc9b0df06f","FullyQualifiedName":"TestCarLibrary.StudentTests.IncrementAge_AgeIncremented","DisplayName":"IncrementAge_AgeIncremented","ExecutorUri":"executor://MSTestAdapter/v2","Source":"C:\\Users\\79024\\Documents\\ВШЭ\\Программирование\\Lab10\\TestCarLibrary\\bin\\Debug\\net7.0\\fine-code-coverage\\build-output\\TestCarLibrary.dll","CodeFilePath":null,"LineNumber":-1,"Properties":[{"Key":{"Id":"TestObject.Traits","Label":"Признаки","Category":"","Description":"","Attributes":5,"ValueType":"System.Collections.Generic.KeyValuePair`2[[System.String],[System.String]][]"},"Value":[]},{"Key":{"Id":"TestCase.Hierarchy","Label":"Hierarchy","Category":"","Description":"","Attributes":2,"ValueType":"System.String[]"},"Value":["TestCarLibrary","StudentTests"]},{"Key":{"Id":"TestCase.ManagedType","Label":"ManagedType","Category":"","Description":"","Attributes":1,"ValueType":"System.String"},"Value":"TestCarLibrary.StudentTests"},{"Key":{"Id":"TestCase.ManagedMethod","Label":"ManagedMethod","Category":"","Description":"","Attributes":1,"ValueType":"System.String"},"Value":"IncrementAge_AgeIncremented"},{"Key":{"Id":"MSTestDiscoverer.TestClassName","Label":"ClassName","Category":"","Description":"","Attributes":1,"ValueType":"System.String"},"Value":"TestCarLibrary.StudentTests"}]},"Attachments":[],"Outcome":1,"ErrorMessage":null,"ErrorStackTrace":null,"DisplayName":"IncrementAge_AgeIncremented","Messages":[],"ComputerName":null,"Duration":"00:00:00.0002524","StartTime":"2024-02-25T19:16:34.5469133+05:00","EndTime":"2024-02-25T19:16:34.547446+05:00","Properties":[{"Key":{"Id":"ParentExecId","Label":"ParentExecId","Category":"","Description":"","Attributes":1,"ValueType":"System.Guid"},"Value":"00000000-0000-0000-0000-000000000000"},{"Key":{"Id":"ExecutionId","Label":"ExecutionId","Category":"","Description":"","Attributes":1,"ValueType":"System.Guid"},"Value":"00000000-0000-0000-0000-000000000000"},{"Key":{"Id":"InnerResultsCount","Label":"InnerResultsCount","Category":"","Description":"","Attributes":1,"ValueType":"System.Int32"},"Value":0}]},{"TestCase":{"Id":"2a77eb71-7c16-5822-6abd-f57d47f4af9a","FullyQualifiedName":"TestCarLibrary.StudentTests.ModifyGpaBySubtraction","DisplayName":"ModifyGpaBySubtraction","ExecutorUri":"executor://MSTestAdapter/v2","Source":"C:\\Users\\79024\\Documents\\ВШЭ\\Программирование\\Lab10\\TestCarLibrary\\bin\\Debug\\net7.0\\fine-code-coverage\\build-output\\TestCarLibrary.dll","CodeFilePath":null,"LineNumber":-1,"Properties":[{"Key":{"Id":"TestObject.Traits","Label":"Признаки","Category":"","Description":"","Attributes":5,"ValueType":"System.Collections.Generic.KeyValuePair`2[[System.String],[System.String]][]"},"Value":[]},{"Key":{"Id":"TestCase.Hierarchy","Label":"Hierarchy","Category":"","Description":"","Attributes":2,"ValueType":"System.String[]"},"Value":["TestCarLibrary","StudentTests"]},{"Key":{"Id":"TestCase.ManagedType","Label":"ManagedType","Category":"","Description":"","Attributes":1,"ValueType":"System.String"},"Value":"TestCarLibrary.StudentTests"},{"Key":{"Id":"TestCase.ManagedMethod","Label":"ManagedMethod","Category":"","Description":"","Attributes":1,"ValueType":"System.String"},"Value":"ModifyGpaBySubtraction"},{"Key":{"Id":"MSTestDiscoverer.TestClassName","Label":"ClassName","Category":"","Description":"","Attributes":1,"ValueType":"System.String"},"Value":"TestCarLibrary.StudentTests"}]},"Attachments":[],"Outcome":1,"ErrorMessage":null,"ErrorStackTrace":null,"DisplayName":"ModifyGpaBySubtraction","Messages":[],"ComputerName":null,"Duration":"00:00:00.0006243","StartTime":"2024-02-25T19:16:34.5516706+05:00","EndTime":"2024-02-25T19:16:34.5525909+05:00","Properties":[{"Key":{"Id":"ParentExecId","Label":"ParentExecId","Category":"","Description":"","Attributes":1,"ValueType":"System.Guid"},"Value":"00000000-0000-0000-0000-000000000000"},{"Key":{"Id":"ExecutionId","Label":"ExecutionId","Category":"","Description":"","Attributes":1,"ValueType":"System.Guid"},"Value":"00000000-0000-0000-0000-000000000000"},{"Key":{"Id":"InnerResultsCount","Label":"InnerResultsCount","Category":"","Description":"","Attributes":1,"ValueType":"System.Int32"},"Value":0}]},{"TestCase":{"Id":"284e33e8-4648-821e-b7ed-53e8d7a9cf25","FullyQualifiedName":"TestCarLibrary.StudentTests.ModifyNameByModulus","DisplayName":"ModifyNameByModulus","ExecutorUri":"executor://MSTestAdapter/v2","Source":"C:\\Users\\79024\\Documents\\ВШЭ\\Программирование\\Lab10\\TestCarLibrary\\bin\\Debug\\net7.0\\fine-code-coverage\\build-output\\TestCarLibrary.dll","CodeFilePath":null,"LineNumber":-1,"Properties":[{"Key":{"Id":"TestObject.Traits","Label":"Признаки","Category":"","Description":"","Attributes":5,"ValueType":"System.Collections.Generic.KeyValuePair`2[[System.String],[System.String]][]"},"Value":[]},{"Key":{"Id":"TestCase.Hierarchy","Label":"Hierarchy","Category":"","Description":"","Attributes":2,"ValueType":"System.String[]"},"Value":["TestCarLibrary","StudentTests"]},{"Key":{"Id":"TestCase.ManagedType","Label":"ManagedType","Category":"","Description":"","Attributes":1,"ValueType":"System.String"},"Value":"TestCarLibrary.StudentTests"},{"Key":{"Id":"TestCase.ManagedMethod","Label":"ManagedMethod","Category":"","Description":"","Attributes":1,"ValueType":"System.String"},"Value":"ModifyNameByModulus"},{"Key":{"Id":"MSTestDiscoverer.TestClassName","Label":"ClassName","Category":"","Description":"","Attributes":1,"ValueType":"System.String"},"Value":"TestCarLibrary.StudentTests"}]},"Attachments":[],"Outcome":1,"ErrorMessage":null,"ErrorStackTrace":null,"DisplayName":"ModifyNameByModulus","Messages":[],"ComputerName":null,"Duration":"00:00:00.0003849","StartTime":"2024-02-25T19:16:34.5567707+05:00","EndTime":"2024-02-25T19:16:34.5574398+05:00","Properties":[{"Key":{"Id":"ParentExecId","Label":"ParentExecId","Category":"","Description":"","Attributes":1,"ValueType":"System.Guid"},"Value":"00000000-0000-0000-0000-000000000000"},{"Key":{"Id":"ExecutionId","Label":"ExecutionId","Category":"","Description":"","Attributes":1,"ValueType":"System.Guid"},"Value":"00000000-0000-0000-0000-000000000000"},{"Key":{"Id":"InnerResultsCount","Label":"InnerResultsCount","Category":"","Description":"","Attributes":1,"ValueType":"System.Int32"},"Value":0}]},{"TestCase":{"Id":"3b9e1834-94d2-87ee-8787-77cbe9017abf","FullyQualifiedName":"TestCarLibrary.StudentTests.Compare_StudentAGreaterThanStudentB","DisplayName":"Compare_StudentAGreaterThanStudentB","ExecutorUri":"executor://MSTestAdapter/v2","Source":"C:\\Users\\79024\\Documents\\ВШЭ\\Программирование\\Lab10\\TestCarLibrary\\bin\\Debug\\net7.0\\fine-code-coverage\\build-output\\TestCarLibrary.dll","CodeFilePath":null,"LineNumber":-1,"Properties":[{"Key":{"Id":"TestObject.Traits","Label":"Признаки","Category":"","Description":"","Attributes":5,"ValueType":"System.Collections.Generic.KeyValuePair`2[[System.String],[System.String]][]"},"Value":[]},{"Key":{"Id":"TestCase.Hierarchy","Label":"Hierarchy","Category":"","Description":"","Attributes":2,"ValueType":"System.String[]"},"Value":["TestCarLibrary","StudentTests"]},{"Key":{"Id":"TestCase.ManagedType","Label":"ManagedType","Category":"","Description":"","Attributes":1,"ValueType":"System.String"},"Value":"TestCarLibrary.StudentTests"},{"Key":{"Id":"TestCase.ManagedMethod","Label":"ManagedMethod","Category":"","Description":"","Attributes":1,"ValueType":"System.String"},"Value":"Compare_StudentAGreaterThanStudentB"},{"Key":{"Id":"MSTestDiscoverer.TestClassName","Label":"ClassName","Category":"","Description":"","Attributes":1,"ValueType":"System.String"},"Value":"TestCarLibrary.StudentTests"}]},"Attachments":[],"Outcome":1,"ErrorMessage":null,"ErrorStackTrace":null,"DisplayName":"Compare_StudentAGreaterThanStudentB","Messages":[],"ComputerName":null,"Duration":"00:00:00.0003543","StartTime":"2024-02-25T19:16:34.5611418+05:00","EndTime":"2024-02-25T19:16:34.5618485+05:00","Properties":[{"Key":{"Id":"ParentExecId","Label":"ParentExecId","Category":"","Description":"","Attributes":1,"ValueType":"System.Guid"},"Value":"00000000-0000-0000-0000-000000000000"},{"Key":{"Id":"ExecutionId","Label":"ExecutionId","Category":"","Description":"","Attributes":1,"ValueType":"System.Guid"},"Value":"00000000-0000-0000-0000-000000000000"},{"Key":{"Id":"InnerResultsCount","Label":"InnerResultsCount","Category":"","Description":"","Attributes":1,"ValueType":"System.Int32"},"Value":0}]},{"TestCase":{"Id":"13f658dc-9244-dc12-98da-d63789e78087","FullyQualifiedName":"TestCarLibrary.StudentTests.Compare_StudentAGreaterThanGpa","DisplayName":"Compare_StudentAGreaterThanGpa","ExecutorUri":"executor://MSTestAdapter/v2","Source":"C:\\Users\\79024\\Documents\\ВШЭ\\Программирование\\Lab10\\TestCarLibrary\\bin\\Debug\\net7.0\\fine-code-coverage\\build-output\\TestCarLibrary.dll","CodeFilePath":null,"LineNumber":-1,"Properties":[{"Key":{"Id":"TestObject.Traits","Label":"Признаки","Category":"","Description":"","Attributes":5,"ValueType":"System.Collections.Generic.KeyValuePair`2[[System.String],[System.String]][]"},"Value":[]},{"Key":{"Id":"TestCase.Hierarchy","Label":"Hierarchy","Category":"","Description":"","Attributes":2,"ValueType":"System.String[]"},"Value":["TestCarLibrary","StudentTests"]},{"Key":{"Id":"TestCase.ManagedType","Label":"ManagedType","Category":"","Description":"","Attributes":1,"ValueType":"System.String"},"Value":"TestCarLibrary.StudentTests"},{"Key":{"Id":"TestCase.ManagedMethod","Label":"ManagedMethod","Category":"","Description":"","Attributes":1,"ValueType":"System.String"},"Value":"Compare_StudentAGreaterThanGpa"},{"Key":{"Id":"MSTestDiscoverer.TestClassName","Label":"ClassName","Category":"","Description":"","Attributes":1,"ValueType":"System.String"},"Value":"TestCarLibrary.StudentTests"}]},"Attachments":[],"Outcome":1,"ErrorMessage":null,"ErrorStackTrace":null,"DisplayName":"Compare_StudentAGreaterThanGpa","Messages":[],"ComputerName":null,"Duration":"00:00:00.0003665","StartTime":"2024-02-25T19:16:34.5657078+05:00","EndTime":"2024-02-25T19:16:34.5663825+05:00","Properties":[{"Key":{"Id":"ParentExecId","Label":"ParentExecId","Category":"","Description":"","Attributes":1,"ValueType":"System.Guid"},"Value":"00000000-0000-0000-0000-000000000000"},{"Key":{"Id":"ExecutionId","Label":"ExecutionId","Category":"","Description":"","Attributes":1,"ValueType":"System.Guid"},"Value":"00000000-0000-0000-0000-000000000000"},{"Key":{"Id":"InnerResultsCount","Label":"InnerResultsCount","Category":"","Description":"","Attributes":1,"ValueType":"System.Int32"},"Value":0}]},{"TestCase":{"Id":"4784fd2d-9035-64e1-6e52-eae65c1d080b","FullyQualifiedName":"TestCarLibrary.StudentTests.CompareAgeStudent","DisplayName":"CompareAgeStudent","ExecutorUri":"executor://MSTestAdapter/v2","Source":"C:\\Users\\79024\\Documents\\ВШЭ\\Программирование\\Lab10\\TestCarLibrary\\bin\\Debug\\net7.0\\fine-code-coverage\\build-output\\TestCarLibrary.dll","CodeFilePath":null,"LineNumber":-1,"Properties":[{"Key":{"Id":"TestObject.Traits","Label":"Признаки","Category":"","Description":"","Attributes":5,"ValueType":"System.Collections.Generic.KeyValuePair`2[[System.String],[System.String]][]"},"Value":[]},{"Key":{"Id":"TestCase.Hierarchy","Label":"Hierarchy","Category":"","Description":"","Attributes":2,"ValueType":"System.String[]"},"Value":["TestCarLibrary","StudentTests"]},{"Key":{"Id":"TestCase.ManagedType","Label":"ManagedType","Category":"","Description":"","Attributes":1,"ValueType":"System.String"},"Value":"TestCarLibrary.StudentTests"},{"Key":{"Id":"TestCase.ManagedMethod","Label":"ManagedMethod","Category":"","Description":"","Attributes":1,"ValueType":"System.String"},"Value":"CompareAgeStudent"},{"Key":{"Id":"MSTestDiscoverer.TestClassName","Label":"ClassName","Category":"","Description":"","Attributes":1,"ValueType":"System.String"},"Value":"TestCarLibrary.StudentTests"}]},"Attachments":[],"Outcome":1,"ErrorMessage":null,"ErrorStackTrace":null,"DisplayName":"CompareAgeStudent","Messages":[],"ComputerName":null,"Duration":"00:00:00.0007795","StartTime":"2024-02-25T19:16:34.5760111+05:00","EndTime":"2024-02-25T19:16:34.5770965+05:00","Properties":[{"Key":{"Id":"ParentExecId","Label":"ParentExecId","Category":"","Description":"","Attributes":1,"ValueType":"System.Guid"},"Value":"00000000-0000-0000-0000-000000000000"},{"Key":{"Id":"ExecutionId","Label":"ExecutionId","Category":"","Description":"","Attributes":1,"ValueType":"System.Guid"},"Value":"00000000-0000-0000-0000-000000000000"},{"Key":{"Id":"InnerResultsCount","Label":"InnerResultsCount","Category":"","Description":"","Attributes":1,"ValueType":"System.Int32"},"Value":0}]}],"TestRunStatistics":{"ExecutedTests":36,"Stats":{"Passed":35,"Failed":1}},"ActiveTests":[]},"RunAttachments":[],"ExecutorUris":["executor://mstestadapter/v2"]}}
TpTrace Verbose: 0 : 22684, 4, 2024/02/25, 19:16:34.609, 2456724852446, testhost.dll, BaseRunTests.RunTests: Run is complete.
TpTrace Verbose: 0 : 22684, 10, 2024/02/25, 19:16:34.609, 2456724862317, testhost.dll, TcpClientExtensions.MessageLoopAsync: NotifyDataAvailable remoteEndPoint: [::ffff:127.0.0.1]:60502 localEndPoint: [::ffff:127.0.0.1]:60503
TpTrace Information: 0 : 22684, 10, 2024/02/25, 19:16:34.610, 2456724863849, testhost.dll, TestRequestHandler.OnMessageReceived: received message: (TestSession.Terminate) -> {"MessageType":"TestSession.Terminate","Payload":null}
TpTrace Information: 0 : 22684, 10, 2024/02/25, 19:16:34.610, 2456724864354, testhost.dll, Session End message received from server. Closing the connection.
TpTrace Information: 0 : 22684, 10, 2024/02/25, 19:16:34.610, 2456724870568, testhost.dll, SocketClient.Stop: Stop communication from server endpoint: 127.0.0.1:060502
TpTrace Information: 0 : 22684, 10, 2024/02/25, 19:16:34.610, 2456724871407, testhost.dll, SocketClient: Stop: Cancellation requested. Stopping message loop.
TpTrace Verbose: 0 : 22684, 10, 2024/02/25, 19:16:34.611, 2456724873773, testhost.dll, LengthPrefixCommunicationChannel.Dispose: Dispose reader and writer.
TpTrace Information: 0 : 22684, 10, 2024/02/25, 19:16:34.611, 2456724874574, testhost.dll, Closing the connection !
TpTrace Verbose: 0 : 22684, 10, 2024/02/25, 19:16:34.611, 2456724875147, testhost.dll, MulticastDelegateUtilities.SafeInvoke: LengthPrefixCommunicationChannel: MessageReceived: Invoking callback 1/1 for Microsoft.VisualStudio.TestPlatform.CommunicationUtilities.TestRequestHandler., took 1 ms.
TpTrace Information: 0 : 22684, 1, 2024/02/25, 19:16:34.611, 2456724876231, testhost.dll, Closing the connection!
TpTrace Information: 0 : 22684, 1, 2024/02/25, 19:16:34.611, 2456724878412, testhost.dll, Testhost process exiting.
TpTrace Information: 0 : 22684, 10, 2024/02/25, 19:16:34.611, 2456724878512, testhost.dll, SocketClient.PrivateStop: Stop communication from server endpoint: 127.0.0.1:060502, error:
TpTrace Verbose: 0 : 22684, 10, 2024/02/25, 19:16:34.612, 2456724882597, testhost.dll, LengthPrefixCommunicationChannel.Dispose: Dispose reader and writer.
TpTrace Verbose: 0 : 22684, 10, 2024/02/25, 19:16:34.612, 2456724884454, testhost.dll, TcpClientExtensions.MessageLoopAsync: exiting MessageLoopAsync remoteEndPoint: [::ffff:127.0.0.1]:60502 localEndPoint: [::ffff:127.0.0.1]:60503
